====================================
Running rhodmax with seed = 1
====================================
[rhodmax]
[rhodmax] Train Loss: 0.0758, Val Loss: 0.0956, Test Loss: 0.1302
[rhodmax] Train R^2 : 0.9242, Val R^2 : 0.9144, Test R^2 : 0.6326
[rhodmax] Train MAE : 0.0400, Val MAE : 0.0477, Test MAE : 0.0539
[rhodmax] Train RMSE: 0.0530, Val RMSE: 0.0595, Test RMSE: 0.0695

Model Parameters:

network.0.weight (shape: (4, 6)):
  [ -0.1673   -0.1562    0.0652    0.5255   -0.4697   -0.2466]
  [ -0.0500    0.6938   -0.2106    0.0841   -0.0393    0.3353]
  [ -0.1686   -0.0093    0.0507    0.4047   -1.1648    0.0749]
  [  0.2226   -0.4213    0.2420   -1.5153   -0.1499   -0.2121]

network.0.bias (shape: (4,)):
  [  0.1473    0.0903    0.2654   -0.7479]

network.2.weight (shape: (1, 4)):
  [ -0.8782    1.3018    0.8586    1.1922]

network.2.bias (shape: (1,)):
  [  0.0912]

====================================
Running rhodmax with seed = 7
====================================
[rhodmax]
[rhodmax] Train Loss: 0.0856, Val Loss: 0.1088, Test Loss: 0.0876
[rhodmax] Train R^2 : 0.9144, Val R^2 : 0.9027, Test R^2 : 0.7527
[rhodmax] Train MAE : 0.0446, Val MAE : 0.0500, Test MAE : 0.0450
[rhodmax] Train RMSE: 0.0563, Val RMSE: 0.0635, Test RMSE: 0.0570

Model Parameters:

network.0.weight (shape: (4, 6)):
  [ -0.3928    0.3370   -0.2018   -0.0141   -0.5834    0.3308]
  [ -0.0693   -0.1418    0.0636    0.0384    0.4618   -0.1635]
  [ -0.0969    0.2094   -0.3899   -0.2505    0.2355    0.1817]
  [  0.5207   -0.3869    0.3357   -1.5261    0.1505   -0.1413]

network.0.bias (shape: (4,)):
  [  0.7943    0.4011    0.4594   -1.1119]

network.2.weight (shape: (1, 4)):
  [  1.0605   -0.9667    0.8161    0.9244]

network.2.bias (shape: (1,)):
  [ -0.1347]

====================================
Running rhodmax with seed = 201
====================================
[rhodmax]
[rhodmax] Train Loss: 0.0983, Val Loss: 0.1190, Test Loss: 0.0729
[rhodmax] Train R^2 : 0.9017, Val R^2 : 0.8936, Test R^2 : 0.7944
[rhodmax] Train MAE : 0.0468, Val MAE : 0.0521, Test MAE : 0.0440
[rhodmax] Train RMSE: 0.0604, Val RMSE: 0.0664, Test RMSE: 0.0520

Model Parameters:

network.0.weight (shape: (4, 6)):
  [ -0.0417    0.4115   -0.3474    0.0371   -0.0613    0.3616]
  [  0.1944   -0.2872   -0.0878   -0.7894    0.1569   -0.1728]
  [  0.1089   -0.0506    0.0656   -0.2483   -0.3662    0.1416]
  [  0.4255   -0.3975    0.2441   -0.0845    0.9085   -0.2655]

network.0.bias (shape: (4,)):
  [ -0.2819   -0.2553   -0.3304   -0.9682]

network.2.weight (shape: (1, 4)):
  [  0.9317    0.7899    0.8719   -0.6053]

network.2.bias (shape: (1,)):
  [  0.1338]

====================================
Running rhodmax with seed = 202
====================================
[rhodmax]
[rhodmax] Train Loss: 0.0983, Val Loss: 0.1225, Test Loss: 0.0848
[rhodmax] Train R^2 : 0.9017, Val R^2 : 0.8904, Test R^2 : 0.7608
[rhodmax] Train MAE : 0.0472, Val MAE : 0.0528, Test MAE : 0.0477
[rhodmax] Train RMSE: 0.0604, Val RMSE: 0.0674, Test RMSE: 0.0561

Model Parameters:

network.0.weight (shape: (4, 6)):
  [ -0.1617    0.3553    0.0986    0.5871   -0.0658    0.0143]
  [ -0.0377   -0.5481    0.4460   -0.2115    0.0841   -0.3799]
  [  0.3661   -0.5792    0.2093    0.2376    0.4423   -0.4411]
  [  0.0341    0.1574    0.1860    0.1455    0.3504   -0.0470]

network.0.bias (shape: (4,)):
  [  0.4184    0.5650   -1.0841   -0.0275]

network.2.weight (shape: (1, 4)):
  [ -0.8024   -0.7186   -0.7357   -1.0379]

network.2.bias (shape: (1,)):
  [ -0.0513]

====================================
Running rhodmax with seed = 203
====================================
[rhodmax]
[rhodmax] Train Loss: 0.0921, Val Loss: 0.1204, Test Loss: 0.0818
[rhodmax] Train R^2 : 0.9079, Val R^2 : 0.8923, Test R^2 : 0.7691
[rhodmax] Train MAE : 0.0449, Val MAE : 0.0528, Test MAE : 0.0446
[rhodmax] Train RMSE: 0.0584, Val RMSE: 0.0668, Test RMSE: 0.0551

Model Parameters:

network.0.weight (shape: (4, 6)):
  [ -0.0651    0.4221   -0.3476    0.0961   -0.1321    0.3084]
  [ -0.3566    0.2302   -0.1246    0.7939   -0.2633    0.1195]
  [  0.0767    0.1467   -0.1259    1.0972    0.9659   -0.2715]
  [  0.3876   -0.2993    0.0212    0.1754    0.8845   -0.4072]

network.0.bias (shape: (4,)):
  [  0.0399    0.3793    0.6085   -1.0632]

network.2.weight (shape: (1, 4)):
  [  1.2515   -0.9346   -0.5356   -0.5796]

network.2.bias (shape: (1,)):
  [ -0.1111]

====================================
Running rhodmax with seed = 204
====================================
[rhodmax]
[rhodmax] Train Loss: 0.0984, Val Loss: 0.1108, Test Loss: 0.0948
[rhodmax] Train R^2 : 0.9016, Val R^2 : 0.9009, Test R^2 : 0.7325
[rhodmax] Train MAE : 0.0473, Val MAE : 0.0497, Test MAE : 0.0514
[rhodmax] Train RMSE: 0.0604, Val RMSE: 0.0641, Test RMSE: 0.0593

Model Parameters:

network.0.weight (shape: (4, 6)):
  [ -0.2488    0.5510   -0.1048   -0.1882   -0.5453    0.1644]
  [  0.3935    0.2510   -0.1994    0.0394    0.1451    0.3171]
  [  0.1068    0.0141    0.1660   -0.1501   -0.6156   -0.1349]
  [  0.0015   -0.3112    0.1661    0.3010   -0.0809   -0.4072]

network.0.bias (shape: (4,)):
  [  1.2790   -1.1091    0.0938   -0.0469]

network.2.weight (shape: (1, 4)):
  [  0.7260    0.7626    0.8906   -0.6413]

network.2.bias (shape: (1,)):
  [ -0.1313]

====================================
Running rhodmax with seed = 207
====================================
[rhodmax]
[rhodmax] Train Loss: 0.0799, Val Loss: 0.0960, Test Loss: 0.0636
[rhodmax] Train R^2 : 0.9201, Val R^2 : 0.9141, Test R^2 : 0.8205
[rhodmax] Train MAE : 0.0433, Val MAE : 0.0458, Test MAE : 0.0431
[rhodmax] Train RMSE: 0.0544, Val RMSE: 0.0597, Test RMSE: 0.0486

Model Parameters:

network.0.weight (shape: (4, 6)):
  [  0.1161   -0.1870    0.1179   -1.0766   -0.2765   -0.1807]
  [ -0.2414    0.0588   -0.0792   -0.0361   -0.6945    0.0508]
  [  0.2557   -0.0059   -0.6263    0.1401   -0.0291    0.3668]
  [ -0.1664    0.4023   -0.4279   -0.2659    0.1956    0.3976]

network.0.bias (shape: (4,)):
  [ -0.8395    0.7859   -1.6244    0.4393]

network.2.weight (shape: (1, 4)):
  [  1.0910    0.9067    0.9243    0.9885]

network.2.bias (shape: (1,)):
  [  0.3694]

====================================
Running rhodmax with seed = 307
====================================
[rhodmax]
[rhodmax] Train Loss: 0.0749, Val Loss: 0.0896, Test Loss: 0.1118
[rhodmax] Train R^2 : 0.9251, Val R^2 : 0.9199, Test R^2 : 0.6846
[rhodmax] Train MAE : 0.0405, Val MAE : 0.0464, Test MAE : 0.0449
[rhodmax] Train RMSE: 0.0527, Val RMSE: 0.0576, Test RMSE: 0.0644

Model Parameters:

network.0.weight (shape: (4, 6)):
  [ -0.3838    0.2196   -0.3362    2.0135   -0.0292    0.0893]
  [  0.2038    0.1866    0.1866   -0.3160    1.0083   -0.0797]
  [ -0.1217    0.3892   -0.4623    0.1043   -0.0344    0.2019]
  [ -0.0495    0.1184   -0.0222   -0.3899    0.0984    0.2471]

network.0.bias (shape: (4,)):
  [  1.1295   -0.1060   -0.0020    0.5581]

network.2.weight (shape: (1, 4)):
  [ -1.1569   -0.7367    1.2278    1.0293]

network.2.bias (shape: (1,)):
  [ -0.1438]

====================================
Running rhodmax with seed = 10
====================================
[rhodmax]
[rhodmax] Train Loss: 0.0876, Val Loss: 0.1140, Test Loss: 0.1353
[rhodmax] Train R^2 : 0.9124, Val R^2 : 0.8981, Test R^2 : 0.6182
[rhodmax] Train MAE : 0.0450, Val MAE : 0.0493, Test MAE : 0.0612
[rhodmax] Train RMSE: 0.0570, Val RMSE: 0.0650, Test RMSE: 0.0708

Model Parameters:

network.0.weight (shape: (4, 6)):
  [  0.0842   -0.3027   -0.0214    0.3406    0.0905   -0.2450]
  [  0.0642    0.6241    0.0053   -0.0318   -0.2873    0.1624]
  [  0.4185    0.3493   -0.1288    0.1970   -0.1790    0.3240]
  [  0.0078   -0.1025    0.0567   -1.0325   -0.5065   -0.2583]

network.0.bias (shape: (4,)):
  [ -0.8341    0.7655   -1.4960   -0.4651]

network.2.weight (shape: (1, 4)):
  [ -1.0475    0.6588    1.2060    0.6522]

network.2.bias (shape: (1,)):
  [ -0.0193]

====================================
Running rhodmax with seed = 70
====================================
[rhodmax]
[rhodmax] Train Loss: 0.0991, Val Loss: 0.1172, Test Loss: 0.1360
[rhodmax] Train R^2 : 0.9009, Val R^2 : 0.8951, Test R^2 : 0.6164
[rhodmax] Train MAE : 0.0468, Val MAE : 0.0508, Test MAE : 0.0606
[rhodmax] Train RMSE: 0.0606, Val RMSE: 0.0659, Test RMSE: 0.0710

Model Parameters:

network.0.weight (shape: (4, 6)):
  [  0.0467   -0.1901   -0.1354    0.0493    0.5068   -0.0921]
  [  0.1633    0.1943   -0.3392   -0.0150    0.0821    0.3078]
  [ -0.3131   -0.1063   -0.3738    0.3488    0.3169    0.1674]
  [  0.3106   -0.4235    0.4957    0.3850    0.0390   -0.3248]

network.0.bias (shape: (4,)):
  [ -0.3258   -0.7681    0.2425   -1.2437]

network.2.weight (shape: (1, 4)):
  [ -0.8210    1.0334   -0.7608   -0.7490]

network.2.bias (shape: (1,)):
  [ -0.1257]

====================================
Running rhodmax with seed = 2010
====================================
[rhodmax]
[rhodmax] Train Loss: 0.0674, Val Loss: 0.1022, Test Loss: 0.1468
[rhodmax] Train R^2 : 0.9326, Val R^2 : 0.9086, Test R^2 : 0.5858
[rhodmax] Train MAE : 0.0391, Val MAE : 0.0469, Test MAE : 0.0609
[rhodmax] Train RMSE: 0.0500, Val RMSE: 0.0616, Test RMSE: 0.0738

Model Parameters:

network.0.weight (shape: (4, 6)):
  [  0.1739   -0.1855    0.4479    0.1796    0.5996   -0.3807]
  [  0.3849    0.4806   -0.0648   -1.5005   -0.6784    0.2305]
  [  0.1198   -0.6400    0.2408   -1.4777    0.2760   -0.2724]
  [ -0.1450    1.1724   -0.5925    0.5911   -0.3267    0.6425]

network.0.bias (shape: (4,)):
  [ -0.9721   -2.5027   -0.3009   -0.4637]

network.2.weight (shape: (1, 4)):
  [ -1.2262    1.0726    0.7076    0.5672]

network.2.bias (shape: (1,)):
  [  0.2539]

====================================
Running rhodmax with seed = 2020
====================================
[rhodmax]
[rhodmax] Train Loss: 0.0932, Val Loss: 0.1124, Test Loss: 0.1529
[rhodmax] Train R^2 : 0.9068, Val R^2 : 0.8995, Test R^2 : 0.5685
[rhodmax] Train MAE : 0.0458, Val MAE : 0.0495, Test MAE : 0.0634
[rhodmax] Train RMSE: 0.0588, Val RMSE: 0.0645, Test RMSE: 0.0753

Model Parameters:

network.0.weight (shape: (4, 6)):
  [ -0.1914   -0.3706    0.2057   -0.0555    0.1662   -0.3907]
  [ -0.0998    0.0246    0.0211   -0.0787   -0.7512   -0.1044]
  [  0.3762   -0.0950    0.2535   -0.5217   -0.1956   -0.2026]
  [ -0.2844    0.3583   -0.3861   -0.2912   -0.0675    0.3605]

network.0.bias (shape: (4,)):
  [  1.0504    0.4944   -0.7393    0.9601]

network.2.weight (shape: (1, 4)):
  [ -0.8882    0.6211    0.7473    1.1739]

network.2.bias (shape: (1,)):
  [ -0.0620]

====================================
Running rhodmax with seed = 2030
====================================
[rhodmax]
[rhodmax] Train Loss: 0.0858, Val Loss: 0.0998, Test Loss: 0.1206
[rhodmax] Train R^2 : 0.9142, Val R^2 : 0.9107, Test R^2 : 0.6596
[rhodmax] Train MAE : 0.0428, Val MAE : 0.0473, Test MAE : 0.0569
[rhodmax] Train RMSE: 0.0564, Val RMSE: 0.0608, Test RMSE: 0.0669

Model Parameters:

network.0.weight (shape: (4, 6)):
  [  0.1354   -0.2126   -0.0905   -0.4812   -0.3082   -0.0895]
  [  0.0588   -0.2594   -0.1806    0.6194   -0.1596   -0.5063]
  [  0.1397   -0.4155    0.2072   -0.1245    0.7579    0.0670]
  [  0.1263    0.2133   -0.3908    0.3430   -0.2234    0.0977]

network.0.bias (shape: (4,)):
  [ -0.7288   -0.6282   -1.1537   -0.7633]

network.2.weight (shape: (1, 4)):
  [  1.0520   -0.9981   -0.8310    0.9085]

network.2.bias (shape: (1,)):
  [ -0.1121]

====================================
Running rhodmax with seed = 2040
====================================
[rhodmax]
[rhodmax] Train Loss: 0.0996, Val Loss: 0.1148, Test Loss: 0.0759
[rhodmax] Train R^2 : 0.9004, Val R^2 : 0.8973, Test R^2 : 0.7858
[rhodmax] Train MAE : 0.0464, Val MAE : 0.0513, Test MAE : 0.0439
[rhodmax] Train RMSE: 0.0608, Val RMSE: 0.0652, Test RMSE: 0.0530

Model Parameters:

network.0.weight (shape: (4, 6)):
  [  0.0160    0.5285   -0.2972   -0.1489    0.0746    0.4620]
  [  0.0620   -0.0565   -0.0499    0.0406    0.6699   -0.2008]
  [  0.2665   -0.6236    0.1725    0.0649    0.6586   -0.1592]
  [  0.3297   -0.1235    0.1802   -0.5351   -0.0503   -0.1101]

network.0.bias (shape: (4,)):
  [ -0.3157   -0.0205   -1.2601   -0.4295]

network.2.weight (shape: (1, 4)):
  [  0.8456   -0.6537   -0.5732    0.9580]

network.2.bias (shape: (1,)):
  [  0.0367]

====================================
Running rhodmax with seed = 2070
====================================
[rhodmax]
[rhodmax] Train Loss: 0.0590, Val Loss: 0.0715, Test Loss: 0.1021
[rhodmax] Train R^2 : 0.9410, Val R^2 : 0.9360, Test R^2 : 0.7120
[rhodmax] Train MAE : 0.0375, Val MAE : 0.0411, Test MAE : 0.0504
[rhodmax] Train RMSE: 0.0468, Val RMSE: 0.0515, Test RMSE: 0.0615

Model Parameters:

network.0.weight (shape: (4, 6)):
  [ -0.0618    0.6151   -0.3736    0.6596   -0.3895   -0.1375]
  [  0.2709   -0.0628    0.0331   -2.0780   -0.2993   -0.0334]
  [  0.1075   -0.0596   -0.2714    0.8879   -0.4490   -0.7577]
  [  0.0704   -0.6430   -0.0681    0.1748    0.7055   -0.1622]

network.0.bias (shape: (4,)):
  [ -0.6449   -1.5103   -0.4120   -1.3889]

network.2.weight (shape: (1, 4)):
  [  0.8047    1.6680   -0.7745   -0.8769]

network.2.bias (shape: (1,)):
  [  0.2965]

====================================
Running rhodmax with seed = 3070
====================================
[rhodmax]
[rhodmax] Train Loss: 0.0728, Val Loss: 0.0918, Test Loss: 0.0672
[rhodmax] Train R^2 : 0.9272, Val R^2 : 0.9179, Test R^2 : 0.8105
[rhodmax] Train MAE : 0.0418, Val MAE : 0.0457, Test MAE : 0.0418
[rhodmax] Train RMSE: 0.0520, Val RMSE: 0.0583, Test RMSE: 0.0499

Model Parameters:

network.0.weight (shape: (4, 6)):
  [  0.0944   -0.3466    0.1686   -1.8228   -0.4457   -0.2222]
  [ -0.3731   -0.2852    0.1702   -0.0811    0.1848   -0.2551]
  [  0.0576   -0.3434   -0.3100    0.1918    0.5783   -0.1924]
  [  0.1605   -0.2866    0.4839    0.1355   -0.1894   -0.2791]

network.0.bias (shape: (4,)):
  [ -1.1520    1.3905   -1.0742   -0.2792]

network.2.weight (shape: (1, 4)):
  [  1.0549   -0.9125   -0.9581   -1.2313]

network.2.bias (shape: (1,)):
  [  0.1311]

