====================================
Running wopt with seed = 30
====================================
[wopt]
[wopt] Train Loss: 0.0595, Val Loss: 0.1269, Test Loss: 0.0920
[wopt] Train R^2 : 0.9405, Val R^2 : 0.9081, Test R^2 : 0.7319
[wopt] Train MAE : 1.0931, Val MAE : 1.4023, Test MAE : 1.3131
[wopt] Train RMSE: 1.3274, Val RMSE: 1.9391, Test RMSE: 1.6510

Model Parameters:

network.0.weight (shape: (4, 6)):
  [ -0.2205    0.8558   -0.2493    0.0351   -0.0249    0.3172]
  [  0.4094    0.3700   -0.2586   -0.0405    0.4370    0.0339]
  [  0.0479   -0.0022   -0.1859   -0.0962    0.6858   -0.1126]
  [  0.4904   -0.6991    0.5566   -1.3185    0.1982   -0.3507]

network.0.bias (shape: (4,)):
  [  0.7297   -1.1185   -0.2642   -1.2340]

network.2.weight (shape: (1, 4)):
  [ -2.3167   -0.9672    1.4364   -1.6469]

network.2.bias (shape: (1,)):
  [ -0.1149]

====================================
Running wopt with seed = 31
====================================
[wopt]
[wopt] Train Loss: 0.0832, Val Loss: 0.1499, Test Loss: 0.0690
[wopt] Train R^2 : 0.9168, Val R^2 : 0.8914, Test R^2 : 0.7989
[wopt] Train MAE : 1.2438, Val MAE : 1.5849, Test MAE : 1.1694
[wopt] Train RMSE: 1.5698, Val RMSE: 2.1076, Test RMSE: 1.4301

Model Parameters:

network.0.weight (shape: (4, 6)):
  [ -0.2028   -0.0017   -0.2251   -0.1693   -0.6497    0.2538]
  [ -0.2516   -0.5561    0.3155   -0.3743   -0.1011   -0.1328]
  [  0.0975   -0.9291    0.3282    0.2077   -0.3485   -0.3934]
  [ -0.0910    0.6316   -0.0948    0.9135    0.4097    0.1242]

network.0.bias (shape: (4,)):
  [  1.0122    0.9097   -0.8432    0.6578]

network.2.weight (shape: (1, 4)):
  [ -1.1620    0.6974    1.0939    1.1006]

network.2.bias (shape: (1,)):
  [  0.5793]

====================================
Running wopt with seed = 32
====================================
[wopt]
[wopt] Train Loss: 0.0820, Val Loss: 0.1514, Test Loss: 0.0681
[wopt] Train R^2 : 0.9180, Val R^2 : 0.8904, Test R^2 : 0.8016
[wopt] Train MAE : 1.1955, Val MAE : 1.5585, Test MAE : 1.1264
[wopt] Train RMSE: 1.5584, Val RMSE: 2.1175, Test RMSE: 1.4203

Model Parameters:

network.0.weight (shape: (4, 6)):
  [ -0.2249    0.0674   -0.2349    0.1343   -0.6143    0.2130]
  [  0.4145   -0.7410    0.1369   -0.1318    0.6592   -0.0404]
  [  0.5266   -0.3339    0.4528   -1.0857    0.1358   -0.2156]
  [  0.1895   -0.4205    0.4287    0.0485   -0.0922   -0.3513]

network.0.bias (shape: (4,)):
  [  0.0613   -1.2706   -0.8147   -0.4273]

network.2.weight (shape: (1, 4)):
  [ -1.0024    0.7495   -1.4708    1.2870]

network.2.bias (shape: (1,)):
  [  0.3959]

====================================
Running wopt with seed = 33
====================================
[wopt]
[wopt] Train Loss: 0.0770, Val Loss: 0.1482, Test Loss: 0.0996
[wopt] Train R^2 : 0.9230, Val R^2 : 0.8927, Test R^2 : 0.7099
[wopt] Train MAE : 1.1873, Val MAE : 1.5444, Test MAE : 1.4301
[wopt] Train RMSE: 1.5104, Val RMSE: 2.0951, Test RMSE: 1.7175

Model Parameters:

network.0.weight (shape: (4, 6)):
  [ -0.2157   -0.4234    0.1555   -0.2705    0.1134   -0.0741]
  [  0.0454   -0.7807    0.5638    0.3641    0.0825   -0.2069]
  [ -0.3810   -0.0911   -0.2577    0.7171    0.3124   -0.1039]
  [ -0.0142   -0.4040   -0.2300    0.1592    0.5354   -0.3902]

network.0.bias (shape: (4,)):
  [  0.7347   -2.3819    0.7863   -0.9343]

network.2.weight (shape: (1, 4)):
  [  0.6291    1.5373    0.6872    1.0023]

network.2.bias (shape: (1,)):
  [  1.3553]

====================================
Running wopt with seed = 51
====================================
[wopt]
[wopt] Train Loss: 0.0897, Val Loss: 0.1476, Test Loss: 0.0800
[wopt] Train R^2 : 0.9103, Val R^2 : 0.8932, Test R^2 : 0.7670
[wopt] Train MAE : 1.2539, Val MAE : 1.5665, Test MAE : 1.2346
[wopt] Train RMSE: 1.6303, Val RMSE: 2.0907, Test RMSE: 1.5390

Model Parameters:

network.0.weight (shape: (4, 6)):
  [ -0.0979    0.5331   -0.2214   -0.2032    0.1597    0.2107]
  [  0.1191   -0.3446    0.3711   -0.8724   -0.6923   -0.0687]
  [  0.0041    0.0198   -0.1945   -0.1861   -0.8145    0.2679]
  [  0.3984    0.3919   -0.1769    0.2998   -0.0326    0.1546]

network.0.bias (shape: (4,)):
  [  0.7049   -0.7254    1.3900   -0.8943]

network.2.weight (shape: (1, 4)):
  [ -1.3687   -0.7780   -0.8669   -0.7659]

network.2.bias (shape: (1,)):
  [  0.6579]

====================================
Running wopt with seed = 70
====================================
[wopt]
[wopt] Train Loss: 0.0820, Val Loss: 0.1484, Test Loss: 0.0825
[wopt] Train R^2 : 0.9180, Val R^2 : 0.8926, Test R^2 : 0.7596
[wopt] Train MAE : 1.2188, Val MAE : 1.5461, Test MAE : 1.2883
[wopt] Train RMSE: 1.5586, Val RMSE: 2.0967, Test RMSE: 1.5634

Model Parameters:

network.0.weight (shape: (4, 6)):
  [  0.0110    0.3164   -0.4306    0.2619    0.0462    0.1968]
  [  0.0731   -0.2421   -0.0372    0.2461    0.6095   -0.2511]
  [ -0.3258    0.4500   -0.7041   -0.3402    0.1808    0.3219]
  [  0.2677   -0.1512    0.3664   -1.1051   -0.3783   -0.0664]

network.0.bias (shape: (4,)):
  [ -0.4325   -1.2698    1.3135   -0.6874]

network.2.weight (shape: (1, 4)):
  [ -1.0455    0.9767   -0.8843   -1.1085]

network.2.bias (shape: (1,)):
  [  0.7640]

====================================
Running wopt with seed = 90
====================================
[wopt]
[wopt] Train Loss: 0.0743, Val Loss: 0.1387, Test Loss: 0.0782
[wopt] Train R^2 : 0.9257, Val R^2 : 0.8996, Test R^2 : 0.7721
[wopt] Train MAE : 1.1421, Val MAE : 1.5031, Test MAE : 1.2268
[wopt] Train RMSE: 1.4836, Val RMSE: 2.0269, Test RMSE: 1.5222

Model Parameters:

network.0.weight (shape: (4, 6)):
  [  0.0034   -0.1747    0.0977    0.3955   -0.0516   -0.2729]
  [  0.0935    0.7020   -0.1469    0.5874   -0.3379    0.1209]
  [ -0.4415    0.9976   -0.5371   -0.0741   -0.5054    0.4008]
  [  0.2233   -0.4478    0.1165   -1.7613   -0.2234   -0.1203]

network.0.bias (shape: (4,)):
  [ -0.6182   -0.5737    2.0507   -0.9063]

network.2.weight (shape: (1, 4)):
  [  1.2533   -0.9366   -0.7544   -1.0298]

network.2.bias (shape: (1,)):
  [  0.7044]

====================================
Running wopt with seed = 99
====================================
[wopt]
[wopt] Train Loss: 0.0741, Val Loss: 0.1482, Test Loss: 0.0627
[wopt] Train R^2 : 0.9259, Val R^2 : 0.8927, Test R^2 : 0.8173
[wopt] Train MAE : 1.1988, Val MAE : 1.5326, Test MAE : 0.9927
[wopt] Train RMSE: 1.4812, Val RMSE: 2.0953, Test RMSE: 1.3629

Model Parameters:

network.0.weight (shape: (4, 6)):
  [ -0.1516    0.6285    0.1311    1.3083   -0.0253   -0.0594]
  [  0.4049   -0.6855    0.6720    0.2548    0.0644   -0.5594]
  [  0.0532    0.7591   -0.0285    0.4990   -0.3079    0.0671]
  [ -0.2938    0.1693   -0.2774   -0.3908   -0.6642    0.5038]

network.0.bias (shape: (4,)):
  [  0.6293   -1.6422   -0.4661    1.1196]

network.2.weight (shape: (1, 4)):
  [  1.3121    0.9131   -1.1386   -0.7275]

network.2.bias (shape: (1,)):
  [  0.5132]

====================================
Running wopt with seed = 300
====================================
[wopt]
[wopt] Train Loss: 0.0736, Val Loss: 0.1359, Test Loss: 0.1557
[wopt] Train R^2 : 0.9264, Val R^2 : 0.9016, Test R^2 : 0.5464
[wopt] Train MAE : 1.1597, Val MAE : 1.4875, Test MAE : 1.7260
[wopt] Train RMSE: 1.4767, Val RMSE: 2.0061, Test RMSE: 2.1476

Model Parameters:

network.0.weight (shape: (4, 6)):
  [ -0.2168    0.5288   -0.2227   -0.0308   -0.4488    0.2786]
  [  0.1785   -0.5669    0.3006   -0.1328   -0.0122   -0.2293]
  [  0.4614   -0.6512    0.2965   -1.3919    0.3377   -0.2493]
  [ -0.1164    0.0690   -0.0699   -0.0142    0.6894   -0.1487]

network.0.bias (shape: (4,)):
  [  1.1345   -0.0505   -0.8983    0.1596]

network.2.weight (shape: (1, 4)):
  [ -1.1317    1.4415   -1.2040    0.9867]

network.2.bias (shape: (1,)):
  [  0.2852]

====================================
Running wopt with seed = 310
====================================
[wopt]
[wopt] Train Loss: 0.0731, Val Loss: 0.1279, Test Loss: 0.1131
[wopt] Train R^2 : 0.9269, Val R^2 : 0.9074, Test R^2 : 0.6706
[wopt] Train MAE : 1.1261, Val MAE : 1.4524, Test MAE : 1.4649
[wopt] Train RMSE: 1.4718, Val RMSE: 1.9467, Test RMSE: 1.8302

Model Parameters:

network.0.weight (shape: (4, 6)):
  [  0.1380   -1.5418    0.3768    0.1514   -0.5081   -0.6305]
  [ -0.2774   -0.3277    0.1533   -0.1947    0.5127   -0.1927]
  [ -0.2738    0.5021   -0.7327    2.3301    0.0947    0.3527]
  [ -0.0713   -0.4809    0.0500    0.0491    0.4404   -0.2551]

network.0.bias (shape: (4,)):
  [ -0.8225    1.2175    1.4983   -1.0538]

network.2.weight (shape: (1, 4)):
  [  0.7486    1.1074    1.0941    1.5374]

network.2.bias (shape: (1,)):
  [  0.0349]

====================================
Running wopt with seed = 320
====================================
[wopt]
[wopt] Train Loss: 0.0948, Val Loss: 0.1530, Test Loss: 0.1099
[wopt] Train R^2 : 0.9052, Val R^2 : 0.8892, Test R^2 : 0.6797
[wopt] Train MAE : 1.2488, Val MAE : 1.5511, Test MAE : 1.5978
[wopt] Train RMSE: 1.6759, Val RMSE: 2.1289, Test RMSE: 1.8046

Model Parameters:

network.0.weight (shape: (4, 6)):
  [  0.1564    0.0753    0.3015    0.4348   -0.0257   -0.4828]
  [  0.0996    0.6102   -0.4535    0.6724   -0.2943    0.1127]
  [  0.2154   -0.1356    0.0730   -0.4931   -0.3120   -0.0305]
  [ -0.0175   -0.7685    0.1462    0.1694    0.5023   -0.2335]

network.0.bias (shape: (4,)):
  [ -0.3802   -0.9134   -0.3509   -1.6098]

network.2.weight (shape: (1, 4)):
  [  0.5717   -0.6480   -0.9663    1.0351]

network.2.bias (shape: (1,)):
  [  0.4943]

====================================
Running wopt with seed = 330
====================================
[wopt]
[wopt] Train Loss: 0.0755, Val Loss: 0.1592, Test Loss: 0.2904
[wopt] Train R^2 : 0.9245, Val R^2 : 0.8848, Test R^2 : 0.1540
[wopt] Train MAE : 1.2004, Val MAE : 1.6252, Test MAE : 2.5782
[wopt] Train RMSE: 1.4955, Val RMSE: 2.1713, Test RMSE: 2.9328

Model Parameters:

network.0.weight (shape: (4, 6)):
  [ -0.1314   -0.2461   -0.1211   -0.0699    0.5326   -0.5343]
  [ -0.4499   -0.4219    0.4997   -0.1437    1.1784    1.3795]
  [ -0.6051    0.9794   -0.5150    0.9546    0.0551    0.4192]
  [ -0.3054    0.7597   -0.4314   -0.2050    0.2492    0.3167]

network.0.bias (shape: (4,)):
  [  0.0338   -1.7873    1.1109    0.6221]

network.2.weight (shape: (1, 4)):
  [  1.2697    0.6427    0.9520   -1.3238]

network.2.bias (shape: (1,)):
  [  0.4132]

====================================
Running wopt with seed = 510
====================================
[wopt]
[wopt] Train Loss: 0.0674, Val Loss: 0.1457, Test Loss: 0.1252
[wopt] Train R^2 : 0.9326, Val R^2 : 0.8945, Test R^2 : 0.6353
[wopt] Train MAE : 1.1079, Val MAE : 1.5491, Test MAE : 1.5802
[wopt] Train RMSE: 1.4131, Val RMSE: 2.0775, Test RMSE: 1.9257

Model Parameters:

network.0.weight (shape: (4, 6)):
  [  0.1202    0.2661   -0.2065    0.1468   -0.1831    0.3649]
  [  0.3388    0.2039   -0.1314   -0.3390   -0.1136   -0.5373]
  [  0.4577   -0.8473    0.5142    0.3415    0.1887   -0.3120]
  [  0.0473   -0.3012    0.1259   -1.9350   -0.3005   -0.1987]

network.0.bias (shape: (4,)):
  [ -0.5283    0.3347   -2.2177   -1.1097]

network.2.weight (shape: (1, 4)):
  [ -1.3433   -0.4574    1.5645   -0.8214]

network.2.bias (shape: (1,)):
  [  0.7565]

====================================
Running wopt with seed = 700
====================================
[wopt]
[wopt] Train Loss: 0.0907, Val Loss: 0.1532, Test Loss: 0.1437
[wopt] Train R^2 : 0.9093, Val R^2 : 0.8891, Test R^2 : 0.5813
[wopt] Train MAE : 1.2482, Val MAE : 1.5719, Test MAE : 1.6139
[wopt] Train RMSE: 1.6393, Val RMSE: 2.1303, Test RMSE: 2.0633

Model Parameters:

network.0.weight (shape: (4, 6)):
  [  0.0226   -0.2829    0.0717   -0.2407   -0.6826    0.0014]
  [  0.0815    0.2188   -0.2221   -0.3344    0.0516    0.2340]
  [ -0.1635    0.5470   -0.4791   -0.2158   -0.4237    0.3050]
  [ -0.3704   -0.7632    0.2585   -0.8291    0.1370   -0.2019]

network.0.bias (shape: (4,)):
  [  0.0369    0.3683    1.7583    1.3865]

network.2.weight (shape: (1, 4)):
  [ -0.8277   -1.0119   -0.8584    0.6276]

network.2.bias (shape: (1,)):
  [  0.6614]

====================================
Running wopt with seed = 900
====================================
[wopt]
[wopt] Train Loss: 0.0836, Val Loss: 0.1549, Test Loss: 0.2854
[wopt] Train R^2 : 0.9164, Val R^2 : 0.8878, Test R^2 : 0.1684
[wopt] Train MAE : 1.2487, Val MAE : 1.6110, Test MAE : 2.5069
[wopt] Train RMSE: 1.5737, Val RMSE: 2.1422, Test RMSE: 2.9078

Model Parameters:

network.0.weight (shape: (4, 6)):
  [ -0.1936   -0.1170    0.2709   -0.1464   -0.6216    0.3782]
  [  0.0483   -0.4453    0.6738    0.2093   -0.1759   -0.2711]
  [ -0.0208    0.2287    0.2871   -0.4259   -0.8772   -1.0340]
  [ -0.4030   -0.3231    0.5048   -0.2706   -0.3737   -0.1524]

network.0.bias (shape: (4,)):
  [  0.0151   -0.9329    1.1725    1.0740]

network.2.weight (shape: (1, 4)):
  [ -1.2975    1.0246   -0.8254    1.2662]

network.2.bias (shape: (1,)):
  [  0.3207]

====================================
Running wopt with seed = 990
====================================
[wopt]
[wopt] Train Loss: 0.0790, Val Loss: 0.1444, Test Loss: 0.1177
[wopt] Train R^2 : 0.9210, Val R^2 : 0.8955, Test R^2 : 0.6572
[wopt] Train MAE : 1.2108, Val MAE : 1.5331, Test MAE : 1.6149
[wopt] Train RMSE: 1.5299, Val RMSE: 2.0679, Test RMSE: 1.8669

Model Parameters:

network.0.weight (shape: (4, 6)):
  [ -0.3466   -0.0963   -0.3677    0.7015    0.1630   -0.0283]
  [ -0.0853    0.3595   -0.7677    0.7922   -0.3830    0.2476]
  [ -0.2139    0.5080   -0.4793    0.2386   -0.8231    0.0356]
  [  0.2462   -0.1755    0.5491    0.4560    0.1169   -0.4195]

network.0.bias (shape: (4,)):
  [  0.2952   -0.8475    1.3912   -1.5551]

network.2.weight (shape: (1, 4)):
  [  1.0511   -0.6587   -0.5925    1.2905]

network.2.bias (shape: (1,)):
  [  1.0732]

