====================================
Running rhodmax with seed = 1
====================================
[rhodmax]
[rhodmax] Train Loss: 0.0682, Val Loss: 0.0887, Test Loss: 0.0937
[rhodmax] Train R^2 : 0.9318, Val R^2 : 0.9207, Test R^2 : 0.7356
[rhodmax] Train MAE : 0.0400, Val MAE : 0.0462, Test MAE : 0.0467
[rhodmax] Train RMSE: 0.0503, Val RMSE: 0.0573, Test RMSE: 0.0589

Model Parameters:

network.0.weight (shape: (5, 6)):
  [ -0.0049   -0.6517    0.2954   -0.1421   -0.0345   -0.3564]
  [ -0.1135    0.2792    0.0361   -0.0934   -0.3880    0.1876]
  [ -0.2339   -0.1743    0.2316   -0.3910    0.5166   -0.4274]
  [  0.1405   -0.2578    0.1636   -2.8430   -0.3215   -0.2221]
  [ -0.0646    0.1737    0.1272    0.4643   -0.2518    0.1564]

network.0.bias (shape: (5,)):
  [  0.0880    0.6750    1.3560   -1.4795   -0.1085]

network.2.weight (shape: (1, 5)):
  [ -0.7353    1.1040   -0.7716    0.8553   -0.7299]

network.2.bias (shape: (1,)):
  [  0.1649]

====================================
Running rhodmax with seed = 7
====================================
[rhodmax]
[rhodmax] Train Loss: 0.0722, Val Loss: 0.0899, Test Loss: 0.1137
[rhodmax] Train R^2 : 0.9278, Val R^2 : 0.9196, Test R^2 : 0.6791
[rhodmax] Train MAE : 0.0390, Val MAE : 0.0456, Test MAE : 0.0498
[rhodmax] Train RMSE: 0.0517, Val RMSE: 0.0577, Test RMSE: 0.0649

Model Parameters:

network.0.weight (shape: (5, 6)):
  [  0.0193   -0.0395    0.0010    0.0182   -0.5983    0.0314]
  [ -0.6094    0.3905   -0.2372    1.9529   -0.4409    0.1365]
  [ -0.0402   -0.7515    0.2684   -0.3578    0.0893    0.0998]
  [  0.4109   -0.5689    0.4174    0.0165    0.6738   -0.2458]
  [  0.3312    0.0502    0.2222    0.6198   -0.1765   -0.8660]

network.0.bias (shape: (5,)):
  [ -0.0314    1.1976    0.5783   -1.1016   -0.2299]

network.2.weight (shape: (1, 5)):
  [  1.0783   -0.8313   -0.7042   -0.6990   -0.6438]

network.2.bias (shape: (1,)):
  [  0.0840]

====================================
Running rhodmax with seed = 201
====================================
[rhodmax]
[rhodmax] Train Loss: 0.0812, Val Loss: 0.0971, Test Loss: 0.1957
[rhodmax] Train R^2 : 0.9188, Val R^2 : 0.9131, Test R^2 : 0.4480
[rhodmax] Train MAE : 0.0418, Val MAE : 0.0472, Test MAE : 0.0719
[rhodmax] Train RMSE: 0.0549, Val RMSE: 0.0600, Test RMSE: 0.0852

Model Parameters:

network.0.weight (shape: (5, 6)):
  [ -0.4531   -0.2162    0.1838   -0.2130    0.0971   -0.2582]
  [ -0.0180   -0.2140   -0.0779   -0.1250    0.6341    0.1849]
  [  0.0139   -0.4317    0.2936    0.0481   -0.0872   -0.2116]
  [ -0.2466    0.4911   -0.2370    0.4120    0.6002    0.5386]
  [ -0.2805    0.0341   -0.1886   -0.6075    0.1151    0.6107]

network.0.bias (shape: (5,)):
  [  1.4095   -0.6687   -0.2176    0.5510    0.3497]

network.2.weight (shape: (1, 5)):
  [ -0.8145   -0.9251   -0.8829   -0.6239    0.8217]

network.2.bias (shape: (1,)):
  [ -0.0866]

====================================
Running rhodmax with seed = 202
====================================
[rhodmax]
[rhodmax] Train Loss: 0.0931, Val Loss: 0.1233, Test Loss: 0.0858
[rhodmax] Train R^2 : 0.9069, Val R^2 : 0.8897, Test R^2 : 0.7580
[rhodmax] Train MAE : 0.0453, Val MAE : 0.0533, Test MAE : 0.0477
[rhodmax] Train RMSE: 0.0587, Val RMSE: 0.0676, Test RMSE: 0.0564

Model Parameters:

network.0.weight (shape: (5, 6)):
  [ -0.1660    0.5571    0.0641   -0.0375   -0.4985    0.2660]
  [ -0.0624   -0.0025    0.0058   -0.0766   -0.4361    0.3221]
  [ -0.0185    0.5071   -0.3646    0.1346    0.0705    0.2936]
  [ -0.1913    0.5273    0.1129    0.4899   -0.1581    0.1364]
  [  0.0165   -0.2111   -0.0551   -0.3999   -0.3136   -0.0757]

network.0.bias (shape: (5,)):
  [  0.6019   -0.1485   -0.1838    0.4314   -0.0982]

network.2.weight (shape: (1, 5)):
  [  0.9129    0.4877    1.0063   -1.0474    0.6881]

network.2.bias (shape: (1,)):
  [  0.1134]

====================================
Running rhodmax with seed = 203
====================================
[rhodmax]
[rhodmax] Train Loss: 0.0837, Val Loss: 0.1016, Test Loss: 0.0715
[rhodmax] Train R^2 : 0.9163, Val R^2 : 0.9091, Test R^2 : 0.7983
[rhodmax] Train MAE : 0.0428, Val MAE : 0.0469, Test MAE : 0.0433
[rhodmax] Train RMSE: 0.0557, Val RMSE: 0.0614, Test RMSE: 0.0515

Model Parameters:

network.0.weight (shape: (5, 6)):
  [ -0.5544   -0.1555    0.2875   -0.1815   -0.3705   -0.2857]
  [  0.0587   -0.1568    0.1635    0.8238   -0.1732   -0.6636]
  [  0.0544    0.0160    0.0601    0.3778    0.3755    0.3697]
  [  0.0352   -0.4689    0.4009    0.6594    0.5977    0.2058]
  [  0.2625   -0.0494    0.3319   -0.2747    0.7117    0.0053]

network.0.bias (shape: (5,)):
  [  1.4835   -0.4787   -0.8318   -0.0115   -0.3864]

network.2.weight (shape: (1, 5)):
  [ -1.1630   -0.8389   -0.7984    0.2192   -1.2261]

network.2.bias (shape: (1,)):
  [ -0.2525]

====================================
Running rhodmax with seed = 204
====================================
[rhodmax]
[rhodmax] Train Loss: 0.0841, Val Loss: 0.1016, Test Loss: 0.0717
[rhodmax] Train R^2 : 0.9159, Val R^2 : 0.9091, Test R^2 : 0.7976
[rhodmax] Train MAE : 0.0433, Val MAE : 0.0463, Test MAE : 0.0451
[rhodmax] Train RMSE: 0.0558, Val RMSE: 0.0614, Test RMSE: 0.0516

Model Parameters:

network.0.weight (shape: (5, 6)):
  [ -0.0340    0.0499    0.1558    0.4119   -0.0862    0.0375]
  [  0.6284    0.3500   -0.3630    0.5907    0.1358    0.3349]
  [  0.0174    0.1089    0.1219    0.1317   -0.6749   -0.0341]
  [ -0.3055    0.5024   -0.3617   -0.0239   -0.8617    0.0616]
  [ -0.1394    0.1849   -0.2236   -0.5026    0.0649    0.5757]

network.0.bias (shape: (5,)):
  [ -0.0400   -1.8205    0.1181    1.7062    0.2085]

network.2.weight (shape: (1, 5)):
  [ -0.8995    0.7317    0.8963    0.5014    0.6416]

network.2.bias (shape: (1,)):
  [ -0.1039]

====================================
Running rhodmax with seed = 207
====================================
[rhodmax]
[rhodmax] Train Loss: 0.0928, Val Loss: 0.1129, Test Loss: 0.1119
[rhodmax] Train R^2 : 0.9072, Val R^2 : 0.8990, Test R^2 : 0.6844
[rhodmax] Train MAE : 0.0454, Val MAE : 0.0514, Test MAE : 0.0534
[rhodmax] Train RMSE: 0.0587, Val RMSE: 0.0647, Test RMSE: 0.0644

Model Parameters:

network.0.weight (shape: (5, 6)):
  [  0.2539   -0.3313    0.1797   -0.7461    0.0576   -0.2808]
  [ -0.0088   -0.2554    0.1352    0.0202   -0.7430   -0.0049]
  [ -0.0596   -0.1415   -0.4293   -0.1626   -0.0139    0.2405]
  [  0.2043   -0.2658   -0.0538   -0.1190    0.8132   -0.1408]
  [ -0.0470    0.5103   -0.3528    0.0085    0.1003    0.3120]

network.0.bias (shape: (5,)):
  [ -0.1873   -0.2847   -0.3904   -0.6336   -0.0744]

network.2.weight (shape: (1, 5)):
  [  0.8612    0.5926    0.8244   -0.5995    1.1669]

network.2.bias (shape: (1,)):
  [  0.2026]

====================================
Running rhodmax with seed = 307
====================================
[rhodmax]
[rhodmax] Train Loss: 0.0900, Val Loss: 0.1193, Test Loss: 0.1132
[rhodmax] Train R^2 : 0.9100, Val R^2 : 0.8933, Test R^2 : 0.6806
[rhodmax] Train MAE : 0.0440, Val MAE : 0.0513, Test MAE : 0.0542
[rhodmax] Train RMSE: 0.0578, Val RMSE: 0.0665, Test RMSE: 0.0648

Model Parameters:

network.0.weight (shape: (5, 6)):
  [ -0.1337    0.3397   -0.4892    0.2234   -0.2301    0.2432]
  [  0.3756   -0.2302    0.2468   -0.5950    0.1775   -0.2438]
  [  0.2750   -0.2902   -0.0939    0.2540    0.6239   -0.5804]
  [  0.0622    0.4636   -0.2713   -0.2815   -0.1605    0.0027]
  [ -0.1354    0.2725    0.2976    0.3536    0.2475   -0.0932]

network.0.bias (shape: (5,)):
  [ -0.2241   -0.3541   -0.5847    1.3582    0.9209]

network.2.weight (shape: (1, 5)):
  [  0.8147    0.6669   -0.7861    0.6046   -0.7740]

network.2.bias (shape: (1,)):
  [ -0.0190]

====================================
Running rhodmax with seed = 10
====================================
[rhodmax]
[rhodmax] Train Loss: 0.0655, Val Loss: 0.0844, Test Loss: 0.0450
[rhodmax] Train R^2 : 0.9345, Val R^2 : 0.9245, Test R^2 : 0.8732
[rhodmax] Train MAE : 0.0381, Val MAE : 0.0449, Test MAE : 0.0351
[rhodmax] Train RMSE: 0.0493, Val RMSE: 0.0559, Test RMSE: 0.0408

Model Parameters:

network.0.weight (shape: (5, 6)):
  [ -0.4520   -0.2544    0.1653    0.3496   -0.5026   -0.1735]
  [  0.0002    0.5917    0.0223   -0.0917   -0.0589    0.2223]
  [  0.2424   -1.0701    0.8367   -0.3340    0.1830   -0.8673]
  [  0.0740   -0.4185    0.2397   -1.9471   -0.0720   -0.2176]
  [ -0.5544   -0.4561   -0.2049    0.5904   -1.9254    0.1759]

network.0.bias (shape: (5,)):
  [  1.0594    0.5460    0.4152   -0.6659    0.5711]

network.2.weight (shape: (1, 5)):
  [ -1.0552    1.0989   -0.5031    0.9874    0.5786]

network.2.bias (shape: (1,)):
  [  0.1708]

====================================
Running rhodmax with seed = 70
====================================
[rhodmax]
[rhodmax] Train Loss: 0.0865, Val Loss: 0.1069, Test Loss: 0.0769
[rhodmax] Train R^2 : 0.9135, Val R^2 : 0.9044, Test R^2 : 0.7830
[rhodmax] Train MAE : 0.0449, Val MAE : 0.0475, Test MAE : 0.0481
[rhodmax] Train RMSE: 0.0566, Val RMSE: 0.0630, Test RMSE: 0.0534

Model Parameters:

network.0.weight (shape: (5, 6)):
  [  0.1327   -0.3768   -0.0349    0.1227    0.4038   -0.1331]
  [  0.0562   -0.0501   -0.1560   -0.0443    0.6948   -0.0068]
  [ -0.2754   -0.1530   -0.3442    0.3973    0.0516    0.1013]
  [  0.1895   -0.2756    0.4750    0.2547   -0.1626   -0.3405]
  [ -0.6399   -0.4570    0.1497   -0.1848   -0.2602   -0.3869]

network.0.bias (shape: (5,)):
  [ -0.7042   -0.2885    0.2594   -0.5331    1.6856]

network.2.weight (shape: (1, 5)):
  [ -0.5779   -0.8252   -0.7975   -0.8239   -0.8217]

network.2.bias (shape: (1,)):
  [ -0.0241]

====================================
Running rhodmax with seed = 2010
====================================
[rhodmax]
[rhodmax] Train Loss: 0.1035, Val Loss: 0.1192, Test Loss: 0.1030
[rhodmax] Train R^2 : 0.8965, Val R^2 : 0.8934, Test R^2 : 0.7095
[rhodmax] Train MAE : 0.0479, Val MAE : 0.0523, Test MAE : 0.0533
[rhodmax] Train RMSE: 0.0619, Val RMSE: 0.0665, Test RMSE: 0.0618

Model Parameters:

network.0.weight (shape: (5, 6)):
  [  0.1625    0.2214    0.2227    0.2419    0.7071    0.1385]
  [  0.4492    0.0077    0.1916   -0.4263    0.1079    0.0450]
  [ -0.0170   -0.1691   -0.0501    0.0550    0.4137   -0.4917]
  [  0.0576    0.8979   -0.5301    0.0190    0.0615    0.5850]
  [ -0.1879    0.3555   -0.3555   -0.1451   -0.4446    0.1589]

network.0.bias (shape: (5,)):
  [ -0.3764   -0.7046    0.1824   -0.6945    1.0667]

network.2.weight (shape: (1, 5)):
  [ -0.6090    0.6504   -0.4682    0.4261    0.6389]

network.2.bias (shape: (1,)):
  [ -0.0390]

====================================
Running rhodmax with seed = 2020
====================================
[rhodmax]
[rhodmax] Train Loss: 0.0713, Val Loss: 0.0932, Test Loss: 0.0559
[rhodmax] Train R^2 : 0.9287, Val R^2 : 0.9166, Test R^2 : 0.8422
[rhodmax] Train MAE : 0.0399, Val MAE : 0.0483, Test MAE : 0.0379
[rhodmax] Train RMSE: 0.0514, Val RMSE: 0.0588, Test RMSE: 0.0455

Model Parameters:

network.0.weight (shape: (5, 6)):
  [ -0.0420   -0.8001    0.2560   -0.1961    0.0732   -0.4748]
  [ -0.1671    0.5186   -0.2197   -0.3180   -0.1168    0.1845]
  [  0.0360    0.4646    0.1842    1.7474    0.3074    0.0901]
  [  0.1532   -0.2267   -0.4323   -0.4900    0.4159    0.0149]
  [ -0.2389   -0.2040    0.0893    0.2211   -1.0588    0.2137]

network.0.bias (shape: (5,)):
  [  0.3865    1.3266    1.0706   -0.5253    0.5445]

network.2.weight (shape: (1, 5)):
  [ -0.7739    0.9709   -0.8722    0.8144    0.6570]

network.2.bias (shape: (1,)):
  [ -0.1866]

====================================
Running rhodmax with seed = 2030
====================================
[rhodmax]
[rhodmax] Train Loss: 0.0855, Val Loss: 0.1022, Test Loss: 0.0734
[rhodmax] Train R^2 : 0.9145, Val R^2 : 0.9086, Test R^2 : 0.7928
[rhodmax] Train MAE : 0.0438, Val MAE : 0.0494, Test MAE : 0.0411
[rhodmax] Train RMSE: 0.0563, Val RMSE: 0.0615, Test RMSE: 0.0522

Model Parameters:

network.0.weight (shape: (5, 6)):
  [  0.0403   -0.5035    0.1487    0.1058   -0.0759   -0.2957]
  [ -0.1646   -0.1249   -0.1727    0.0598   -0.7555    0.0970]
  [  0.2624   -0.2738    0.1032   -0.9284   -0.0295   -0.1146]
  [ -0.3718    0.2482   -0.1587   -0.0732   -0.5811    0.2096]
  [  0.1546   -0.0611   -0.3724   -0.1301    0.1197    0.2593]

network.0.bias (shape: (5,)):
  [ -0.1014   -0.0479   -0.8349    0.9069   -0.7282]

network.2.weight (shape: (1, 5)):
  [ -1.0841    0.5531    1.3431    0.6907    0.3449]

network.2.bias (shape: (1,)):
  [  0.3269]

====================================
Running rhodmax with seed = 2040
====================================
[rhodmax]
[rhodmax] Train Loss: 0.0796, Val Loss: 0.0988, Test Loss: 0.0690
[rhodmax] Train R^2 : 0.9204, Val R^2 : 0.9116, Test R^2 : 0.8053
[rhodmax] Train MAE : 0.0419, Val MAE : 0.0480, Test MAE : 0.0452
[rhodmax] Train RMSE: 0.0543, Val RMSE: 0.0605, Test RMSE: 0.0506

Model Parameters:

network.0.weight (shape: (5, 6)):
  [ -0.1088    0.6159   -0.2869   -0.1396    0.0944    0.4001]
  [  0.0241   -0.0045   -0.0657   -0.4822   -0.0083   -0.3807]
  [  0.1701   -0.4388    0.1599   -0.7829   -0.2009   -0.1399]
  [  0.2793    0.1297    0.0936   -0.2045    1.0653   -0.1099]
  [  0.2675    0.1113   -0.4741    0.0134    0.0627    0.4090]

network.0.bias (shape: (5,)):
  [  0.3548    0.3174   -0.7051   -0.4649   -1.3293]

network.2.weight (shape: (1, 5)):
  [  1.2404    0.3935    0.9981   -0.6520    0.7463]

network.2.bias (shape: (1,)):
  [  0.2911]

====================================
Running rhodmax with seed = 2070
====================================
[rhodmax]
[rhodmax] Train Loss: 0.0778, Val Loss: 0.0945, Test Loss: 0.0663
[rhodmax] Train R^2 : 0.9222, Val R^2 : 0.9155, Test R^2 : 0.8131
[rhodmax] Train MAE : 0.0416, Val MAE : 0.0477, Test MAE : 0.0366
[rhodmax] Train RMSE: 0.0537, Val RMSE: 0.0592, Test RMSE: 0.0496

Model Parameters:

network.0.weight (shape: (5, 6)):
  [ -0.2216    0.0826   -0.0240    0.5155   -0.1772    0.0729]
  [  0.1575   -0.7020    0.4828   -0.0477    0.0434   -0.4249]
  [ -0.1604   -0.4540    0.1277    0.3918   -0.3150   -0.5885]
  [ -0.3332    0.2489   -0.4372    2.6939    0.2143    0.2134]
  [  0.0807   -0.2456   -0.1667   -0.1739    0.7286   -0.1040]

network.0.bias (shape: (5,)):
  [  0.2025   -0.1258    0.5822    1.3280   -0.3257]

network.2.weight (shape: (1, 5)):
  [ -0.6903   -0.7571   -0.5192   -0.7761   -0.9249]

network.2.bias (shape: (1,)):
  [  0.1945]

====================================
Running rhodmax with seed = 3070
====================================
[rhodmax]
[rhodmax] Train Loss: 0.0637, Val Loss: 0.0945, Test Loss: 0.0725
[rhodmax] Train R^2 : 0.9363, Val R^2 : 0.9154, Test R^2 : 0.7955
[rhodmax] Train MAE : 0.0389, Val MAE : 0.0457, Test MAE : 0.0413
[rhodmax] Train RMSE: 0.0486, Val RMSE: 0.0592, Test RMSE: 0.0518

Model Parameters:

network.0.weight (shape: (5, 6)):
  [  0.3185    0.0964   -0.2266   -0.5569   -0.1768    0.1540]
  [  0.1308   -0.2033   -0.0753    0.3424    0.4216   -0.4396]
  [ -0.4234    0.2965   -0.5288   -0.6824   -0.1661    0.2349]
  [  0.1188   -0.2698    0.5171   -0.1660   -0.0019   -0.2368]
  [  0.0856   -0.1359    0.3216   -2.7957   -0.3863   -0.1765]

network.0.bias (shape: (5,)):
  [ -1.6044   -0.7679    2.2237    0.0339   -1.4195]

network.2.weight (shape: (1, 5)):
  [  1.1346   -0.5548    0.8700   -0.8717    0.7688]

network.2.bias (shape: (1,)):
  [  0.0406]

