====================================
Running wopt with seed = 30
====================================
[wopt]
[wopt] Train Loss: 0.0637, Val Loss: 0.1330, Test Loss: 0.0854
[wopt] Train R^2 : 0.9363, Val R^2 : 0.9037, Test R^2 : 0.7513
[wopt] Train MAE : 1.0855, Val MAE : 1.4336, Test MAE : 1.1952
[wopt] Train RMSE: 1.3740, Val RMSE: 1.9853, Test RMSE: 1.5902

Model Parameters:

network.0.weight (shape: (5, 6)):
  [ -0.1393    0.4294   -0.0336    1.9778    0.2785   -0.1332]
  [ -0.0018    0.5824   -0.2922    0.5925   -0.2374    0.0208]
  [  0.3547   -0.3623   -0.0909   -0.7393    0.4325   -0.2151]
  [ -0.1761    0.3638    0.1271   -0.3205   -0.3713    0.3581]
  [ -0.3928    0.8784   -0.7148   -0.2015   -0.1525    0.5408]

network.0.bias (shape: (5,)):
  [  1.0007   -0.6705   -0.9815    0.9066    1.9252]

network.2.weight (shape: (1, 5)):
  [  0.9770   -1.0986   -0.7836   -1.1926   -0.7265]

network.2.bias (shape: (1,)):
  [  0.1514]

====================================
Running wopt with seed = 31
====================================
[wopt]
[wopt] Train Loss: 0.0793, Val Loss: 0.1380, Test Loss: 0.2981
[wopt] Train R^2 : 0.9207, Val R^2 : 0.9001, Test R^2 : 0.1316
[wopt] Train MAE : 1.1508, Val MAE : 1.5315, Test MAE : 2.5151
[wopt] Train RMSE: 1.5323, Val RMSE: 2.0221, Test RMSE: 2.9715

Model Parameters:

network.0.weight (shape: (5, 6)):
  [ -0.4472    0.5523   -0.3908   -0.0510   -0.5557    0.1916]
  [  0.2418    0.1246   -0.3068   -0.1989   -0.7675   -0.8782]
  [  0.0520   -0.6570    0.1828    0.1855   -0.2589   -0.3027]
  [ -0.2847    0.8496   -0.2633    1.5058    0.2839    0.6098]
  [  0.2288    0.3341   -0.0482    0.2169   -0.5026    0.5878]

network.0.bias (shape: (5,)):
  [  1.5690    0.7902   -0.5568    1.2094   -0.9200]

network.2.weight (shape: (1, 5)):
  [ -0.7167   -0.6396    0.9034    0.6107   -0.9687]

network.2.bias (shape: (1,)):
  [  0.4572]

====================================
Running wopt with seed = 32
====================================
[wopt]
[wopt] Train Loss: 0.0677, Val Loss: 0.1196, Test Loss: 0.1588
[wopt] Train R^2 : 0.9323, Val R^2 : 0.9134, Test R^2 : 0.5373
[wopt] Train MAE : 1.1314, Val MAE : 1.4110, Test MAE : 1.8087
[wopt] Train RMSE: 1.4166, Val RMSE: 1.8821, Test RMSE: 2.1689

Model Parameters:

network.0.weight (shape: (5, 6)):
  [  0.0696   -0.3006    0.0841   -0.0756   -0.8531    0.1925]
  [  0.0258   -0.8547    0.3409    0.0299    0.5096   -0.2210]
  [  0.3925   -0.1070    0.2989   -1.2070    0.3273   -0.1690]
  [ -0.0181    0.6528   -0.1775    0.5677   -0.3941    0.0498]
  [  0.1440   -0.4387   -0.1137    0.2299   -0.0683   -0.7533]

network.0.bias (shape: (5,)):
  [  0.0189   -1.8825   -0.5232   -0.5188   -0.1381]

network.2.weight (shape: (1, 5)):
  [ -0.6730    1.1424   -1.2247   -1.1017    0.5349]

network.2.bias (shape: (1,)):
  [  0.3666]

====================================
Running wopt with seed = 33
====================================
[wopt]
[wopt] Train Loss: 0.0566, Val Loss: 0.1451, Test Loss: 0.4144
[wopt] Train R^2 : 0.9434, Val R^2 : 0.8950, Test R^2 : -0.2074
[wopt] Train MAE : 1.0707, Val MAE : 1.4935, Test MAE : 2.7605
[wopt] Train RMSE: 1.2953, Val RMSE: 2.0731, Test RMSE: 3.5038

Model Parameters:

network.0.weight (shape: (5, 6)):
  [  0.1231   -0.3795    0.1127   -0.1398   -1.3293    0.9660]
  [  0.1083   -0.5319    0.3656   -0.3880    0.1539   -0.3690]
  [ -0.3755    0.7183   -0.5798   -0.2980   -0.0183    0.2862]
  [ -0.5159    0.4832   -0.4922    1.3429   -0.3048    0.3544]
  [ -0.6497    0.1514    0.5598    0.4754    0.9879    1.0921]

network.0.bias (shape: (5,)):
  [ -0.0875    0.2152    1.5609    0.8259   -1.5111]

network.2.weight (shape: (1, 5)):
  [ -0.5137    1.2901   -1.1717    0.8703    0.6212]

network.2.bias (shape: (1,)):
  [  0.8006]

====================================
Running wopt with seed = 51
====================================
[wopt]
[wopt] Train Loss: 0.0562, Val Loss: 0.1255, Test Loss: 0.1050
[wopt] Train R^2 : 0.9438, Val R^2 : 0.9091, Test R^2 : 0.6941
[wopt] Train MAE : 1.0081, Val MAE : 1.4031, Test MAE : 1.5095
[wopt] Train RMSE: 1.2908, Val RMSE: 1.9283, Test RMSE: 1.7635

Model Parameters:

network.0.weight (shape: (5, 6)):
  [  0.1022    0.3169   -0.0416   -0.0248    0.7672   -0.2689]
  [  0.1968   -0.2086    0.2345   -1.2254    0.0445   -0.0836]
  [ -0.1910    0.1365   -0.2139   -0.3418   -0.3231    0.2553]
  [  0.1943    0.9062   -0.5807    0.7406    0.2947   -0.1171]
  [  0.2751   -0.8099    0.9380    0.0433   -0.3761   -0.4285]

network.0.bias (shape: (5,)):
  [  0.0374   -0.6759    1.3467   -1.5366   -0.9290]

network.2.weight (shape: (1, 5)):
  [  1.1215   -1.4021   -1.0907   -0.9667    1.0474]

network.2.bias (shape: (1,)):
  [  0.2357]

====================================
Running wopt with seed = 70
====================================
[wopt]
[wopt] Train Loss: 0.0640, Val Loss: 0.1533, Test Loss: 0.2224
[wopt] Train R^2 : 0.9360, Val R^2 : 0.8890, Test R^2 : 0.3520
[wopt] Train MAE : 1.1280, Val MAE : 1.5849, Test MAE : 2.2635
[wopt] Train RMSE: 1.3767, Val RMSE: 2.1308, Test RMSE: 2.5669

Model Parameters:

network.0.weight (shape: (5, 6)):
  [  0.3840   -0.0139   -0.3705   -0.4216   -0.8419   -1.0326]
  [ -0.0223    0.4825   -0.4726    0.3184    0.0358    0.0885]
  [ -0.3031    0.5077   -0.7227   -0.2970    0.0754    0.3385]
  [  0.2833   -0.0668    0.3070    0.0373   -0.7222    0.5264]
  [  0.0269   -0.9010    0.2617   -1.0873    0.1331    0.1381]

network.0.bias (shape: (5,)):
  [  1.2659   -0.3691    1.4202   -0.0016   -0.6146]

network.2.weight (shape: (1, 5)):
  [ -0.6351   -1.2172   -1.1523   -0.8953   -0.6828]

network.2.bias (shape: (1,)):
  [  0.7379]

====================================
Running wopt with seed = 90
====================================
[wopt]
[wopt] Train Loss: 0.0827, Val Loss: 0.1503, Test Loss: 0.2183
[wopt] Train R^2 : 0.9173, Val R^2 : 0.8912, Test R^2 : 0.3641
[wopt] Train MAE : 1.1617, Val MAE : 1.5806, Test MAE : 2.2742
[wopt] Train RMSE: 1.5657, Val RMSE: 2.1101, Test RMSE: 2.5428

Model Parameters:

network.0.weight (shape: (5, 6)):
  [ -0.1767    0.3741   -0.2454   -0.1164   -0.4244    0.1802]
  [  0.0201    0.6362   -0.0346   -0.4115    0.0316    0.1833]
  [  0.1334    0.5958   -0.6441    0.9660   -0.3841    0.1798]
  [  0.4173    0.0492   -0.3036   -0.5471   -0.6747   -0.8018]
  [ -0.3198   -0.0979   -0.2104   -0.0226    0.3653   -0.4238]

network.0.bias (shape: (5,)):
  [  1.2769    1.4134   -1.2550    0.8074    0.5364]

network.2.weight (shape: (1, 5)):
  [ -0.9161   -0.8659   -0.4346   -0.5302    0.7301]

network.2.bias (shape: (1,)):
  [  1.0823]

====================================
Running wopt with seed = 99
====================================
[wopt]
[wopt] Train Loss: 0.0617, Val Loss: 0.1366, Test Loss: 0.1189
[wopt] Train R^2 : 0.9383, Val R^2 : 0.9011, Test R^2 : 0.6535
[wopt] Train MAE : 1.1071, Val MAE : 1.4358, Test MAE : 1.4972
[wopt] Train RMSE: 1.3523, Val RMSE: 2.0113, Test RMSE: 1.8769

Model Parameters:

network.0.weight (shape: (5, 6)):
  [ -0.4881    1.0063   -0.0498    1.9160   -0.3168    0.2843]
  [  0.0773   -0.5148    0.4843   -0.3117    0.0771   -0.0041]
  [ -0.1434    0.3333    0.3347   -0.0410    0.6280   -0.2055]
  [ -0.3307    0.6494   -0.5917    0.0795    0.0699    0.6679]
  [  0.7707   -0.4951    0.0084   -0.0109    0.5559   -0.2841]

network.0.bias (shape: (5,)):
  [  0.9962   -0.0338    0.4718    0.7409   -0.5028]

network.2.weight (shape: (1, 5)):
  [  1.6768    0.9101    0.8827   -0.9129    1.1707]

network.2.bias (shape: (1,)):
  [  0.0462]

====================================
Running wopt with seed = 300
====================================
[wopt]
[wopt] Train Loss: 0.0782, Val Loss: 0.1520, Test Loss: 0.1143
[wopt] Train R^2 : 0.9218, Val R^2 : 0.8900, Test R^2 : 0.6670
[wopt] Train MAE : 1.2112, Val MAE : 1.6013, Test MAE : 1.5731
[wopt] Train RMSE: 1.5218, Val RMSE: 2.1217, Test RMSE: 1.8400

Model Parameters:

network.0.weight (shape: (5, 6)):
  [  0.0806   -0.1896    0.1046   -0.3071   -0.2357   -0.1170]
  [ -0.1663   -0.5605    0.3959   -0.4225   -0.2227   -0.0137]
  [  0.1443   -0.1833    0.0832    0.2727    0.4098   -0.3136]
  [ -0.0111    0.9934   -0.7959   -0.2609    0.5068    0.3421]
  [ -0.0731   -0.5123    0.0011   -0.2309   -0.5346    0.2772]

network.0.bias (shape: (5,)):
  [ -0.1781    1.0747   -1.0357    1.1046   -0.0765]

network.2.weight (shape: (1, 5)):
  [ -0.9696    1.1022    1.0439   -0.7966   -0.8792]

network.2.bias (shape: (1,)):
  [  0.2464]

====================================
Running wopt with seed = 310
====================================
[wopt]
[wopt] Train Loss: 0.0791, Val Loss: 0.1652, Test Loss: 0.1615
[wopt] Train R^2 : 0.9209, Val R^2 : 0.8804, Test R^2 : 0.5294
[wopt] Train MAE : 1.1895, Val MAE : 1.6318, Test MAE : 1.8955
[wopt] Train RMSE: 1.5305, Val RMSE: 2.2121, Test RMSE: 2.1875

Model Parameters:

network.0.weight (shape: (5, 6)):
  [ -0.0843   -0.7346   -0.0277    0.2201    0.1314   -0.2166]
  [ -0.4524   -0.7228    0.4595   -1.0412    0.0694   -0.2208]
  [ -0.1377   -0.2868   -0.2111    0.1931    0.4697    0.6801]
  [ -0.1531   -0.0723   -0.1666    0.5379   -0.0273   -0.3892]
  [  0.1679    0.3628    0.3871    0.0241    0.2951   -0.5246]

network.0.bias (shape: (5,)):
  [ -1.1896    1.9370   -0.3161   -0.2613    1.0310]

network.2.weight (shape: (1, 5)):
  [  1.1828    0.8746    1.0276    0.7779    0.8098]

network.2.bias (shape: (1,)):
  [  0.1854]

====================================
Running wopt with seed = 320
====================================
[wopt]
[wopt] Train Loss: 0.0623, Val Loss: 0.1345, Test Loss: 0.1425
[wopt] Train R^2 : 0.9377, Val R^2 : 0.9026, Test R^2 : 0.5847
[wopt] Train MAE : 1.0484, Val MAE : 1.4804, Test MAE : 1.6470
[wopt] Train RMSE: 1.3584, Val RMSE: 1.9960, Test RMSE: 2.0548

Model Parameters:

network.0.weight (shape: (5, 6)):
  [  0.4086    0.2546    0.0723    0.3387   -0.6137    0.5367]
  [ -0.1968    0.4829   -0.1996    0.1017   -0.5043    0.2734]
  [  0.2269    0.2524   -0.1733   -0.3111   -0.5869   -0.7983]
  [ -0.6500    0.8790   -1.1192    1.1550   -0.0806   -0.0091]
  [ -0.2877    1.1474   -0.3903   -0.0015    0.3217    0.1114]

network.0.bias (shape: (5,)):
  [ -0.7470    1.2143    0.6534    0.9441    0.4035]

network.2.weight (shape: (1, 5)):
  [ -1.0504   -1.1022   -0.6949    1.0713   -1.0409]

network.2.bias (shape: (1,)):
  [  0.4455]

====================================
Running wopt with seed = 330
====================================
[wopt]
[wopt] Train Loss: 0.0848, Val Loss: 0.1535, Test Loss: 0.0924
[wopt] Train R^2 : 0.9152, Val R^2 : 0.8889, Test R^2 : 0.7307
[wopt] Train MAE : 1.2261, Val MAE : 1.5770, Test MAE : 1.2955
[wopt] Train RMSE: 1.5848, Val RMSE: 2.1324, Test RMSE: 1.6546

Model Parameters:

network.0.weight (shape: (5, 6)):
  [  0.0401    0.2228   -0.6283   -0.3018    0.2223    0.2646]
  [  0.0283    0.0237    0.0480    0.0958    0.5848   -0.0976]
  [ -0.1337    0.1722   -0.1567    0.4352    0.4338   -0.0039]
  [  0.5153    0.7541   -0.6674    0.9183    0.2114    0.2406]
  [  0.3216   -0.2979    0.4780    0.2817    0.4107   -0.3122]

network.0.bias (shape: (5,)):
  [  0.8062   -0.3619    0.2817   -1.9164   -1.5809]

network.2.weight (shape: (1, 5)):
  [ -0.7680    0.7293    0.5473   -0.5121    0.8384]

network.2.bias (shape: (1,)):
  [  0.8544]

====================================
Running wopt with seed = 510
====================================
[wopt]
[wopt] Train Loss: 0.0720, Val Loss: 0.1459, Test Loss: 0.1025
[wopt] Train R^2 : 0.9280, Val R^2 : 0.8944, Test R^2 : 0.7015
[wopt] Train MAE : 1.1562, Val MAE : 1.5371, Test MAE : 1.4088
[wopt] Train RMSE: 1.4605, Val RMSE: 2.0789, Test RMSE: 1.7421

Model Parameters:

network.0.weight (shape: (5, 6)):
  [ -0.0819    0.5679   -0.3020    0.1509    0.0321    0.3486]
  [  0.2845    0.1117   -0.0515   -0.4582    1.5347   -0.1489]
  [  0.2753   -0.6588    0.5129    0.3004    0.0749   -0.2847]
  [  0.1837   -0.4588    0.2280   -0.8661   -0.1720   -0.2587]
  [ -0.3385   -0.0122    0.1333    0.3516   -0.0532   -0.1513]

network.0.bias (shape: (5,)):
  [ -0.1514   -0.3580   -1.6984   -0.5071    0.5065]

network.2.weight (shape: (1, 5)):
  [ -1.2111    0.4321    1.2546   -1.1066    0.5239]

network.2.bias (shape: (1,)):
  [  0.5574]

====================================
Running wopt with seed = 700
====================================
[wopt]
[wopt] Train Loss: 0.0751, Val Loss: 0.1410, Test Loss: 0.2565
[wopt] Train R^2 : 0.9249, Val R^2 : 0.8979, Test R^2 : 0.2528
[wopt] Train MAE : 1.1637, Val MAE : 1.5210, Test MAE : 2.3383
[wopt] Train RMSE: 1.4920, Val RMSE: 2.0434, Test RMSE: 2.7563

Model Parameters:

network.0.weight (shape: (5, 6)):
  [  0.1642   -0.3831    0.1167    0.4848   -0.2251    1.4293]
  [  0.0926    0.3505   -0.3061    0.2058   -0.0366    0.0897]
  [ -0.1373    0.7245   -0.6024    0.0815   -0.5448    0.0114]
  [ -0.1990    0.0617   -0.3576    0.0819    0.5999   -0.0589]
  [  0.0025    0.5612   -0.0992    1.1843   -0.1552   -1.8614]

network.0.bias (shape: (5,)):
  [ -0.1107   -0.1694    1.6379    0.0527    0.2426]

network.2.weight (shape: (1, 5)):
  [  0.9383   -1.4045   -0.7511    1.0357    0.9928]

network.2.bias (shape: (1,)):
  [  0.4391]

====================================
Running wopt with seed = 900
====================================
[wopt]
[wopt] Train Loss: 0.0679, Val Loss: 0.1281, Test Loss: 0.1556
[wopt] Train R^2 : 0.9321, Val R^2 : 0.9072, Test R^2 : 0.5466
[wopt] Train MAE : 1.1117, Val MAE : 1.4377, Test MAE : 1.7424
[wopt] Train RMSE: 1.4187, Val RMSE: 1.9482, Test RMSE: 2.1471

Model Parameters:

network.0.weight (shape: (5, 6)):
  [  0.0957   -0.4800    0.4437    0.1652    0.1613   -0.2374]
  [  0.3538   -0.1129    0.2220   -0.9939    0.1033   -0.0564]
  [  0.1681   -0.7542    0.8000   -0.9355    0.1937    0.2028]
  [  0.0231   -0.3194    0.2270   -0.0336   -0.7702    0.3244]
  [  0.0838   -0.0500    0.3534    0.3586   -0.1354   -0.3393]

network.0.bias (shape: (5,)):
  [ -1.2219   -0.4413    1.3320   -0.0005   -0.3270]

network.2.weight (shape: (1, 5)):
  [  1.3431   -0.8844    0.8182   -0.8611    0.6078]

network.2.bias (shape: (1,)):
  [  0.4723]

====================================
Running wopt with seed = 990
====================================
[wopt]
[wopt] Train Loss: 0.0640, Val Loss: 0.1382, Test Loss: 0.1647
[wopt] Train R^2 : 0.9360, Val R^2 : 0.8999, Test R^2 : 0.5202
[wopt] Train MAE : 1.1092, Val MAE : 1.4941, Test MAE : 1.7715
[wopt] Train RMSE: 1.3768, Val RMSE: 2.0235, Test RMSE: 2.2087

Model Parameters:

network.0.weight (shape: (5, 6)):
  [ -0.1741   -0.0197   -0.4922   -0.0830   -0.0521    0.6389]
  [ -0.6296    0.5106   -0.6179    0.0131   -0.2635    0.2721]
  [ -0.0895   -0.2959    0.0440    0.1195   -0.9435    0.0571]
  [  0.2690    0.5342    0.1071    0.0908   -0.1514   -0.3622]
  [ -0.8229    0.9598   -0.5165    1.5951   -0.4967    0.4683]

network.0.bias (shape: (5,)):
  [ -0.3751    1.0123    0.0744    0.2205    1.3648]

network.2.weight (shape: (1, 5)):
  [ -1.0496   -1.6372   -0.5746   -0.9286    1.1801]

network.2.bias (shape: (1,)):
  [  0.3329]

