====================================
Running rhodmax with seed = 1
====================================
[rhodmax]
[rhodmax] Train Loss: 0.0665, Val Loss: 0.0909, Test Loss: 0.3367
[rhodmax] Train R^2 : 0.9335, Val R^2 : 0.9187, Test R^2 : 0.0500
[rhodmax] Train MAE : 0.0370, Val MAE : 0.0456, Test MAE : 0.0889
[rhodmax] Train RMSE: 0.0497, Val RMSE: 0.0580, Test RMSE: 0.1117

Model Parameters:

network.0.weight (shape: (7, 6)):
  [ -0.7822    0.1490    0.0780    0.0423   -1.2485    1.5266]
  [ -0.2405   -0.0153    0.2693    0.3028    0.3882   -0.1997]
  [  0.1951   -0.4887    0.1734    0.2298    0.1869   -0.2905]
  [ -0.3298    0.5865   -0.3832    0.3409   -0.1571    0.1316]
  [  0.2234   -0.0236    0.1544    0.5837   -0.0861   -0.3275]
  [  0.0516    0.5373    0.1886    0.4977   -0.7715   -0.2434]
  [  0.5500   -0.3052    0.2640   -1.0675    0.3451   -0.3221]

network.0.bias (shape: (7,)):
  [  0.6684    1.4875   -1.1439   -0.3051   -0.9547    0.7137   -0.9009]

network.2.weight (shape: (1, 7)):
  [  0.2823   -1.0534   -0.7353    0.4812   -0.7674    0.7090    0.8909]

network.2.bias (shape: (1,)):
  [ -0.1606]

====================================
Running rhodmax with seed = 7
====================================
[rhodmax]
[rhodmax] Train Loss: 0.0467, Val Loss: 0.0772, Test Loss: 0.0729
[rhodmax] Train R^2 : 0.9533, Val R^2 : 0.9310, Test R^2 : 0.7942
[rhodmax] Train MAE : 0.0330, Val MAE : 0.0433, Test MAE : 0.0437
[rhodmax] Train RMSE: 0.0416, Val RMSE: 0.0535, Test RMSE: 0.0520

Model Parameters:

network.0.weight (shape: (7, 6)):
  [  0.0263   -0.6628    0.3982   -0.1321    0.0696   -0.4219]
  [ -0.0799    0.1156   -0.1581    2.2803    0.3922    0.1521]
  [ -0.3512   -0.1163   -0.0670   -0.3739    0.2780    0.2962]
  [  0.4964    0.0076    0.0419   -0.7689    0.4613   -0.3660]
  [  0.6131    0.2377   -0.0647   -0.4458    1.8578   -0.1528]
  [  0.1878   -0.2580    0.4111    0.2541    0.2616   -0.0848]
  [ -0.8608   -0.7778    0.6448   -0.3185    0.0968   -0.6129]

network.0.bias (shape: (7,)):
  [  0.1103    1.4352    0.5248   -1.0212   -0.8090   -1.7122    3.5138]

network.2.weight (shape: (1, 7)):
  [ -0.8474   -1.0252    0.5146    0.7372   -0.3957   -0.9820   -0.6603]

network.2.bias (shape: (1,)):
  [  0.2645]

====================================
Running rhodmax with seed = 201
====================================
[rhodmax]
[rhodmax] Train Loss: 0.0781, Val Loss: 0.1002, Test Loss: 0.0975
[rhodmax] Train R^2 : 0.9219, Val R^2 : 0.9104, Test R^2 : 0.7249
[rhodmax] Train MAE : 0.0412, Val MAE : 0.0471, Test MAE : 0.0499
[rhodmax] Train RMSE: 0.0538, Val RMSE: 0.0609, Test RMSE: 0.0601

Model Parameters:

network.0.weight (shape: (7, 6)):
  [ -0.1963    0.5104   -0.2924   -0.3199   -0.2581    0.2161]
  [  0.3835   -0.0910   -0.2983    0.5396    0.9050   -1.1840]
  [  0.0368   -0.2800    0.2220    0.2482   -0.0928   -0.1506]
  [  0.2314   -0.0055   -0.0567    0.1572    0.8211    0.3628]
  [ -0.3374   -0.1803   -0.0486   -0.1539    0.1584   -0.1454]
  [  0.0664   -0.6712    0.5824    0.2963    0.0611   -0.6525]
  [ -0.9827   -0.6029    0.1399    0.4243   -0.7817   -0.1795]

network.0.bias (shape: (7,)):
  [  1.7249   -0.2550   -1.0325   -0.3393    1.1378    0.5291    2.1315]

network.2.weight (shape: (1, 7)):
  [  0.8854   -0.3137   -0.7321   -0.5438   -0.9464   -0.2868   -0.5095]

network.2.bias (shape: (1,)):
  [ -0.2634]

====================================
Running rhodmax with seed = 202
====================================
[rhodmax]
[rhodmax] Train Loss: 0.0654, Val Loss: 0.0874, Test Loss: 0.0831
[rhodmax] Train R^2 : 0.9346, Val R^2 : 0.9218, Test R^2 : 0.7654
[rhodmax] Train MAE : 0.0380, Val MAE : 0.0456, Test MAE : 0.0444
[rhodmax] Train RMSE: 0.0492, Val RMSE: 0.0569, Test RMSE: 0.0555

Model Parameters:

network.0.weight (shape: (7, 6)):
  [ -0.0812    0.0883    0.2882    0.4650   -1.3616    0.1595]
  [ -0.2451    0.4382   -0.2952    1.9569    0.3127    0.0746]
  [ -0.1855    0.6635   -0.4261    0.4751   -0.0156   -0.2846]
  [ -0.0233    0.1800    0.1455   -0.2913    0.0039    0.3800]
  [ -0.1279    0.0230   -0.0886   -0.0621   -0.0695   -0.3268]
  [ -0.3981    0.0309   -0.2345    0.7736   -0.2411    0.0360]
  [ -0.1427    0.3821   -0.2728    0.0151   -0.1337    0.2651]

network.0.bias (shape: (7,)):
  [  0.3029    1.1354   -0.4703    0.3804   -0.1738    0.4893    0.3079]

network.2.weight (shape: (1, 7)):
  [  0.5694   -0.6648    0.7064    0.8538   -0.0948   -1.2416    1.0399]

network.2.bias (shape: (1,)):
  [  0.1203]

====================================
Running rhodmax with seed = 203
====================================
[rhodmax]
[rhodmax] Train Loss: 0.0742, Val Loss: 0.1151, Test Loss: 0.1039
[rhodmax] Train R^2 : 0.9258, Val R^2 : 0.8970, Test R^2 : 0.7068
[rhodmax] Train MAE : 0.0405, Val MAE : 0.0505, Test MAE : 0.0511
[rhodmax] Train RMSE: 0.0525, Val RMSE: 0.0653, Test RMSE: 0.0621

Model Parameters:

network.0.weight (shape: (7, 6)):
  [ -1.6001    0.9100   -0.0693   -0.3577    0.1258    0.0576]
  [ -0.3888    0.1774   -0.0502    0.5479   -0.1874   -0.0114]
  [ -0.2330    0.2231   -0.1091    0.2609    0.3500    0.2799]
  [  0.3270   -0.6468    0.2683   -0.0007    0.9519   -0.3175]
  [  0.0335    0.2102    0.1292   -0.0871    0.5780   -0.2515]
  [  0.0698    0.0328   -0.4230   -0.1569    0.1721    0.2277]
  [  0.0288   -1.0465    0.7091   -0.3961    0.0572   -0.7829]

network.0.bias (shape: (7,)):
  [  0.3309    0.5407   -0.0096   -1.4008   -0.0289   -0.2699    0.6916]

network.2.weight (shape: (1, 7)):
  [  0.4643   -0.5210   -0.8698   -0.2796   -0.6897    0.8267   -0.4052]

network.2.bias (shape: (1,)):
  [  0.0811]

====================================
Running rhodmax with seed = 204
====================================
[rhodmax]
[rhodmax] Train Loss: 0.0787, Val Loss: 0.0972, Test Loss: 0.1805
[rhodmax] Train R^2 : 0.9213, Val R^2 : 0.9131, Test R^2 : 0.4907
[rhodmax] Train MAE : 0.0409, Val MAE : 0.0467, Test MAE : 0.0652
[rhodmax] Train RMSE: 0.0540, Val RMSE: 0.0600, Test RMSE: 0.0818

Model Parameters:

network.0.weight (shape: (7, 6)):
  [  0.0518    0.7873   -0.3908    0.4549   -0.3008    0.3504]
  [  0.2903   -0.0573    0.0362   -0.4179    0.2961   -0.3316]
  [  0.0776    0.0129    0.1876   -0.0702   -0.5197   -0.1188]
  [ -0.4344   -0.1327    0.1950    0.1339   -0.1882   -0.1968]
  [  0.2527   -0.1333   -0.1051   -0.2989   -0.1557   -0.0880]
  [  0.1086   -0.8952    0.2126    0.0162    0.8234   -0.1770]
  [  0.3717    0.0958   -0.0113    0.7268   -0.0767   -0.8060]

network.0.bias (shape: (7,)):
  [ -0.6327   -0.3028    0.1219    1.3048   -1.0381   -1.5344   -0.3245]

network.2.weight (shape: (1, 7)):
  [  0.6963    0.4415    0.7897   -0.4617    0.3987   -0.6412   -0.5779]

network.2.bias (shape: (1,)):
  [  0.2456]

====================================
Running rhodmax with seed = 207
====================================
[rhodmax]
[rhodmax] Train Loss: 0.0806, Val Loss: 0.1025, Test Loss: 0.0877
[rhodmax] Train R^2 : 0.9194, Val R^2 : 0.9083, Test R^2 : 0.7525
[rhodmax] Train MAE : 0.0426, Val MAE : 0.0477, Test MAE : 0.0484
[rhodmax] Train RMSE: 0.0547, Val RMSE: 0.0617, Test RMSE: 0.0570

Model Parameters:

network.0.weight (shape: (7, 6)):
  [  0.0745   -0.0802    0.0379   -0.4921   -0.0758   -0.4737]
  [ -0.0592   -0.0893    0.0130    0.0758   -0.7029    0.1257]
  [ -0.0149   -0.8134    0.0065    0.4334   -0.1125   -0.2351]
  [  0.1546   -0.2832   -0.0018    0.1037    0.7421   -0.1916]
  [ -0.0566    0.2163   -0.1715    0.5153    0.4313    0.1363]
  [  0.4756    0.3126   -0.2906    0.1689    0.0348    0.4578]
  [  0.0489    0.6297   -0.2188   -0.0436    0.1903    0.4415]

network.0.bias (shape: (7,)):
  [  0.7658    0.3428   -1.3855   -1.0636    0.4807   -1.7341    0.0604]

network.2.weight (shape: (1, 7)):
  [  0.4048    0.4809   -0.4410   -0.4175   -0.6431    0.7902    0.7763]

network.2.bias (shape: (1,)):
  [ -0.1893]

====================================
Running rhodmax with seed = 307
====================================
[rhodmax]
[rhodmax] Train Loss: 0.1099, Val Loss: 0.1357, Test Loss: 0.0890
[rhodmax] Train R^2 : 0.8901, Val R^2 : 0.8786, Test R^2 : 0.7490
[rhodmax] Train MAE : 0.0476, Val MAE : 0.0544, Test MAE : 0.0480
[rhodmax] Train RMSE: 0.0638, Val RMSE: 0.0709, Test RMSE: 0.0574

Model Parameters:

network.0.weight (shape: (7, 6)):
  [ -0.1844    0.3452   -0.4678    0.1325   -0.4182    0.2152]
  [  0.3043   -0.1331    0.2262   -0.1547    0.2794   -0.5104]
  [  0.1975   -0.0304   -0.2079    0.4893    0.7124   -0.9060]
  [ -0.0728    0.3220   -0.1638   -0.2003   -0.2045    0.1794]
  [ -0.0381    0.2048    0.2859    0.1752    0.2083    0.1158]
  [  0.1466    0.4820   -0.4325   -0.1364    0.2572    0.4421]
  [  0.2638   -0.2261    0.1560   -0.4508   -0.2574   -0.1650]

network.0.bias (shape: (7,)):
  [  0.2629    0.0180   -0.0745    0.7889   -0.1255   -0.5412   -0.1125]

network.2.weight (shape: (1, 7)):
  [  0.4089   -0.0143   -0.3748    0.5025   -0.3894    0.5828    0.6714]

network.2.bias (shape: (1,)):
  [ -0.2273]

====================================
Running rhodmax with seed = 10
====================================
[rhodmax]
[rhodmax] Train Loss: 0.0979, Val Loss: 0.1149, Test Loss: 0.2012
[rhodmax] Train R^2 : 0.9021, Val R^2 : 0.8972, Test R^2 : 0.4324
[rhodmax] Train MAE : 0.0461, Val MAE : 0.0502, Test MAE : 0.0742
[rhodmax] Train RMSE: 0.0602, Val RMSE: 0.0653, Test RMSE: 0.0864

Model Parameters:

network.0.weight (shape: (7, 6)):
  [ -0.3468    0.5249   -0.3770   -0.1688   -0.5301    0.1398]
  [  0.0328    0.2293    0.2390    0.1619    0.2491    0.0714]
  [  0.2235    0.3111   -0.0391    0.2147   -0.2964    0.2052]
  [ -0.0441   -0.1900    0.1296    0.1486   -0.1304   -0.3848]
  [ -0.0798   -0.2529   -0.5090   -0.3892   -0.7070   -0.6634]
  [  0.3577    0.0289    0.3360    0.3703    0.2673   -0.3855]
  [  0.5660    0.3525    0.0462   -0.0099    0.2582    0.3918]

network.0.bias (shape: (7,)):
  [  1.3077    0.0313   -0.7144    0.0350    0.6700   -0.6587   -1.3008]

network.2.weight (shape: (1, 7)):
  [  0.4491   -0.4599    0.7799   -0.1790    0.4070   -0.5254    0.4517]

network.2.bias (shape: (1,)):
  [ -0.0210]

====================================
Running rhodmax with seed = 70
====================================
[rhodmax]
[rhodmax] Train Loss: 0.0597, Val Loss: 0.0826, Test Loss: 0.0634
[rhodmax] Train R^2 : 0.9403, Val R^2 : 0.9261, Test R^2 : 0.8210
[rhodmax] Train MAE : 0.0354, Val MAE : 0.0436, Test MAE : 0.0406
[rhodmax] Train RMSE: 0.0471, Val RMSE: 0.0553, Test RMSE: 0.0485

Model Parameters:

network.0.weight (shape: (7, 6)):
  [  0.3366   -0.3105   -0.1694   -1.4553    0.4123   -0.0088]
  [  0.0736   -0.0010   -0.1919   -0.2793    1.0620   -0.1163]
  [ -0.3749    0.3734   -0.5866   -0.1854   -0.1726    0.4186]
  [  0.2832   -0.2404    0.4210   -0.2959   -0.7389   -0.2990]
  [  0.0079   -1.0137    0.2699   -0.7237    0.1139    0.2759]
  [ -0.2462   -0.0301   -0.0966   -0.4177    0.3288    0.7415]
  [ -0.1575   -0.4433   -0.1671    0.0352    0.2167    0.0952]

network.0.bias (shape: (7,)):
  [ -0.9222   -0.3450    0.7474   -0.7304    0.7888    0.4986   -0.6239]

network.2.weight (shape: (1, 7)):
  [  1.1365   -0.7647    0.5185    0.6275   -0.7717    0.9195   -0.5974]

network.2.bias (shape: (1,)):
  [ -0.0335]

====================================
Running rhodmax with seed = 2010
====================================
[rhodmax]
[rhodmax] Train Loss: 0.0885, Val Loss: 0.1096, Test Loss: 0.1150
[rhodmax] Train R^2 : 0.9115, Val R^2 : 0.9020, Test R^2 : 0.6756
[rhodmax] Train MAE : 0.0436, Val MAE : 0.0488, Test MAE : 0.0559
[rhodmax] Train RMSE: 0.0573, Val RMSE: 0.0637, Test RMSE: 0.0653

Model Parameters:

network.0.weight (shape: (7, 6)):
  [  0.1959    0.2804    0.1668   -0.0753    0.7561   -0.0765]
  [  0.1827   -0.3527    0.5018   -0.2622    0.2928   -0.2618]
  [  0.3083   -0.3138   -0.0342   -0.9599    0.4589   -0.4742]
  [ -0.1473    0.3720   -0.0971    0.5765    0.1647    0.2058]
  [  0.1697    0.3043   -0.4524    0.6129   -0.2255    0.1064]
  [ -0.0417   -0.1318    0.1951    0.2639   -0.1597   -0.3712]
  [ -0.2687    0.1738   -0.4270   -0.1512   -0.3236    0.1434]

network.0.bias (shape: (7,)):
  [ -0.0705   -0.0369    0.2735    0.2016   -0.9162    0.3656    0.9967]

network.2.weight (shape: (1, 7)):
  [ -0.6850   -0.4854    0.3588   -0.4964    0.3467   -0.8855    0.7239]

network.2.bias (shape: (1,)):
  [ -0.1612]

====================================
Running rhodmax with seed = 2020
====================================
[rhodmax]
[rhodmax] Train Loss: 0.0651, Val Loss: 0.0890, Test Loss: 0.0703
[rhodmax] Train R^2 : 0.9349, Val R^2 : 0.9204, Test R^2 : 0.8018
[rhodmax] Train MAE : 0.0398, Val MAE : 0.0459, Test MAE : 0.0417
[rhodmax] Train RMSE: 0.0491, Val RMSE: 0.0574, Test RMSE: 0.0510

Model Parameters:

network.0.weight (shape: (7, 6)):
  [  0.0574   -0.3046    0.0216   -2.7655   -0.3753   -0.1479]
  [ -0.2242    0.1180    0.0118   -0.1870   -0.4644    0.1284]
  [  0.2821   -0.2857    0.3905   -0.4260    0.1577   -0.1830]
  [ -0.1708    0.3270   -0.4399    0.1332   -0.0113    0.2831]
  [ -0.3198   -0.3067   -0.0058   -0.2557    0.2811   -0.3440]
  [  0.2062   -0.0174    0.2599   -0.3370    0.1877   -0.3286]
  [ -0.0491    0.1204    0.3447    0.1483   -0.2180   -0.2473]

network.0.bias (shape: (7,)):
  [ -1.6260    0.9607   -0.3368    0.0320    1.0289    0.1647    0.3895]

network.2.weight (shape: (1, 7)):
  [  1.1223    0.9894    0.4065    1.4620   -0.7754    0.6652   -0.2282]

network.2.bias (shape: (1,)):
  [  0.3311]

====================================
Running rhodmax with seed = 2030
====================================
[rhodmax]
[rhodmax] Train Loss: 0.0633, Val Loss: 0.0868, Test Loss: 0.0852
[rhodmax] Train R^2 : 0.9367, Val R^2 : 0.9223, Test R^2 : 0.7595
[rhodmax] Train MAE : 0.0376, Val MAE : 0.0448, Test MAE : 0.0454
[rhodmax] Train RMSE: 0.0484, Val RMSE: 0.0567, Test RMSE: 0.0562

Model Parameters:

network.0.weight (shape: (7, 6)):
  [ -0.4924    0.1300    0.0369   -0.3875   -0.3415    0.8025]
  [ -0.0454   -0.1353   -0.1931    0.4003   -0.0623   -0.2953]
  [  0.1536   -0.3031    0.1457   -0.2306    0.7634    0.1149]
  [ -0.1916    0.3731   -0.3101   -0.0667   -0.0846    0.3638]
  [  0.3816   -0.5949   -0.1809   -0.9511    0.3450   -0.2838]
  [ -0.0658    0.6537   -0.5309    0.6444   -0.1777   -0.1264]
  [ -0.0823    0.3076    0.2314    1.7878    0.4798   -0.0879]

network.0.bias (shape: (7,)):
  [  0.6740   -0.4762   -0.9148    0.4903   -0.8674   -0.8504    1.5183]

network.2.weight (shape: (1, 7)):
  [  0.5129   -0.5747   -0.8163    0.5528    0.9418    0.5480   -0.7648]

network.2.bias (shape: (1,)):
  [ -0.0488]

====================================
Running rhodmax with seed = 2040
====================================
[rhodmax]
[rhodmax] Train Loss: 0.0727, Val Loss: 0.1034, Test Loss: 0.1008
[rhodmax] Train R^2 : 0.9273, Val R^2 : 0.9075, Test R^2 : 0.7157
[rhodmax] Train MAE : 0.0405, Val MAE : 0.0478, Test MAE : 0.0465
[rhodmax] Train RMSE: 0.0519, Val RMSE: 0.0619, Test RMSE: 0.0611

Model Parameters:

network.0.weight (shape: (7, 6)):
  [ -0.0239    0.2279   -0.0965    0.4404    0.5290    0.2099]
  [  0.2810   -1.3519    1.1559   -0.7955    0.5661   -1.1485]
  [  0.5085    0.1482   -0.3474   -0.1621    0.1932    0.2406]
  [  0.2134   -0.6246    0.5236   -0.0536    0.7278   -0.1056]
  [  0.1403   -0.2448   -0.1918    0.1980    0.5150   -0.2926]
  [ -0.2250    0.3627   -0.0172    0.6555   -0.1835    0.2031]
  [ -0.0432    0.3904   -0.1712   -0.2304    0.2074    0.2283]

network.0.bias (shape: (7,)):
  [  0.5543    1.1075   -1.6988   -1.3871   -0.7148    0.6439    0.4966]

network.2.weight (shape: (1, 7)):
  [ -0.6372   -0.3353    0.7791   -0.3802   -0.7718   -0.4584    0.7269]

network.2.bias (shape: (1,)):
  [  0.1766]

====================================
Running rhodmax with seed = 2070
====================================
[rhodmax]
[rhodmax] Train Loss: 0.0941, Val Loss: 0.1218, Test Loss: 0.1006
[rhodmax] Train R^2 : 0.9059, Val R^2 : 0.8911, Test R^2 : 0.7162
[rhodmax] Train MAE : 0.0449, Val MAE : 0.0518, Test MAE : 0.0528
[rhodmax] Train RMSE: 0.0591, Val RMSE: 0.0672, Test RMSE: 0.0611

Model Parameters:

network.0.weight (shape: (7, 6)):
  [  0.0186    0.0876   -0.0988    0.0389   -0.3472   -0.1847]
  [  0.1487   -0.4732    0.2150   -0.0818    0.2844   -0.2382]
  [  0.1951   -0.1832   -0.1353    0.3403    0.3067   -0.4238]
  [  0.1471   -0.2475   -0.3151    0.2007    0.2021   -0.0849]
  [  0.1075    0.2235   -0.4168   -0.2798    0.2735    0.5510]
  [  0.1234   -0.2615    0.1420   -0.2103   -0.5547   -0.2753]
  [  0.2800   -0.6454   -0.0803   -0.6142    0.2401   -0.1162]

network.0.bias (shape: (7,)):
  [  0.4354   -0.4002   -0.6788    0.2437   -0.7865   -0.2654   -0.5293]

network.2.weight (shape: (1, 7)):
  [  0.6965   -0.9925   -0.5917    0.1962    0.6811    0.5107    0.5391]

network.2.bias (shape: (1,)):
  [ -0.3013]

====================================
Running rhodmax with seed = 3070
====================================
[rhodmax]
[rhodmax] Train Loss: 0.0963, Val Loss: 0.1224, Test Loss: 0.0758
[rhodmax] Train R^2 : 0.9037, Val R^2 : 0.8905, Test R^2 : 0.7863
[rhodmax] Train MAE : 0.0456, Val MAE : 0.0528, Test MAE : 0.0470
[rhodmax] Train RMSE: 0.0598, Val RMSE: 0.0673, Test RMSE: 0.0530

Model Parameters:

network.0.weight (shape: (7, 6)):
  [  0.1582   -0.2263    0.1207    0.0763    0.3166   -0.1612]
  [  0.1395   -0.0830   -0.1622   -0.2475   -0.3273    0.0627]
  [  0.0578   -0.4107   -0.3132    0.1662    0.4979   -0.4249]
  [ -0.0552    0.0357    0.3936   -0.0572   -0.0089    0.1500]
  [  0.3559   -0.3728    0.2529   -0.6362   -0.0396   -0.1410]
  [ -0.2936   -0.2396    0.1017   -0.2413   -0.2738    0.6468]
  [ -0.1283   -0.7119    0.0408    0.0311   -0.1521   -0.2617]

network.0.bias (shape: (7,)):
  [ -0.5713   -0.6051   -0.3221   -0.2707   -0.5008    0.2001   -0.0515]

network.2.weight (shape: (1, 7)):
  [ -1.0533    0.4608   -0.4755   -0.2136    0.8736    0.0932   -0.7634]

network.2.bias (shape: (1,)):
  [ -0.2422]

