====================================
Running wopt with seed = 30
====================================
[wopt]
[wopt] Train Loss: 0.0545, Val Loss: 0.1287, Test Loss: 0.3835
[wopt] Train R^2 : 0.9455, Val R^2 : 0.9068, Test R^2 : -0.1174
[wopt] Train MAE : 1.0151, Val MAE : 1.4656, Test MAE : 2.8230
[wopt] Train RMSE: 1.2711, Val RMSE: 1.9524, Test RMSE: 3.3706

Model Parameters:

network.0.weight (shape: (7, 6)):
  [ -0.0785   -0.0719    0.3136    0.3025    0.8756    0.8817]
  [  0.0476    0.6111   -0.3786    0.6192   -0.1526   -0.0376]
  [  0.3652   -0.2972   -0.1144   -0.7715    0.3940   -0.3520]
  [ -0.1417    0.0919    0.3023   -0.5045   -0.1120    0.8250]
  [ -0.1449    0.5461   -0.6189   -0.0560   -0.4831    0.1812]
  [ -0.1515    0.4855   -0.8828   -0.3507    0.1060    0.3346]
  [ -0.0513   -0.4722   -0.0917    0.0991   -0.9451    0.3169]

network.0.bias (shape: (7,)):
  [ -1.0113   -0.8527   -0.6966   -0.1750    1.9023    1.7942   -0.2093]

network.2.weight (shape: (1, 7)):
  [  0.6224   -1.0166   -0.7391   -0.8036   -0.5663   -0.7050   -0.4776]

network.2.bias (shape: (1,)):
  [  0.4041]

====================================
Running wopt with seed = 31
====================================
[wopt]
[wopt] Train Loss: 0.0500, Val Loss: 0.1249, Test Loss: 0.1092
[wopt] Train R^2 : 0.9500, Val R^2 : 0.9096, Test R^2 : 0.6817
[wopt] Train MAE : 0.9908, Val MAE : 1.4083, Test MAE : 1.2984
[wopt] Train RMSE: 1.2165, Val RMSE: 1.9234, Test RMSE: 1.7989

Model Parameters:

network.0.weight (shape: (7, 6)):
  [ -0.0400   -0.1057   -0.2550    0.2693   -0.7354    0.1631]
  [  0.0508   -0.7379    0.2603   -0.4250    0.0810    0.2584]
  [  0.3217   -0.9179    0.2374   -1.1974    0.2145   -0.4486]
  [ -0.1025    0.4577    0.0672   -0.2749    0.0584    0.8632]
  [ -0.2882    0.3820    0.1201    1.8926   -0.1256    0.0298]
  [ -0.4005    0.9638   -0.1730    0.4306   -1.2894    0.0524]
  [ -0.3082    0.9867   -0.2180   -0.2906    0.1893    0.4975]

network.0.bias (shape: (7,)):
  [ -0.4780    0.3595   -1.2294   -0.0682    0.8613    2.0464    1.3893]

network.2.weight (shape: (1, 7)):
  [ -0.9319    0.6341   -1.1132   -0.4785    0.6540   -0.7574   -1.1810]

network.2.bias (shape: (1,)):
  [  0.2171]

====================================
Running wopt with seed = 32
====================================
[wopt]
[wopt] Train Loss: 0.0607, Val Loss: 0.1307, Test Loss: 0.2890
[wopt] Train R^2 : 0.9393, Val R^2 : 0.9054, Test R^2 : 0.1579
[wopt] Train MAE : 1.0694, Val MAE : 1.4437, Test MAE : 2.5232
[wopt] Train RMSE: 1.3408, Val RMSE: 1.9677, Test RMSE: 2.9262

Model Parameters:

network.0.weight (shape: (7, 6)):
  [  0.0492   -0.2817    0.0882   -0.0572   -0.6909    0.2853]
  [  0.2803   -0.8031    0.2664   -0.0977    0.2786   -0.1528]
  [  0.6470   -0.5392    0.6404   -1.4541    0.4346   -0.4126]
  [  0.2393    0.0788    0.0499    0.6749   -0.2356   -0.8376]
  [ -0.0237    0.4370   -0.6627    0.7595   -0.1526   -0.1264]
  [ -0.1358   -0.0744    0.4687    0.3073    0.6125    1.0267]
  [ -0.1316    0.4236   -0.5241    0.2154   -0.1161    0.2948]

network.0.bias (shape: (7,)):
  [ -0.0415   -0.7842   -0.9241    0.3508   -1.0970   -0.7496    0.1487]

network.2.weight (shape: (1, 7)):
  [ -0.7914    0.8063   -0.8586    0.6578   -0.5183    0.6421   -0.8362]

network.2.bias (shape: (1,)):
  [  0.0118]

====================================
Running wopt with seed = 33
====================================
[wopt]
[wopt] Train Loss: 0.0746, Val Loss: 0.1488, Test Loss: 0.0971
[wopt] Train R^2 : 0.9254, Val R^2 : 0.8923, Test R^2 : 0.7170
[wopt] Train MAE : 1.2078, Val MAE : 1.5676, Test MAE : 1.3812
[wopt] Train RMSE: 1.4861, Val RMSE: 2.0995, Test RMSE: 1.6962

Model Parameters:

network.0.weight (shape: (7, 6)):
  [  0.0780   -0.4167    0.0873   -1.1610   -0.2843   -0.0400]
  [  0.1338   -0.7310    0.5170    0.2811    0.0070   -0.3049]
  [ -0.4988    0.1111   -0.2807   -0.1325   -0.0735    0.1654]
  [  0.0650    0.0960   -0.5501    0.3862    0.0050    0.0667]
  [ -0.0946    0.4281    0.1478    0.1260    0.6344    0.0157]
  [ -0.0718    0.3403    0.0072   -0.3593   -0.2520    0.2756]
  [  0.0950   -0.0804   -0.0838    0.4002    0.2091   -0.2476]

network.0.bias (shape: (7,)):
  [ -0.9271   -1.7637   -0.4358   -0.8325   -0.2974    1.2143   -0.6476]

network.2.weight (shape: (1, 7)):
  [ -0.3692    1.1409   -0.1077   -1.2744    0.5754   -0.4987    0.6945]

network.2.bias (shape: (1,)):
  [  0.9018]

====================================
Running wopt with seed = 51
====================================
[wopt]
[wopt] Train Loss: 0.0741, Val Loss: 0.1347, Test Loss: 0.1299
[wopt] Train R^2 : 0.9259, Val R^2 : 0.9024, Test R^2 : 0.6216
[wopt] Train MAE : 1.1879, Val MAE : 1.5256, Test MAE : 1.7026
[wopt] Train RMSE: 1.4813, Val RMSE: 1.9978, Test RMSE: 1.9615

Model Parameters:

network.0.weight (shape: (7, 6)):
  [ -0.0149    0.4010    0.0070    0.0947    0.7420   -0.2658]
  [  0.4844   -0.3546    0.2375    0.1628   -0.2636   -0.2539]
  [ -0.0600    0.1497   -0.2478   -0.1114   -0.5469    0.1527]
  [  0.2771   -0.7749    0.5207    0.3690    0.0591   -0.1564]
  [ -0.3054   -0.2482    0.6993   -0.5075   -0.2424   -0.1846]
  [ -0.2874    0.0689    0.0689    0.4179    0.6900    0.7142]
  [ -0.1047   -0.5820    0.0669    0.2801   -0.2283   -0.3262]

network.0.bias (shape: (7,)):
  [  0.0129    0.1550    1.1430   -1.9576    1.2537   -0.9340   -0.6804]

network.2.weight (shape: (1, 7)):
  [  0.7556    0.2361   -0.6981    0.5196    0.6782    0.4085    0.6440]

network.2.bias (shape: (1,)):
  [  1.0135]

====================================
Running wopt with seed = 70
====================================
[wopt]
[wopt] Train Loss: 0.0640, Val Loss: 0.1436, Test Loss: 0.1211
[wopt] Train R^2 : 0.9360, Val R^2 : 0.8960, Test R^2 : 0.6471
[wopt] Train MAE : 1.1063, Val MAE : 1.5190, Test MAE : 1.5751
[wopt] Train RMSE: 1.3772, Val RMSE: 2.0626, Test RMSE: 1.8941

Model Parameters:

network.0.weight (shape: (7, 6)):
  [ -0.1211   -0.1929   -0.0547    0.1300    0.5444    0.6253]
  [  0.0165    0.4461   -0.4620    0.3793    0.0398   -0.1550]
  [ -0.4663    0.3036   -0.5622    0.0552   -0.7747    0.1977]
  [  0.2639   -0.5942    0.6362    0.2651   -0.3300   -0.3183]
  [  0.2548   -0.8456    0.1526   -1.1676    0.0020   -0.2393]
  [ -0.2804    0.0041   -0.1156   -0.1199    0.4850   -0.3995]
  [ -0.3339   -0.3584   -0.1562   -0.4912   -0.1420    0.8509]

network.0.bias (shape: (7,)):
  [ -0.3780   -0.6209    1.4460   -0.9105   -0.8810    0.6754   -0.2260]

network.2.weight (shape: (1, 7)):
  [  0.7120   -0.7715   -0.5695    1.0019   -0.8049    0.5715   -0.7197]

network.2.bias (shape: (1,)):
  [  0.1570]

====================================
Running wopt with seed = 90
====================================
[wopt]
[wopt] Train Loss: 0.0476, Val Loss: 0.1371, Test Loss: 0.1503
[wopt] Train R^2 : 0.9524, Val R^2 : 0.9007, Test R^2 : 0.5620
[wopt] Train MAE : 0.9664, Val MAE : 1.3844, Test MAE : 1.7547
[wopt] Train RMSE: 1.1878, Val RMSE: 2.0156, Test RMSE: 2.1103

Model Parameters:

network.0.weight (shape: (7, 6)):
  [ -0.3354    0.1264   -0.0438    0.8741   -0.0418   -0.1646]
  [ -0.1284    0.4905    0.0521   -0.1086    0.1000    0.5609]
  [ -0.0295    0.1169   -0.2825   -0.2414   -0.7043    0.1949]
  [  0.1855   -0.4424    0.1336   -1.3427    0.0591   -0.2861]
  [ -0.4387    0.5353   -0.6116   -0.2350    0.0319    0.3332]
  [ -0.1083    0.1760   -0.2638   -0.1004    0.7896   -0.3331]
  [  0.1489   -0.8162    0.5669   -1.0327    0.2636    0.3044]

network.0.bias (shape: (7,)):
  [  0.5901    0.4732    1.3953   -1.0429    1.5783    0.2591    0.9363]

network.2.weight (shape: (1, 7)):
  [  0.9359   -0.7362   -0.4529   -1.2502   -1.7369    0.6477    0.8804]

network.2.bias (shape: (1,)):
  [  0.5624]

====================================
Running wopt with seed = 99
====================================
[wopt]
[wopt] Train Loss: 0.0581, Val Loss: 0.1349, Test Loss: 0.1413
[wopt] Train R^2 : 0.9419, Val R^2 : 0.9023, Test R^2 : 0.5885
[wopt] Train MAE : 1.0785, Val MAE : 1.4674, Test MAE : 1.6093
[wopt] Train RMSE: 1.3120, Val RMSE: 1.9990, Test RMSE: 2.0456

Model Parameters:

network.0.weight (shape: (7, 6)):
  [ -0.4312    0.8517    0.0377    1.4288   -0.4907    0.2759]
  [  0.2419   -0.7066    0.6658   -0.7247    0.2010    0.2928]
  [ -0.0607    0.4958    0.1852    0.3673    0.3742   -0.1372]
  [ -0.3252    0.1409   -0.1279   -0.5784    0.1428    0.8145]
  [  0.3440   -0.3356    0.1214   -0.0086    0.5719    0.0438]
  [  0.0728    0.1769   -0.4716    0.6888   -0.3233    0.1296]
  [ -0.2695    0.6318   -0.7050    0.0414   -0.3195    0.4048]

network.0.bias (shape: (7,)):
  [  1.0245    0.7104    0.0899    0.5099   -0.6530   -0.8538    1.5031]

network.2.weight (shape: (1, 7)):
  [  0.9160    0.5220    0.8580   -0.6358    0.7915   -0.5723   -0.9377]

network.2.bias (shape: (1,)):
  [  0.3874]

====================================
Running wopt with seed = 300
====================================
[wopt]
[wopt] Train Loss: 0.0702, Val Loss: 0.1616, Test Loss: 0.1652
[wopt] Train R^2 : 0.9298, Val R^2 : 0.8830, Test R^2 : 0.5188
[wopt] Train MAE : 1.1811, Val MAE : 1.6521, Test MAE : 1.9342
[wopt] Train RMSE: 1.4419, Val RMSE: 2.1880, Test RMSE: 2.2120

Model Parameters:

network.0.weight (shape: (7, 6)):
  [ -0.1291    0.4995   -0.2069    0.4869    0.2554    0.1699]
  [ -0.1978   -0.3913    0.3191   -0.3929   -0.0185   -0.0184]
  [  0.0800   -0.0750    0.0565    0.3681    0.6813    0.9890]
  [ -0.0159    0.6132   -0.4842   -0.1255    0.2648    0.2887]
  [  0.2157   -0.7609    0.0388    0.3641    0.1689   -0.2647]
  [  0.2645    0.1255   -0.3167    0.4819    0.5134   -0.7742]
  [ -0.1018    0.2666    0.1273    0.0917    0.1472   -0.3750]

network.0.bias (shape: (7,)):
  [  0.5180    0.8519   -0.6548    0.7561   -1.5907    0.2733    0.5485]

network.2.weight (shape: (1, 7)):
  [  0.7591    1.0767    0.6782   -1.1407    0.5549    0.7334    0.4797]

network.2.bias (shape: (1,)):
  [  0.1227]

====================================
Running wopt with seed = 310
====================================
[wopt]
[wopt] Train Loss: 0.0606, Val Loss: 0.1493, Test Loss: 0.1419
[wopt] Train R^2 : 0.9394, Val R^2 : 0.8919, Test R^2 : 0.5865
[wopt] Train MAE : 1.0687, Val MAE : 1.5526, Test MAE : 1.8227
[wopt] Train RMSE: 1.3403, Val RMSE: 2.1028, Test RMSE: 2.0504

Model Parameters:

network.0.weight (shape: (7, 6)):
  [  0.2264   -0.1382   -0.5088    0.5703   -0.5500    0.3353]
  [ -0.1160    0.3944   -0.3785    0.2682   -0.7097    0.1689]
  [ -0.3739    0.6114   -0.7829    0.1180    0.2484    0.0253]
  [  0.1201   -0.0612   -0.2912   -0.3288   -0.3246   -0.7788]
  [ -0.8029    1.3038    0.1049    0.1126    0.2062    0.6480]
  [ -0.3899    0.7839   -0.4765    1.0367    0.0575    0.1600]
  [  0.2370    0.5647    0.0821    1.3781   -0.1908   -1.4297]

network.0.bias (shape: (7,)):
  [ -0.9245    1.1596    0.0964    0.2869    0.1001    0.5396    0.6417]

network.2.weight (shape: (1, 7)):
  [ -0.8617   -0.8871   -0.8885   -0.9055   -0.4602    1.1243    0.6169]

network.2.bias (shape: (1,)):
  [ -0.0085]

====================================
Running wopt with seed = 320
====================================
[wopt]
[wopt] Train Loss: 0.0548, Val Loss: 0.1319, Test Loss: 0.2503
[wopt] Train R^2 : 0.9452, Val R^2 : 0.9045, Test R^2 : 0.2708
[wopt] Train MAE : 1.0383, Val MAE : 1.3979, Test MAE : 2.2363
[wopt] Train RMSE: 1.2738, Val RMSE: 1.9770, Test RMSE: 2.7228

Model Parameters:

network.0.weight (shape: (7, 6)):
  [  0.0685    0.1347    0.2736    0.2371    0.1358   -0.3948]
  [ -0.3550    0.8223   -0.2662    1.7103   -0.1841    0.1550]
  [ -0.0788    0.3934   -0.0707   -0.0318    0.8653   -0.4653]
  [ -0.1617   -0.0543   -0.4186   -0.1833   -0.0192    0.4846]
  [ -0.3237    1.2784   -0.3990   -0.0818    0.2055    0.3742]
  [ -0.2567    0.5207   -0.0162    0.0198   -0.5223    0.2601]
  [  0.0188   -0.6999    0.3461   -0.4809    0.0963    0.4050]

network.0.bias (shape: (7,)):
  [ -0.2077    1.0842    0.3092    0.2210    1.0261    0.8804    0.5695]

network.2.weight (shape: (1, 7)):
  [  0.5869    1.4876    0.6040   -0.3599   -0.9471   -0.7766    0.8803]

network.2.bias (shape: (1,)):
  [  0.0866]

====================================
Running wopt with seed = 330
====================================
[wopt]
[wopt] Train Loss: 0.0752, Val Loss: 0.1433, Test Loss: 0.1184
[wopt] Train R^2 : 0.9248, Val R^2 : 0.8962, Test R^2 : 0.6550
[wopt] Train MAE : 1.2078, Val MAE : 1.5613, Test MAE : 1.6215
[wopt] Train RMSE: 1.4922, Val RMSE: 2.0607, Test RMSE: 1.8730

Model Parameters:

network.0.weight (shape: (7, 6)):
  [  0.2671   -0.0772   -0.3897   -0.0271    0.1256    0.0806]
  [  0.1704   -0.0830    0.0916    0.0839    0.9016   -0.1546]
  [ -0.3708    0.8261   -0.4429   -0.2762   -0.0760    0.2362]
  [ -0.2031    0.7060   -0.3737    0.2990    0.0979    0.2549]
  [  0.1238    0.4955   -0.0608   -0.2157    0.0792    0.2873]
  [ -0.3505   -0.4860    0.2128   -0.0208   -0.8766    0.3047]
  [  0.1356    0.5777   -0.0678    0.5738    0.4411    0.3252]

network.0.bias (shape: (7,)):
  [ -0.7761   -1.2999    1.6348   -0.4406    0.8605   -0.4558    0.0786]

network.2.weight (shape: (1, 7)):
  [ -1.4885    0.3982   -0.7292   -0.7633   -0.6047   -0.5108    0.7605]

network.2.bias (shape: (1,)):
  [  0.0299]

====================================
Running wopt with seed = 510
====================================
[wopt]
[wopt] Train Loss: 0.0594, Val Loss: 0.1318, Test Loss: 0.1265
[wopt] Train R^2 : 0.9406, Val R^2 : 0.9045, Test R^2 : 0.6314
[wopt] Train MAE : 1.0748, Val MAE : 1.4343, Test MAE : 1.4517
[wopt] Train RMSE: 1.3265, Val RMSE: 1.9762, Test RMSE: 1.9359

Model Parameters:

network.0.weight (shape: (7, 6)):
  [ -0.0990    0.0923    0.0283    0.0511    0.3821   -0.1718]
  [  0.0630   -0.7111    0.6466   -0.8341    0.1163    0.1250]
  [ -0.1878    0.3551   -0.1975    0.0450   -0.6473    0.2059]
  [  0.3423   -0.4941    0.2144   -1.1460    0.2319   -0.3146]
  [ -0.1491    0.8373   -0.5499   -0.1626    0.3770    0.1911]
  [  0.2955   -0.4733    0.1923    0.2122   -0.1203   -0.5486]
  [ -0.1089    0.1451   -0.1825    0.2115    0.4969   -0.1662]

network.0.bias (shape: (7,)):
  [  0.2291    1.1151    1.1327   -0.8609    0.8246   -0.7752    0.3384]

network.2.weight (shape: (1, 7)):
  [  0.7731    0.6012   -0.9814   -1.1153   -0.5272    0.8366    0.6310]

network.2.bias (shape: (1,)):
  [  0.2743]

====================================
Running wopt with seed = 700
====================================
[wopt]
[wopt] Train Loss: 0.0860, Val Loss: 0.1537, Test Loss: 0.2536
[wopt] Train R^2 : 0.9140, Val R^2 : 0.8887, Test R^2 : 0.2612
[wopt] Train MAE : 1.2312, Val MAE : 1.5839, Test MAE : 2.3927
[wopt] Train RMSE: 1.5962, Val RMSE: 2.1337, Test RMSE: 2.7408

Model Parameters:

network.0.weight (shape: (7, 6)):
  [ -0.0771   -0.1135    0.0131   -0.0611   -0.6232    0.3681]
  [ -0.2859    0.7710   -0.5616   -0.6018    0.1891    0.1737]
  [ -0.2438   -0.1787    0.0393    0.3049    0.2449    0.6096]
  [  0.0836   -0.0413   -0.3823   -0.1335    0.1399    0.5810]
  [  0.0272    0.3509    0.0805    0.0788   -0.4888   -0.1328]
  [  0.2619    0.2691   -0.1289    0.3641   -0.2155    0.3628]
  [  0.3803   -0.4492    0.5767    0.1058    0.4706   -0.1809]

network.0.bias (shape: (7,)):
  [  0.0121    2.0659   -0.4505   -0.1516    0.4993   -0.9482   -1.6755]

network.2.weight (shape: (1, 7)):
  [ -0.4704   -0.7121    0.6662   -0.3483   -0.3620   -0.7059    0.4349]

network.2.bias (shape: (1,)):
  [  0.8738]

====================================
Running wopt with seed = 900
====================================
[wopt]
[wopt] Train Loss: 0.0723, Val Loss: 0.1431, Test Loss: 0.0870
[wopt] Train R^2 : 0.9277, Val R^2 : 0.8964, Test R^2 : 0.7466
[wopt] Train MAE : 1.1546, Val MAE : 1.5522, Test MAE : 1.3158
[wopt] Train RMSE: 1.4637, Val RMSE: 2.0591, Test RMSE: 1.6052

Model Parameters:

network.0.weight (shape: (7, 6)):
  [  0.1523   -0.2235    0.2806    0.1404    0.0010   -0.2288]
  [  0.1281   -0.1532    0.3740   -0.0122    1.0456    0.0249]
  [  0.2632    0.0241    0.3154   -0.4496   -0.2592   -0.3148]
  [  0.2644   -0.6447    0.6706    0.3536    0.0421   -0.3090]
  [  0.2497   -0.0797    0.3174   -0.3090   -0.3505    0.1087]
  [ -0.2496   -0.5255    0.2974   -0.5731    0.0705   -0.0066]
  [  0.0527    0.0219   -0.0938    0.6112    0.0364   -0.9510]

network.0.bias (shape: (7,)):
  [ -0.4960   -1.5556   -0.2572   -2.0360   -0.5702    0.8765    0.3555]

network.2.weight (shape: (1, 7)):
  [  0.8483    0.4161   -0.9461    0.9336   -0.2618    0.6862    0.4814]

network.2.bias (shape: (1,)):
  [  0.7608]

====================================
Running wopt with seed = 990
====================================
[wopt]
[wopt] Train Loss: 0.0687, Val Loss: 0.1418, Test Loss: 0.0973
[wopt] Train R^2 : 0.9313, Val R^2 : 0.8973, Test R^2 : 0.7166
[wopt] Train MAE : 1.1256, Val MAE : 1.4932, Test MAE : 1.2970
[wopt] Train RMSE: 1.4265, Val RMSE: 2.0494, Test RMSE: 1.6975

Model Parameters:

network.0.weight (shape: (7, 6)):
  [ -0.2688    0.1096   -0.5134   -0.0684   -0.3645    0.2357]
  [ -0.1530    0.5862   -0.8732    1.1229   -0.5052   -0.1179]
  [ -0.2603   -0.0359   -0.0596    0.3586   -0.1498   -0.0658]
  [  0.3176   -0.5649    0.7335    0.3555   -0.0486   -0.4446]
  [ -0.0183    0.1299   -0.0268   -0.3178    0.1098    0.8185]
  [ -0.1772    0.4526   -0.0096    0.9038    0.2919    0.2282]
  [ -0.1502   -0.0598   -0.4822   -0.1636   -0.3775   -0.1032]

network.0.bias (shape: (7,)):
  [  1.0183   -1.3072    0.4312   -1.8067   -0.2195    0.5007    0.8860]

network.2.weight (shape: (1, 7)):
  [ -0.7540   -0.5934    0.3007    0.6531   -0.5525    0.8195   -0.6886]

network.2.bias (shape: (1,)):
  [  0.7663]

