====================================
Running rhodmax with seed = 1
====================================
[rhodmax]
[rhodmax] Train Loss: 0.1389, Val Loss: 0.1453, Test Loss: 0.3267
[rhodmax] Train R^2 : 0.8611, Val R^2 : 0.8700, Test R^2 : 0.0783
[rhodmax] Train MAE : 0.0507, Val MAE : 0.0576, Test MAE : 0.0930
[rhodmax] Train RMSE: 0.0717, Val RMSE: 0.0734, Test RMSE: 0.1100

Model Parameters:

network.0.weight (shape: (2, 6)):
  [  0.3717    0.2584   -0.5044   -0.4918   -0.8837   -1.0508]
  [ -0.1431   -0.2751    0.4456    0.0589    0.4586   -0.8917]

network.0.bias (shape: (2,)):
  [  1.0330    0.9393]

network.2.weight (shape: (1, 2)):
  [  0.9587   -1.0668]

network.2.bias (shape: (1,)):
  [  0.0471]

====================================
Running rhodmax with seed = 7
====================================
[rhodmax]
[rhodmax] Train Loss: 0.1315, Val Loss: 0.1442, Test Loss: 0.2261
[rhodmax] Train R^2 : 0.8685, Val R^2 : 0.8710, Test R^2 : 0.3622
[rhodmax] Train MAE : 0.0526, Val MAE : 0.0586, Test MAE : 0.0715
[rhodmax] Train RMSE: 0.0698, Val RMSE: 0.0731, Test RMSE: 0.0915

Model Parameters:

network.0.weight (shape: (2, 6)):
  [ -0.0934   -0.5130    0.3371    0.2116   -0.1564   -0.3608]
  [ -0.0724    0.1176   -0.1619    0.1449    0.7145   -0.0662]

network.0.bias (shape: (2,)):
  [  0.2258   -0.1538]

network.2.weight (shape: (1, 2)):
  [ -1.1396   -1.2466]

network.2.bias (shape: (1,)):
  [ -0.0037]

====================================
Running rhodmax with seed = 201
====================================
[rhodmax]
[rhodmax] Train Loss: 0.1247, Val Loss: 0.1378, Test Loss: 0.1394
[rhodmax] Train R^2 : 0.8753, Val R^2 : 0.8767, Test R^2 : 0.6068
[rhodmax] Train MAE : 0.0501, Val MAE : 0.0540, Test MAE : 0.0617
[rhodmax] Train RMSE: 0.0680, Val RMSE: 0.0715, Test RMSE: 0.0719

Model Parameters:

network.0.weight (shape: (2, 6)):
  [ -0.0852    0.2248   -0.2182   -0.4271   -0.5038    0.2331]
  [ -0.4301   -0.3693    0.1903   -0.5845    0.4917   -0.2932]

network.0.bias (shape: (2,)):
  [  0.6679    1.4294]

network.2.weight (shape: (1, 2)):
  [  1.3567   -0.8685]

network.2.bias (shape: (1,)):
  [  0.0030]

====================================
Running rhodmax with seed = 202
====================================
[rhodmax]
[rhodmax] Train Loss: 0.1114, Val Loss: 0.1225, Test Loss: 0.1116
[rhodmax] Train R^2 : 0.8886, Val R^2 : 0.8904, Test R^2 : 0.6850
[rhodmax] Train MAE : 0.0501, Val MAE : 0.0507, Test MAE : 0.0562
[rhodmax] Train RMSE: 0.0642, Val RMSE: 0.0674, Test RMSE: 0.0643

Model Parameters:

network.0.weight (shape: (2, 6)):
  [ -0.1636    0.0135    0.3401    0.4594    0.3152   -0.1483]
  [ -0.2302    0.3824   -0.1696   -0.2772   -0.5112    0.3424]

network.0.bias (shape: (2,)):
  [  1.2146    1.0172]

network.2.weight (shape: (1, 2)):
  [ -1.3039    1.3389]

network.2.bias (shape: (1,)):
  [  0.0749]

====================================
Running rhodmax with seed = 203
====================================
[rhodmax]
[rhodmax] Train Loss: 0.1025, Val Loss: 0.1261, Test Loss: 0.0696
[rhodmax] Train R^2 : 0.8975, Val R^2 : 0.8872, Test R^2 : 0.8036
[rhodmax] Train MAE : 0.0475, Val MAE : 0.0525, Test MAE : 0.0396
[rhodmax] Train RMSE: 0.0616, Val RMSE: 0.0684, Test RMSE: 0.0508

Model Parameters:

network.0.weight (shape: (2, 6)):
  [ -0.3405    0.2063   -0.0899    1.0851   -0.1487    0.0120]
  [ -0.2110    0.2659   -0.2123   -0.0052   -0.3829    0.2575]

network.0.bias (shape: (2,)):
  [  0.7358    0.2836]

network.2.weight (shape: (1, 2)):
  [ -1.4449    1.9638]

network.2.bias (shape: (1,)):
  [  0.1466]

====================================
Running rhodmax with seed = 204
====================================
[rhodmax]
[rhodmax] Train Loss: 0.0895, Val Loss: 0.1097, Test Loss: 0.0557
[rhodmax] Train R^2 : 0.9105, Val R^2 : 0.9019, Test R^2 : 0.8428
[rhodmax] Train MAE : 0.0467, Val MAE : 0.0481, Test MAE : 0.0394
[rhodmax] Train RMSE: 0.0576, Val RMSE: 0.0638, Test RMSE: 0.0454

Model Parameters:

network.0.weight (shape: (2, 6)):
  [ -0.1597    0.3407   -0.0179   -0.1947   -0.2569    0.2302]
  [  0.2917    0.0513   -0.0221   -1.4871   -0.2030    0.0617]

network.0.bias (shape: (2,)):
  [  0.7644   -1.5412]

network.2.weight (shape: (1, 2)):
  [  1.9116    1.6656]

network.2.bias (shape: (1,)):
  [  0.0763]

====================================
Running rhodmax with seed = 207
====================================
[rhodmax]
[rhodmax] Train Loss: 0.1273, Val Loss: 0.1409, Test Loss: 0.2252
[rhodmax] Train R^2 : 0.8727, Val R^2 : 0.8740, Test R^2 : 0.3646
[rhodmax] Train MAE : 0.0529, Val MAE : 0.0578, Test MAE : 0.0711
[rhodmax] Train RMSE: 0.0687, Val RMSE: 0.0723, Test RMSE: 0.0914

Model Parameters:

network.0.weight (shape: (2, 6)):
  [ -0.0460   -0.3317    0.3135    0.1444   -0.0712   -0.2665]
  [  0.0337   -0.2261    0.1207   -0.2191   -0.6795    0.0370]

network.0.bias (shape: (2,)):
  [  0.1342    0.0995]

network.2.weight (shape: (1, 2)):
  [ -1.4710    1.1918]

network.2.bias (shape: (1,)):
  [  0.0234]

====================================
Running rhodmax with seed = 307
====================================
[rhodmax]
[rhodmax] Train Loss: 0.1004, Val Loss: 0.1226, Test Loss: 0.0587
[rhodmax] Train R^2 : 0.8996, Val R^2 : 0.8903, Test R^2 : 0.8345
[rhodmax] Train MAE : 0.0471, Val MAE : 0.0522, Test MAE : 0.0357
[rhodmax] Train RMSE: 0.0610, Val RMSE: 0.0674, Test RMSE: 0.0466

Model Parameters:

network.0.weight (shape: (2, 6)):
  [  0.1091   -0.3763    0.0293    0.0390    0.3115   -0.2375]
  [  0.4082   -0.1528    0.2124   -1.0662    0.1130   -0.0492]

network.0.bias (shape: (2,)):
  [ -0.2574   -0.8307]

network.2.weight (shape: (1, 2)):
  [ -2.1399    1.4631]

network.2.bias (shape: (1,)):
  [  0.2183]

====================================
Running rhodmax with seed = 10
====================================
[rhodmax]
[rhodmax] Train Loss: 0.1307, Val Loss: 0.1379, Test Loss: 0.2188
[rhodmax] Train R^2 : 0.8693, Val R^2 : 0.8767, Test R^2 : 0.3827
[rhodmax] Train MAE : 0.0527, Val MAE : 0.0567, Test MAE : 0.0708
[rhodmax] Train RMSE: 0.0696, Val RMSE: 0.0715, Test RMSE: 0.0901

Model Parameters:

network.0.weight (shape: (2, 6)):
  [ -0.0303   -0.3158   -0.0014   -0.1873   -0.7529    0.0710]
  [  0.1895    0.5246    0.0190   -0.1561    0.0350    0.2337]

network.0.bias (shape: (2,)):
  [  0.1485    0.0122]

network.2.weight (shape: (1, 2)):
  [  1.0642    1.5058]

network.2.bias (shape: (1,)):
  [ -0.1453]

====================================
Running rhodmax with seed = 70
====================================
[rhodmax]
[rhodmax] Train Loss: 0.1257, Val Loss: 0.1457, Test Loss: 0.2251
[rhodmax] Train R^2 : 0.8743, Val R^2 : 0.8697, Test R^2 : 0.3650
[rhodmax] Train MAE : 0.0521, Val MAE : 0.0587, Test MAE : 0.0711
[rhodmax] Train RMSE: 0.0683, Val RMSE: 0.0735, Test RMSE: 0.0913

Model Parameters:

network.0.weight (shape: (2, 6)):
  [ -0.1091    0.0065   -0.1827    0.1510    0.4937   -0.0649]
  [  0.0615    0.6118   -0.5282   -0.1687    0.2711    0.4383]

network.0.bias (shape: (2,)):
  [ -0.1069   -0.3695]

network.2.weight (shape: (1, 2)):
  [ -1.6647    0.9768]

network.2.bias (shape: (1,)):
  [  0.0096]

====================================
Running rhodmax with seed = 2010
====================================
[rhodmax]
[rhodmax] Train Loss: 0.1167, Val Loss: 0.1273, Test Loss: 0.1254
[rhodmax] Train R^2 : 0.8833, Val R^2 : 0.8861, Test R^2 : 0.6462
[rhodmax] Train MAE : 0.0509, Val MAE : 0.0523, Test MAE : 0.0609
[rhodmax] Train RMSE: 0.0658, Val RMSE: 0.0687, Test RMSE: 0.0682

Model Parameters:

network.0.weight (shape: (2, 6)):
  [ -0.0860    0.1065    0.4636    0.0390    0.3161   -0.1493]
  [  0.2449   -0.1406    0.3628    0.2680    0.4481   -0.2838]

network.0.bias (shape: (2,)):
  [  0.9792   -0.9466]

network.2.weight (shape: (1, 2)):
  [ -1.2727   -1.3973]

network.2.bias (shape: (1,)):
  [ -0.0167]

====================================
Running rhodmax with seed = 2020
====================================
[rhodmax]
[rhodmax] Train Loss: 0.1280, Val Loss: 0.1487, Test Loss: 0.2144
[rhodmax] Train R^2 : 0.8720, Val R^2 : 0.8670, Test R^2 : 0.3952
[rhodmax] Train MAE : 0.0525, Val MAE : 0.0590, Test MAE : 0.0701
[rhodmax] Train RMSE: 0.0689, Val RMSE: 0.0743, Test RMSE: 0.0891

Model Parameters:

network.0.weight (shape: (2, 6)):
  [  0.0165   -0.1641   -0.0425   -0.1557   -0.4843    0.0722]
  [  0.0825    0.7096   -0.5270   -0.1744    0.2781    0.4820]

network.0.bias (shape: (2,)):
  [  0.1013   -0.4234]

network.2.weight (shape: (1, 2)):
  [  1.6412    0.8974]

network.2.bias (shape: (1,)):
  [  0.0148]

====================================
Running rhodmax with seed = 2030
====================================
[rhodmax]
[rhodmax] Train Loss: 0.1269, Val Loss: 0.1400, Test Loss: 0.2244
[rhodmax] Train R^2 : 0.8731, Val R^2 : 0.8747, Test R^2 : 0.3670
[rhodmax] Train MAE : 0.0526, Val MAE : 0.0573, Test MAE : 0.0706
[rhodmax] Train RMSE: 0.0686, Val RMSE: 0.0720, Test RMSE: 0.0912

Model Parameters:

network.0.weight (shape: (2, 6)):
  [ -0.0078   -0.2887    0.0391   -0.1776   -0.6972    0.0360]
  [ -0.1607   -0.5140    0.0667    0.1593   -0.0765   -0.2585]

network.0.bias (shape: (2,)):
  [  0.0796    0.1182]

network.2.weight (shape: (1, 2)):
  [  1.1874   -1.4899]

network.2.bias (shape: (1,)):
  [  0.0338]

====================================
Running rhodmax with seed = 2040
====================================
[rhodmax]
[rhodmax] Train Loss: 0.1028, Val Loss: 0.1140, Test Loss: 0.1440
[rhodmax] Train R^2 : 0.8972, Val R^2 : 0.8980, Test R^2 : 0.5937
[rhodmax] Train MAE : 0.0467, Val MAE : 0.0491, Test MAE : 0.0548
[rhodmax] Train RMSE: 0.0617, Val RMSE: 0.0650, Test RMSE: 0.0731

Model Parameters:

network.0.weight (shape: (2, 6)):
  [ -0.2762    0.2613   -0.0620    3.4158    0.0315    0.0080]
  [  0.0738   -0.5027    0.0972    0.1064    0.2766   -0.3596]

network.0.bias (shape: (2,)):
  [  1.6157   -0.0727]

network.2.weight (shape: (1, 2)):
  [ -1.2648   -1.3646]

network.2.bias (shape: (1,)):
  [  0.3350]

====================================
Running rhodmax with seed = 2070
====================================
[rhodmax]
[rhodmax] Train Loss: 0.0996, Val Loss: 0.1140, Test Loss: 0.1136
[rhodmax] Train R^2 : 0.9004, Val R^2 : 0.8980, Test R^2 : 0.6794
[rhodmax] Train MAE : 0.0488, Val MAE : 0.0488, Test MAE : 0.0559
[rhodmax] Train RMSE: 0.0608, Val RMSE: 0.0650, Test RMSE: 0.0649

Model Parameters:

network.0.weight (shape: (2, 6)):
  [ -0.2536    0.4319   -0.1688   -0.3029   -0.4707    0.3523]
  [  0.2306    0.1630   -0.0796   -1.0027   -0.3172    0.1189]

network.0.bias (shape: (2,)):
  [  1.1568   -1.4609]

network.2.weight (shape: (1, 2)):
  [  1.3542    1.6320]

network.2.bias (shape: (1,)):
  [  0.2466]

====================================
Running rhodmax with seed = 3070
====================================
[rhodmax]
[rhodmax] Train Loss: 0.0928, Val Loss: 0.1055, Test Loss: 0.0582
[rhodmax] Train R^2 : 0.9072, Val R^2 : 0.9056, Test R^2 : 0.8359
[rhodmax] Train MAE : 0.0467, Val MAE : 0.0476, Test MAE : 0.0376
[rhodmax] Train RMSE: 0.0586, Val RMSE: 0.0625, Test RMSE: 0.0464

Model Parameters:

network.0.weight (shape: (2, 6)):
  [  0.1318   -0.2302    0.1247    0.1540    0.2123   -0.2219]
  [  0.2676   -0.2931   -0.1322   -2.5900   -0.1056   -0.0034]

network.0.bias (shape: (2,)):
  [ -0.3649   -1.7285]

network.2.weight (shape: (1, 2)):
  [ -1.9362    1.2502]

network.2.bias (shape: (1,)):
  [  0.1527]

