====================================
Running rhodmax with seed = 1
====================================
[rhodmax]
[rhodmax] Train Loss: 0.0620, Val Loss: 0.0866, Test Loss: 0.0415
[rhodmax] Train R^2 : 0.9380, Val R^2 : 0.9226, Test R^2 : 0.8828
[rhodmax] Train MAE : 0.0383, Val MAE : 0.0454, Test MAE : 0.0325
[rhodmax] Train RMSE: 0.0479, Val RMSE: 0.0566, Test RMSE: 0.0392

Model Parameters:

network.0.weight (shape: (6, 6)):
  [ -0.1727   -0.2081    0.0475    0.2596   -0.9940    0.1960]
  [  0.0135   -0.6376    0.7818    0.4571    0.0038   -0.0816]
  [  0.0814   -0.7490    0.3597   -0.0599    0.0780   -0.7383]
  [  0.0627    0.0021    0.0232   -0.7189    0.3730   -0.5929]
  [ -0.5006   -0.2117    0.5427    0.2171   -0.3865   -0.3135]
  [  0.1850    0.0009    0.4919   -1.8388   -0.2962   -0.1410]

network.0.bias (shape: (6,)):
  [  0.4016   -2.0234    0.0975   -0.3053    1.8685   -1.0051]

network.2.weight (shape: (1, 6)):
  [  0.7318   -0.8013   -0.7602    0.5268   -0.9796    0.5530]

network.2.bias (shape: (1,)):
  [  0.2011]

====================================
Running rhodmax with seed = 7
====================================
[rhodmax]
[rhodmax] Train Loss: 0.1040, Val Loss: 0.1191, Test Loss: 0.0739
[rhodmax] Train R^2 : 0.8960, Val R^2 : 0.8935, Test R^2 : 0.7914
[rhodmax] Train MAE : 0.0477, Val MAE : 0.0511, Test MAE : 0.0453
[rhodmax] Train RMSE: 0.0621, Val RMSE: 0.0664, Test RMSE: 0.0524

Model Parameters:

network.0.weight (shape: (6, 6)):
  [ -0.0558   -0.4188    0.2533    0.2042   -0.0364   -0.4097]
  [  0.1043    0.2919   -0.3653    0.0424    0.0340    0.3016]
  [  0.1330   -0.2171   -0.2078   -0.3434   -0.0530   -0.0771]
  [  0.3676   -0.4678    0.4147    0.1037    0.6218   -0.1825]
  [  0.2613    0.1288    0.1714    0.2310    0.5079   -0.3735]
  [ -0.0193    0.4558    0.0991    0.4293    0.6156    0.0919]

network.0.bias (shape: (6,)):
  [  0.3063   -0.5874   -0.2369   -1.2182   -0.5547    0.3917]

network.2.weight (shape: (1, 6)):
  [ -0.6054    0.3748    0.5558   -0.5366   -0.3443   -0.5014]

network.2.bias (shape: (1,)):
  [ -0.0293]

====================================
Running rhodmax with seed = 201
====================================
[rhodmax]
[rhodmax] Train Loss: 0.0717, Val Loss: 0.0937, Test Loss: 0.1009
[rhodmax] Train R^2 : 0.9283, Val R^2 : 0.9161, Test R^2 : 0.7153
[rhodmax] Train MAE : 0.0399, Val MAE : 0.0455, Test MAE : 0.0504
[rhodmax] Train RMSE: 0.0515, Val RMSE: 0.0589, Test RMSE: 0.0612

Model Parameters:

network.0.weight (shape: (6, 6)):
  [ -0.1862    0.1135   -0.1166   -0.4903    0.1033    0.6159]
  [ -0.0555   -0.2396   -0.0715   -0.2120    0.8631    0.1042]
  [ -0.0275   -0.4671    0.3274    0.2847    0.0170   -0.1253]
  [ -0.0857    0.3168   -0.1251    0.5705    0.4773    0.4356]
  [ -0.6358   -0.4744    0.3104   -0.0325    0.0712   -0.2916]
  [  0.0862   -0.6246    0.5428   -0.0719   -0.0339   -0.4962]

network.0.bias (shape: (6,)):
  [  0.1961   -0.9051   -1.4355    0.4131    2.2569    0.1569]

network.2.weight (shape: (1, 6)):
  [  0.6320   -0.5794   -0.8429   -0.7005   -0.8399   -0.4398]

network.2.bias (shape: (1,)):
  [ -0.2489]

====================================
Running rhodmax with seed = 202
====================================
[rhodmax]
[rhodmax] Train Loss: 0.0786, Val Loss: 0.0951, Test Loss: 0.0979
[rhodmax] Train R^2 : 0.9214, Val R^2 : 0.9150, Test R^2 : 0.7239
[rhodmax] Train MAE : 0.0409, Val MAE : 0.0446, Test MAE : 0.0516
[rhodmax] Train RMSE: 0.0540, Val RMSE: 0.0594, Test RMSE: 0.0602

Model Parameters:

network.0.weight (shape: (6, 6)):
  [ -0.0367    0.5274   -0.0372    0.1969   -0.6109   -0.0449]
  [ -0.0996   -0.1386    0.1067    0.1054   -0.7467   -0.0578]
  [  0.4385    0.3726   -0.5894    0.8239   -0.0780    0.2459]
  [ -0.0915    0.3305    0.1092   -0.4350    0.0313    0.4544]
  [ -0.1169   -0.2076    0.0560    0.2496    0.1094   -0.0655]
  [ -0.4333    0.0031   -0.2423    1.0100   -0.3279    0.1995]

network.0.bias (shape: (6,)):
  [  0.7330    0.1343   -1.7192    0.3623    0.4394    0.7071]

network.2.weight (shape: (1, 6)):
  [  0.7844    0.5898    0.5893    1.0265   -0.4982   -0.7482]

network.2.bias (shape: (1,)):
  [  0.0935]

====================================
Running rhodmax with seed = 203
====================================
[rhodmax]
[rhodmax] Train Loss: 0.0675, Val Loss: 0.1003, Test Loss: 0.0991
[rhodmax] Train R^2 : 0.9325, Val R^2 : 0.9103, Test R^2 : 0.7205
[rhodmax] Train MAE : 0.0394, Val MAE : 0.0470, Test MAE : 0.0487
[rhodmax] Train RMSE: 0.0500, Val RMSE: 0.0610, Test RMSE: 0.0606

Model Parameters:

network.0.weight (shape: (6, 6)):
  [ -0.0576    0.5278   -0.3935   -0.2480    0.1945    0.2439]
  [  0.5756    0.2998   -0.5064    0.2837   -0.1245    0.5157]
  [ -0.1593    0.1977   -0.1155    1.4053    0.2976    0.1731]
  [  0.1805   -1.1299    0.9496   -0.6098    0.2847   -0.8632]
  [  0.2793   -0.1426    0.3600    0.4689    0.0520   -0.3117]
  [ -0.0495   -0.2407   -0.1962    0.1288    0.5338   -0.1094]

network.0.bias (shape: (6,)):
  [  0.8181   -2.3976    1.0536    0.8115   -1.2385   -0.6672]

network.2.weight (shape: (1, 6)):
  [  0.4684    0.5969   -0.8542   -0.3421   -0.6561   -0.7964]

network.2.bias (shape: (1,)):
  [ -0.1818]

====================================
Running rhodmax with seed = 204
====================================
[rhodmax]
[rhodmax] Train Loss: 0.0647, Val Loss: 0.0894, Test Loss: 0.1785
[rhodmax] Train R^2 : 0.9353, Val R^2 : 0.9200, Test R^2 : 0.4965
[rhodmax] Train MAE : 0.0376, Val MAE : 0.0452, Test MAE : 0.0598
[rhodmax] Train RMSE: 0.0490, Val RMSE: 0.0576, Test RMSE: 0.0813

Model Parameters:

network.0.weight (shape: (6, 6)):
  [  0.0562    0.7449   -0.3480    0.3783   -0.2091    0.3117]
  [ -0.1861    0.2557    0.0844   -1.1144    0.4690    0.9741]
  [  0.2611   -0.2446    0.3128   -1.4472   -0.6537   -0.5591]
  [  0.2011   -0.0635   -0.0703    0.1092   -0.7376   -0.2061]
  [ -0.6535   -0.3268    0.4624    0.0339   -0.0723   -0.3125]
  [  0.0642   -0.6471    0.0553    0.2893    0.1798   -0.2071]

network.0.bias (shape: (6,)):
  [ -0.3660    0.2239   -1.2264    0.7255    2.3710   -1.2874]

network.2.weight (shape: (1, 6)):
  [  0.6318    0.6170    0.7140    0.5642   -0.6423   -0.7485]

network.2.bias (shape: (1,)):
  [ -0.0308]

====================================
Running rhodmax with seed = 207
====================================
[rhodmax]
[rhodmax] Train Loss: 0.0669, Val Loss: 0.0866, Test Loss: 0.1074
[rhodmax] Train R^2 : 0.9331, Val R^2 : 0.9226, Test R^2 : 0.6970
[rhodmax] Train MAE : 0.0390, Val MAE : 0.0455, Test MAE : 0.0533
[rhodmax] Train RMSE: 0.0498, Val RMSE: 0.0566, Test RMSE: 0.0631

Model Parameters:

network.0.weight (shape: (6, 6)):
  [  0.1850   -0.9618    0.4938   -0.6266   -0.0696    0.3600]
  [ -0.1335   -0.0967    0.0907    0.3872   -1.1910    0.1632]
  [  0.0416   -0.1773   -0.4498   -0.0707   -0.0106    0.2932]
  [  0.0972   -0.1054   -0.1048   -0.3308    0.1428   -0.0507]
  [ -0.1751    0.4289   -0.2457   -0.2335    0.0619    0.3955]
  [ -0.1945    0.5123   -0.1392    1.5541    0.1716    0.1343]

network.0.bias (shape: (6,)):
  [  0.7387    0.2870   -0.6014    0.1676    0.5373    0.8500]

network.2.weight (shape: (1, 6)):
  [ -0.5092    0.6403    0.7417    0.7020    1.2186   -1.0127]

network.2.bias (shape: (1,)):
  [  0.0686]

====================================
Running rhodmax with seed = 307
====================================
[rhodmax]
[rhodmax] Train Loss: 0.0697, Val Loss: 0.0960, Test Loss: 0.1161
[rhodmax] Train R^2 : 0.9303, Val R^2 : 0.9141, Test R^2 : 0.6724
[rhodmax] Train MAE : 0.0400, Val MAE : 0.0463, Test MAE : 0.0551
[rhodmax] Train RMSE: 0.0508, Val RMSE: 0.0597, Test RMSE: 0.0656

Model Parameters:

network.0.weight (shape: (6, 6)):
  [ -0.1434    0.4570   -0.5374   -0.3453   -0.1626    0.1362]
  [  0.0714    0.2794    0.1317   -0.0973    0.8894    0.1378]
  [ -0.0338    0.5059   -0.5109    0.0878    0.1296    0.3810]
  [ -0.1112    0.2322   -0.0394   -0.3750    0.0397    0.5078]
  [ -0.4240   -0.1645    0.6798    0.5211    0.1108   -0.2693]
  [ -0.0930    0.3899   -0.1927    0.6004    0.6602    0.4922]

network.0.bias (shape: (6,)):
  [  1.6595   -1.0098   -0.1432    0.2042    2.5236    0.5987]

network.2.weight (shape: (1, 6)):
  [  0.7936   -0.4487    0.6242    0.7214   -0.8382   -0.7109]

network.2.bias (shape: (1,)):
  [ -0.1123]

====================================
Running rhodmax with seed = 10
====================================
[rhodmax]
[rhodmax] Train Loss: 0.0652, Val Loss: 0.0850, Test Loss: 0.0533
[rhodmax] Train R^2 : 0.9348, Val R^2 : 0.9239, Test R^2 : 0.8497
[rhodmax] Train MAE : 0.0389, Val MAE : 0.0431, Test MAE : 0.0368
[rhodmax] Train RMSE: 0.0492, Val RMSE: 0.0561, Test RMSE: 0.0444

Model Parameters:

network.0.weight (shape: (6, 6)):
  [ -0.7625   -0.4733    0.4223   -0.0726   -0.5448   -0.5700]
  [  0.0407    0.2416    0.2284    0.4641    0.1677    0.1042]
  [ -0.1195    0.1548    0.1748    0.2547   -0.8388   -0.2227]
  [  0.1111   -0.3951    0.2586   -2.3814   -0.6468   -0.2467]
  [ -0.6065   -0.2509   -0.3047   -0.7473   -0.5357    0.3435]
  [  0.0999    0.7150   -0.0219   -0.1589    0.2344    0.3797]

network.0.bias (shape: (6,)):
  [  2.1914    0.4954    0.7453   -1.5392    1.8991    0.3433]

network.2.weight (shape: (1, 6)):
  [ -0.8046   -0.5409    0.7517    0.5468    0.5760    1.0729]

network.2.bias (shape: (1,)):
  [ -0.0935]

====================================
Running rhodmax with seed = 70
====================================
[rhodmax]
[rhodmax] Train Loss: 0.0800, Val Loss: 0.1022, Test Loss: 0.1054
[rhodmax] Train R^2 : 0.9200, Val R^2 : 0.9086, Test R^2 : 0.7027
[rhodmax] Train MAE : 0.0423, Val MAE : 0.0480, Test MAE : 0.0541
[rhodmax] Train RMSE: 0.0545, Val RMSE: 0.0615, Test RMSE: 0.0625

Model Parameters:

network.0.weight (shape: (6, 6)):
  [  0.0383   -0.1709   -0.1509   -0.0526    0.5948    0.0522]
  [  0.3975    0.0926   -0.4332    0.1305    0.0871    0.3089]
  [ -0.4178    0.2394   -0.5243    0.6077    0.2724    0.2978]
  [  0.1930   -0.3089    0.4921    0.1240   -0.1240   -0.2703]
  [ -0.1377   -0.2275   -0.1749   -0.0047   -0.5642   -0.1547]
  [ -0.2139    0.0622   -0.1366   -0.4625    0.0316    0.4248]

network.0.bias (shape: (6,)):
  [ -0.4833   -1.5090    0.7842   -0.3967    0.2640    0.5376]

network.2.weight (shape: (1, 6)):
  [ -0.8701    0.8234   -0.7058   -1.1404    0.2691    0.5484]

network.2.bias (shape: (1,)):
  [ -0.0421]

====================================
Running rhodmax with seed = 2010
====================================
[rhodmax]
[rhodmax] Train Loss: 0.0689, Val Loss: 0.0930, Test Loss: 0.0966
[rhodmax] Train R^2 : 0.9311, Val R^2 : 0.9168, Test R^2 : 0.7273
[rhodmax] Train MAE : 0.0387, Val MAE : 0.0464, Test MAE : 0.0501
[rhodmax] Train RMSE: 0.0505, Val RMSE: 0.0587, Test RMSE: 0.0599

Model Parameters:

network.0.weight (shape: (6, 6)):
  [ -0.1202    0.5186    0.0968   -0.2896    0.0417    0.4946]
  [  0.4496    0.3089   -0.0120   -0.0427   -0.1172    0.3023]
  [  0.0701   -0.2408   -0.0268   -1.5246   -0.2815   -0.1742]
  [ -0.8377    0.9395   -0.2723    1.4695   -0.5042    0.5362]
  [ -0.2217   -0.0396   -0.0946    0.3782   -0.0521    0.1462]
  [ -0.2512    0.4112   -0.0894    0.2991   -0.6098   -0.0470]

network.0.bias (shape: (6,)):
  [  0.4907   -1.3891   -0.8864    1.4608    0.3548    0.6007]

network.2.weight (shape: (1, 6)):
  [  1.2636    0.8737    0.5961   -0.6181   -0.3622    1.2092]

network.2.bias (shape: (1,)):
  [  0.2284]

====================================
Running rhodmax with seed = 2020
====================================
[rhodmax]
[rhodmax] Train Loss: 0.0675, Val Loss: 0.0967, Test Loss: 0.1987
[rhodmax] Train R^2 : 0.9325, Val R^2 : 0.9135, Test R^2 : 0.4393
[rhodmax] Train MAE : 0.0381, Val MAE : 0.0467, Test MAE : 0.0649
[rhodmax] Train RMSE: 0.0500, Val RMSE: 0.0599, Test RMSE: 0.0858

Model Parameters:

network.0.weight (shape: (6, 6)):
  [  0.0099   -0.9160    0.3762   -0.4826    0.2791   -0.6765]
  [  0.1013    0.3590   -0.2822   -0.0642   -0.3911    0.2022]
  [  0.0027    0.3431    0.2921   -0.7780    0.1535    0.9578]
  [ -0.1859    0.1865   -0.3066    0.9774    0.5593    0.4317]
  [  0.3135    0.2215   -0.6311    0.2673   -0.3698    0.4148]
  [  0.1373   -0.0347    0.3291   -0.3181    0.1743   -0.5316]

network.0.bias (shape: (6,)):
  [  0.4195    1.1366   -0.2029    0.7118   -2.2207    0.1529]

network.2.weight (shape: (1, 6)):
  [ -0.7783    1.1918    0.6066   -0.6999    0.9321    0.9801]

network.2.bias (shape: (1,)):
  [  0.2264]

====================================
Running rhodmax with seed = 2030
====================================
[rhodmax]
[rhodmax] Train Loss: 0.0747, Val Loss: 0.0975, Test Loss: 0.0911
[rhodmax] Train R^2 : 0.9253, Val R^2 : 0.9128, Test R^2 : 0.7429
[rhodmax] Train MAE : 0.0404, Val MAE : 0.0478, Test MAE : 0.0462
[rhodmax] Train RMSE: 0.0526, Val RMSE: 0.0601, Test RMSE: 0.0581

Model Parameters:

network.0.weight (shape: (6, 6)):
  [ -0.0979   -0.0764   -0.0638   -0.0163   -0.5156    0.1303]
  [ -0.3046   -0.0219   -0.2284    1.1841   -0.0406    0.0515]
  [  0.2906   -0.6284    0.2624   -0.0762    0.7036   -0.0962]
  [ -0.4434    0.1661   -0.0953    0.7017   -0.3509    0.0868]
  [  0.1929   -0.4167   -0.1819    0.5950    0.0254   -0.5660]
  [ -0.0522    1.0067   -0.7519    0.6607   -0.3499    0.5712]

network.0.bias (shape: (6,)):
  [ -0.0649    0.8785   -1.1433    0.9600   -1.0112   -0.8849]

network.2.weight (shape: (1, 6)):
  [  0.7479   -0.8214   -0.6518   -0.6276   -0.5197    0.5535]

network.2.bias (shape: (1,)):
  [  0.2025]

====================================
Running rhodmax with seed = 2040
====================================
[rhodmax]
[rhodmax] Train Loss: 0.0650, Val Loss: 0.0853, Test Loss: 0.0553
[rhodmax] Train R^2 : 0.9350, Val R^2 : 0.9237, Test R^2 : 0.8440
[rhodmax] Train MAE : 0.0383, Val MAE : 0.0444, Test MAE : 0.0381
[rhodmax] Train RMSE: 0.0491, Val RMSE: 0.0562, Test RMSE: 0.0453

Model Parameters:

network.0.weight (shape: (6, 6)):
  [ -0.0743    0.4773   -0.2123   -0.3155    0.1831    0.3233]
  [  0.2665   -0.3788   -0.0682   -0.6264    0.2704   -0.2460]
  [  0.1527   -0.0246   -0.0489    0.0465    0.7059   -0.0286]
  [  0.1735   -0.0095    0.2395    0.3459    0.0156   -0.8295]
  [ -0.2451    0.2232   -0.2577    2.4991    0.5166    0.0984]
  [  0.0879    0.7150   -0.3047    0.4813   -0.0583   -0.0742]

network.0.bias (shape: (6,)):
  [  0.6605   -0.1719   -0.8758    0.3302    1.6896   -0.6918]

network.2.weight (shape: (1, 6)):
  [  0.8273    0.5176   -0.8937   -0.5102   -0.9537    0.6878]

network.2.bias (shape: (1,)):
  [ -0.0191]

====================================
Running rhodmax with seed = 2070
====================================
[rhodmax]
[rhodmax] Train Loss: 0.0795, Val Loss: 0.0957, Test Loss: 0.1571
[rhodmax] Train R^2 : 0.9205, Val R^2 : 0.9144, Test R^2 : 0.5567
[rhodmax] Train MAE : 0.0405, Val MAE : 0.0471, Test MAE : 0.0611
[rhodmax] Train RMSE: 0.0543, Val RMSE: 0.0596, Test RMSE: 0.0763

Model Parameters:

network.0.weight (shape: (6, 6)):
  [  0.1310   -0.1782   -0.1026   -0.2284    0.1021   -0.0976]
  [  0.0700   -0.4057    0.2774   -0.0306   -0.0351   -0.1852]
  [  0.2333   -0.2893   -0.1263    0.9936   -0.2478   -0.9941]
  [  0.3078    0.1491   -0.5829    0.3866    0.1087    0.2713]
  [ -0.2459    0.5171   -0.2837    0.4438    0.8018    0.4833]
  [  0.0161    0.0798    0.1315    0.0911   -0.6618   -0.1005]

network.0.bias (shape: (6,)):
  [ -0.2312   -0.1928   -0.2420   -1.3500    0.8326    0.7009]

network.2.weight (shape: (1, 6)):
  [  0.8987   -1.2944   -0.6314    0.4647   -0.6698    1.0257]

network.2.bias (shape: (1,)):
  [ -0.1293]

====================================
Running rhodmax with seed = 3070
====================================
[rhodmax]
[rhodmax] Train Loss: 0.1047, Val Loss: 0.1228, Test Loss: 0.1051
[rhodmax] Train R^2 : 0.8953, Val R^2 : 0.8902, Test R^2 : 0.7035
[rhodmax] Train MAE : 0.0486, Val MAE : 0.0528, Test MAE : 0.0540
[rhodmax] Train RMSE: 0.0623, Val RMSE: 0.0675, Test RMSE: 0.0624

Model Parameters:

network.0.weight (shape: (6, 6)):
  [  0.1078   -0.4019    0.2263    0.2915    0.1697   -0.1590]
  [ -0.1186   -0.1331   -0.0197    0.0868    0.1349   -0.2790]
  [ -0.1181   -0.4126   -0.1952    0.1512    0.1927   -0.2114]
  [ -0.1328   -0.0992    0.4992   -0.0850   -0.0613   -0.1783]
  [  0.1137    0.1241    0.1234    0.0892    0.2408   -0.5114]
  [  0.0139   -0.2554   -0.0242   -0.4629   -0.5729   -0.2009]

network.0.bias (shape: (6,)):
  [ -1.1407    0.3860   -0.2522    0.7122   -0.1908   -0.0119]

network.2.weight (shape: (1, 6)):
  [ -0.7862   -0.2629   -0.5016   -0.7716   -0.2416    0.7021]

network.2.bias (shape: (1,)):
  [ -0.3147]

