====================================
Running wopt with seed = 30
====================================
[wopt]
[wopt] Train Loss: 0.0597, Val Loss: 0.1387, Test Loss: 0.3185
[wopt] Train R^2 : 0.9403, Val R^2 : 0.8995, Test R^2 : 0.0720
[wopt] Train MAE : 1.0832, Val MAE : 1.4966, Test MAE : 2.6184
[wopt] Train RMSE: 1.3300, Val RMSE: 2.0273, Test RMSE: 3.0718

Model Parameters:

network.0.weight (shape: (6, 6)):
  [  0.2871    0.3069   -0.0713    0.1794   -0.1901    0.4707]
  [ -0.1134    0.7149   -0.2904    0.2132    0.1007    0.5289]
  [  0.2822   -0.7234    0.1385   -0.8778    0.2313   -0.4511]
  [  0.0910   -0.1952    0.3820   -0.3113   -0.6876    0.4448]
  [  0.1237   -0.9888    0.4012    0.2412    0.0017   -0.0890]
  [  0.0880   -0.3782   -0.0984    0.2535    0.5461    1.5786]

network.0.bias (shape: (6,)):
  [ -0.9879    0.1850   -0.8577   -0.3019   -1.6888   -0.2864]

network.2.weight (shape: (1, 6)):
  [ -1.1860   -1.0814   -0.8674   -0.8048    0.8930    0.8889]

network.2.bias (shape: (1,)):
  [ -0.0984]

====================================
Running wopt with seed = 31
====================================
[wopt]
[wopt] Train Loss: 0.0703, Val Loss: 0.1342, Test Loss: 0.0966
[wopt] Train R^2 : 0.9297, Val R^2 : 0.9029, Test R^2 : 0.7184
[wopt] Train MAE : 1.1275, Val MAE : 1.4512, Test MAE : 1.2936
[wopt] Train RMSE: 1.4434, Val RMSE: 1.9935, Test RMSE: 1.6920

Model Parameters:

network.0.weight (shape: (6, 6)):
  [ -0.2036    0.3614   -0.4906   -0.3139    0.3041    0.4960]
  [ -0.0869    0.2215   -0.3229   -0.2756   -0.7110    0.3018]
  [  0.0916   -0.3943    0.0475   -0.5974   -0.4012   -0.1882]
  [  0.0350   -0.4189    0.7872   -0.2643    0.8249   -0.1818]
  [ -0.0301   -0.6072    0.8475   -1.2760    0.6388   -0.0729]
  [ -0.0104    0.1460    0.1092    0.7225   -0.2089   -0.3818]

network.0.bias (shape: (6,)):
  [  0.7505    1.5552   -0.4194   -1.5878    1.4177   -0.1702]

network.2.weight (shape: (1, 6)):
  [ -0.6392   -0.5875   -0.9103    0.5231    0.7044    0.5477]

network.2.bias (shape: (1,)):
  [  0.6743]

====================================
Running wopt with seed = 32
====================================
[wopt]
[wopt] Train Loss: 0.0560, Val Loss: 0.1388, Test Loss: 0.0980
[wopt] Train R^2 : 0.9440, Val R^2 : 0.8995, Test R^2 : 0.7145
[wopt] Train MAE : 1.0607, Val MAE : 1.4647, Test MAE : 1.2573
[wopt] Train RMSE: 1.2884, Val RMSE: 2.0277, Test RMSE: 1.7038

Model Parameters:

network.0.weight (shape: (6, 6)):
  [  0.1723   -0.7516    0.4185   -0.8345    0.2715    0.0962]
  [  0.2788   -0.2432   -0.0795   -0.6190    0.0740    0.0339]
  [  0.5281   -0.1897    0.3295   -1.1274    0.3110   -0.2191]
  [ -0.2243    0.4566   -0.0573    0.4163    0.4700   -0.3451]
  [ -0.6524    0.0560   -0.2633   -0.0949   -0.5321    0.3327]
  [ -0.1586    0.8664   -0.2508   -0.1400   -0.0671    0.4372]

network.0.bias (shape: (6,)):
  [  0.7609   -0.2903   -0.7482    0.4955    0.4893    1.4080]

network.2.weight (shape: (1, 6)):
  [  1.0236   -0.3304   -1.3738    0.8318   -0.9481   -1.4160]

network.2.bias (shape: (1,)):
  [  0.1315]

====================================
Running wopt with seed = 33
====================================
[wopt]
[wopt] Train Loss: 0.0686, Val Loss: 0.1446, Test Loss: 0.0846
[wopt] Train R^2 : 0.9314, Val R^2 : 0.8953, Test R^2 : 0.7535
[wopt] Train MAE : 1.1511, Val MAE : 1.5268, Test MAE : 1.1761
[wopt] Train RMSE: 1.4256, Val RMSE: 2.0700, Test RMSE: 1.5830

Model Parameters:

network.0.weight (shape: (6, 6)):
  [ -0.2698    0.5752   -0.5473   -0.3895    0.2193    0.6020]
  [  0.1939   -0.1993    0.1748   -0.7939   -0.2641    0.0216]
  [ -0.3743    0.7363   -0.6917   -0.3915    0.0388    0.3412]
  [ -0.0266    0.3308   -0.7681    0.6844   -0.1954    0.0706]
  [  0.0241   -0.1779    0.5385    0.0966    1.0492   -0.2645]
  [  0.0977   -0.0266    0.1599    0.3304    0.1574   -0.3543]

network.0.bias (shape: (6,)):
  [  1.5267   -0.4296    1.9282   -0.8667   -1.8108   -0.6146]

network.2.weight (shape: (1, 6)):
  [ -0.5063   -1.0140   -0.5819   -0.7754    0.4784    0.6017]

network.2.bias (shape: (1,)):
  [  0.9949]

====================================
Running wopt with seed = 51
====================================
[wopt]
[wopt] Train Loss: 0.0655, Val Loss: 0.1337, Test Loss: 0.1466
[wopt] Train R^2 : 0.9345, Val R^2 : 0.9032, Test R^2 : 0.5729
[wopt] Train MAE : 1.1131, Val MAE : 1.4571, Test MAE : 1.8107
[wopt] Train RMSE: 1.3932, Val RMSE: 1.9902, Test RMSE: 2.0840

Model Parameters:

network.0.weight (shape: (6, 6)):
  [  0.0179    0.5274   -0.0197   -0.2334   -0.1259    1.2170]
  [  0.3832   -0.5674    0.3830    0.2231    0.0652   -0.2338]
  [ -0.0979   -0.2750    0.0109    0.2324   -1.0732    0.1860]
  [  0.1257    0.5444   -0.1479    0.0813    0.0286   -0.3538]
  [  0.2548   -0.5890    0.6878   -0.0596   -0.0516   -0.2468]
  [  0.3700   -0.7137    0.3534   -1.4938    0.0829   -0.2176]

network.0.bias (shape: (6,)):
  [ -0.8360   -1.1332    0.1015   -0.3783   -0.5153   -0.9773]

network.2.weight (shape: (1, 6)):
  [ -0.5516    1.0136   -0.7099   -0.7607    0.7642   -1.2223]

network.2.bias (shape: (1,)):
  [  0.0687]

====================================
Running wopt with seed = 70
====================================
[wopt]
[wopt] Train Loss: 0.0713, Val Loss: 0.1207, Test Loss: 0.1481
[wopt] Train R^2 : 0.9287, Val R^2 : 0.9126, Test R^2 : 0.5685
[wopt] Train MAE : 1.1660, Val MAE : 1.4414, Test MAE : 1.7043
[wopt] Train RMSE: 1.4532, Val RMSE: 1.8910, Test RMSE: 2.0945

Model Parameters:

network.0.weight (shape: (6, 6)):
  [  0.0009    0.0428   -0.2559   -0.2977    0.2325    0.3144]
  [  0.0202   -0.4569    0.1610   -0.0330    0.8266   -0.1399]
  [ -0.3094    0.4229   -0.7242   -0.2347    0.3764    0.4234]
  [  0.1454   -0.1118    0.3711   -0.1857   -0.6370    0.1122]
  [  0.0502   -0.5475    0.0047   -0.9429   -0.0778   -0.3389]
  [ -0.1024   -0.5777    0.2683   -0.6557    0.2548    0.0413]

network.0.bias (shape: (6,)):
  [ -0.1386   -1.5697    0.8121   -0.3225   -0.4165    0.7618]

network.2.weight (shape: (1, 6)):
  [ -0.8794    0.9788   -0.6835   -0.8702   -0.7056    0.7561]

network.2.bias (shape: (1,)):
  [  0.3527]

====================================
Running wopt with seed = 90
====================================
[wopt]
[wopt] Train Loss: 0.0765, Val Loss: 0.1466, Test Loss: 0.3162
[wopt] Train R^2 : 0.9235, Val R^2 : 0.8939, Test R^2 : 0.0787
[wopt] Train MAE : 1.1501, Val MAE : 1.5657, Test MAE : 2.6004
[wopt] Train RMSE: 1.5050, Val RMSE: 2.0836, Test RMSE: 3.0606

Model Parameters:

network.0.weight (shape: (6, 6)):
  [  0.3148   -0.6156    0.5018    0.5058   -0.0856   -0.3541]
  [ -0.1029   -0.1862    0.5273   -0.4261    0.0768   -0.2430]
  [ -0.2366    0.6135   -0.5294    0.2183   -1.0057    0.0948]
  [  0.0811    0.0720   -0.2124   -0.4485   -0.4679   -0.6755]
  [ -0.2967   -0.2883   -0.0285   -0.1919    0.4198   -0.4729]
  [  0.0856    0.1848   -0.3148    0.4963    0.3440   -0.1052]

network.0.bias (shape: (6,)):
  [ -1.8446    0.8790    1.8486    0.5059    0.9325    0.2153]

network.2.weight (shape: (1, 6)):
  [  0.9916    0.6043   -0.4367   -0.7228    0.7492    0.2612]

network.2.bias (shape: (1,)):
  [  0.6856]

====================================
Running wopt with seed = 99
====================================
[wopt]
[wopt] Train Loss: 0.0801, Val Loss: 0.1642, Test Loss: 0.0997
[wopt] Train R^2 : 0.9199, Val R^2 : 0.8811, Test R^2 : 0.7096
[wopt] Train MAE : 1.2329, Val MAE : 1.5953, Test MAE : 1.4307
[wopt] Train RMSE: 1.5407, Val RMSE: 2.2054, Test RMSE: 1.7185

Model Parameters:

network.0.weight (shape: (6, 6)):
  [ -0.3055    0.8176   -0.0041    1.0562   -0.2231    0.2258]
  [  0.1616   -0.4037    0.5241   -0.3208    0.1324   -0.4283]
  [  0.2804    0.0575    0.5679    0.0407    0.2647    0.1122]
  [ -0.3832    0.8422   -0.6779   -0.0984    0.2474    0.4757]
  [  0.2875   -0.5004    0.2491   -0.1506    0.4273   -0.1006]
  [ -0.2126   -0.0557   -0.2207   -0.0091   -0.5449    0.4016]

network.0.bias (shape: (6,)):
  [  0.6835    0.0676   -0.5089    0.7362   -0.6837    0.2421]

network.2.weight (shape: (1, 6)):
  [  1.4307    0.6561    0.6036   -0.3884    0.8376   -0.7546]

network.2.bias (shape: (1,)):
  [  0.4620]

====================================
Running wopt with seed = 300
====================================
[wopt]
[wopt] Train Loss: 0.0593, Val Loss: 0.1299, Test Loss: 0.1660
[wopt] Train R^2 : 0.9407, Val R^2 : 0.9060, Test R^2 : 0.5163
[wopt] Train MAE : 1.0880, Val MAE : 1.4492, Test MAE : 1.8683
[wopt] Train RMSE: 1.3250, Val RMSE: 1.9613, Test RMSE: 2.2177

Model Parameters:

network.0.weight (shape: (6, 6)):
  [ -0.3382    0.9508   -0.5447   -0.2094   -0.1562    0.3581]
  [ -0.1923   -0.2776    0.2445   -0.0846   -0.0510   -0.1550]
  [  0.3961   -0.4567    0.2013   -1.1824    0.3102   -0.2961]
  [  0.1395    0.4657   -0.4335    0.2134    0.6148    0.0354]
  [ -0.1166   -0.2109   -0.2324    0.0385   -0.5705    0.0795]
  [ -0.2082    0.6627   -0.4461    0.2367    0.0887    0.2951]

network.0.bias (shape: (6,)):
  [  1.9851    0.6442   -0.8298    0.2063    0.2083    0.0255]

network.2.weight (shape: (1, 6)):
  [ -1.2196    0.9076   -1.0641    0.7559   -0.9129   -1.1303]

network.2.bias (shape: (1,)):
  [  0.2609]

====================================
Running wopt with seed = 310
====================================
[wopt]
[wopt] Train Loss: 0.0712, Val Loss: 0.1564, Test Loss: 0.3431
[wopt] Train R^2 : 0.9288, Val R^2 : 0.8867, Test R^2 : 0.0005
[wopt] Train MAE : 1.1658, Val MAE : 1.6017, Test MAE : 2.6540
[wopt] Train RMSE: 1.4522, Val RMSE: 2.1526, Test RMSE: 3.1879

Model Parameters:

network.0.weight (shape: (6, 6)):
  [ -0.0062   -0.1025   -0.4479   -0.0980   -0.6992   -0.8052]
  [ -0.5584   -0.0598    0.1069   -0.3342    0.1922   -0.5228]
  [ -0.1949    0.7232   -0.9046    0.7496    0.4845    0.1528]
  [ -0.0354   -0.4457    0.0001    0.0963    0.1675   -0.3519]
  [ -0.4785    0.0871    0.7895   -1.7519   -0.1391    2.0754]
  [ -0.0960    0.8690   -0.6025    0.1163    0.3409    0.0598]

network.0.bias (shape: (6,)):
  [  0.6704    1.0379    0.2792   -0.8668   -0.7841    0.0743]

network.2.weight (shape: (1, 6)):
  [ -0.8762    0.6743    0.9444    0.8525   -0.4885   -1.3164]

network.2.bias (shape: (1,)):
  [  0.2963]

====================================
Running wopt with seed = 320
====================================
[wopt]
[wopt] Train Loss: 0.0615, Val Loss: 0.1334, Test Loss: 0.0658
[wopt] Train R^2 : 0.9385, Val R^2 : 0.9034, Test R^2 : 0.8083
[wopt] Train MAE : 1.0794, Val MAE : 1.4445, Test MAE : 1.0495
[wopt] Train RMSE: 1.3492, Val RMSE: 1.9880, Test RMSE: 1.3963

Model Parameters:

network.0.weight (shape: (6, 6)):
  [  0.1213    0.9486   -0.3874    0.2881    0.0231    0.3698]
  [  0.3065    0.7923   -0.6765    0.9382    0.0887    0.0580]
  [  0.1268   -0.2445    0.1690    0.4655    0.0403   -0.2958]
  [ -0.1690   -0.0847   -0.3917   -0.0125    0.7779   -0.1455]
  [ -0.3475    0.9496   -0.5573   -0.3387   -0.0624    0.4399]
  [ -0.0912    0.4574   -0.0222    1.5044    0.0606    0.0254]

network.0.bias (shape: (6,)):
  [  0.1822   -1.8478   -0.8914   -0.3884    1.9902    0.7846]

network.2.weight (shape: (1, 6)):
  [ -0.5589   -0.5394    0.7793    0.6888   -0.7919    0.8525]

network.2.bias (shape: (1,)):
  [  0.7941]

====================================
Running wopt with seed = 330
====================================
[wopt]
[wopt] Train Loss: 0.0619, Val Loss: 0.1598, Test Loss: 0.1729
[wopt] Train R^2 : 0.9381, Val R^2 : 0.8843, Test R^2 : 0.4961
[wopt] Train MAE : 1.0985, Val MAE : 1.5402, Test MAE : 1.7339
[wopt] Train RMSE: 1.3545, Val RMSE: 2.1758, Test RMSE: 2.2635

Model Parameters:

network.0.weight (shape: (6, 6)):
  [ -0.4400    0.3193   -0.7356   -0.2811    0.0445    0.3403]
  [ -0.0710    0.3002   -0.2181    0.1814    0.5850   -0.5506]
  [ -0.2101    1.0426   -0.8445    1.1718   -0.1595   -0.3562]
  [ -0.0602    0.4428   -0.3380    0.0864    0.1132    0.2052]
  [ -0.0200    0.2281    0.1789    0.1184    0.5136    0.1322]
  [  0.3065   -0.5420    0.0545   -0.8988    0.0992   -0.2771]

network.0.bias (shape: (6,)):
  [  1.2354    0.2086   -1.5392   -0.0458   -0.3930   -0.6924]

network.2.weight (shape: (1, 6)):
  [ -1.6690    0.8183   -0.5672   -0.6185    0.6804   -0.9121]

network.2.bias (shape: (1,)):
  [  0.6390]

====================================
Running wopt with seed = 510
====================================
[wopt]
[wopt] Train Loss: 0.0737, Val Loss: 0.1475, Test Loss: 0.1251
[wopt] Train R^2 : 0.9263, Val R^2 : 0.8932, Test R^2 : 0.6356
[wopt] Train MAE : 1.1731, Val MAE : 1.5232, Test MAE : 1.4813
[wopt] Train RMSE: 1.4775, Val RMSE: 2.0907, Test RMSE: 1.9249

Model Parameters:

network.0.weight (shape: (6, 6)):
  [  0.0488    0.8119   -0.4832    0.8272   -0.1597   -0.0830]
  [  0.0441   -0.6101    0.4419    0.1091    0.0434   -0.2383]
  [  0.1034   -0.2190    0.2814    0.4486   -0.2803   -0.5702]
  [  0.2605   -0.3720    0.1379   -0.6590   -0.1498   -0.2279]
  [  0.0257    0.3825   -0.2606   -0.1084   -0.7327   -0.1331]
  [ -0.0467    0.2319   -0.2146    0.0807    0.7443   -0.3706]

network.0.bias (shape: (6,)):
  [ -1.2018   -1.0840   -0.5409   -0.2248    1.2546    0.1079]

network.2.weight (shape: (1, 6)):
  [ -0.8260    0.6226    0.7889   -0.8201   -0.4797    0.6777]

network.2.bias (shape: (1,)):
  [  0.4624]

====================================
Running wopt with seed = 700
====================================
[wopt]
[wopt] Train Loss: 0.0697, Val Loss: 0.1360, Test Loss: 0.1302
[wopt] Train R^2 : 0.9303, Val R^2 : 0.9015, Test R^2 : 0.6208
[wopt] Train MAE : 1.1048, Val MAE : 1.4864, Test MAE : 1.7396
[wopt] Train RMSE: 1.4366, Val RMSE: 2.0072, Test RMSE: 1.9636

Model Parameters:

network.0.weight (shape: (6, 6)):
  [ -0.1198   -0.7132    0.4397    0.0624   -0.2708   -0.2551]
  [ -0.1505    0.3911   -0.2605    0.7708    0.6708    0.3165]
  [ -0.2282    0.3525   -0.3413   -0.2535   -0.2734    0.3662]
  [ -0.1047   -0.2485   -0.1842   -0.7025    0.1013    0.6897]
  [  0.2659    0.0867    0.1549   -0.1526   -0.7229   -0.2515]
  [  0.2649    0.7230   -0.4249    0.9384   -0.1908    0.0517]

network.0.bias (shape: (6,)):
  [ -0.6345    0.7774    1.3244    0.1125    1.0410   -1.4589]

network.2.weight (shape: (1, 6)):
  [  0.6201    0.6938   -1.0381   -0.5833   -0.6306   -0.7413]

network.2.bias (shape: (1,)):
  [  0.7803]

====================================
Running wopt with seed = 900
====================================
[wopt]
[wopt] Train Loss: 0.0714, Val Loss: 0.1506, Test Loss: 0.0696
[wopt] Train R^2 : 0.9286, Val R^2 : 0.8910, Test R^2 : 0.7973
[wopt] Train MAE : 1.1392, Val MAE : 1.5554, Test MAE : 1.0510
[wopt] Train RMSE: 1.4543, Val RMSE: 2.1122, Test RMSE: 1.4355

Model Parameters:

network.0.weight (shape: (6, 6)):
  [  0.1821   -0.7556    0.5554    0.3148   -0.0894   -0.3244]
  [  0.0806   -0.4693    0.6188   -0.6145    0.1726    0.1455]
  [  0.3692    0.0431    0.2589   -0.5603   -0.2187   -0.1891]
  [ -0.1384    0.3293   -0.1023   -0.1223   -0.4687    0.2580]
  [  0.3716   -0.2334    0.3981   -0.7433   -0.1664   -0.0916]
  [ -0.0856   -0.2685    0.0682   -1.1061    0.0733    1.4112]

network.0.bias (shape: (6,)):
  [ -1.5927    0.8359   -0.1728    0.9495   -0.7663   -0.3946]

network.2.weight (shape: (1, 6)):
  [  0.8961    0.7282   -0.6198   -0.9842   -0.5685   -0.4624]

network.2.bias (shape: (1,)):
  [  0.5575]

====================================
Running wopt with seed = 990
====================================
[wopt]
[wopt] Train Loss: 0.0582, Val Loss: 0.1383, Test Loss: 0.2756
[wopt] Train R^2 : 0.9418, Val R^2 : 0.8999, Test R^2 : 0.1971
[wopt] Train MAE : 1.0500, Val MAE : 1.5194, Test MAE : 2.4142
[wopt] Train RMSE: 1.3133, Val RMSE: 2.0241, Test RMSE: 2.8571

Model Parameters:

network.0.weight (shape: (6, 6)):
  [  0.1667   -1.0205    0.2586    0.2988    0.0879   -0.3077]
  [  0.1541   -0.4261   -0.2681    0.0754   -0.3660    0.5652]
  [  0.1425   -0.6033    0.3061   -1.4921   -0.5709   -0.5668]
  [  0.6816    0.4723   -0.0322   -0.2875   -0.8652   -1.1241]
  [  0.0693   -0.0025    0.0242   -0.5385    0.0928    0.5624]
  [  0.0593    0.6967   -0.2358    0.5686   -0.1613    0.0025]

network.0.bias (shape: (6,)):
  [ -1.8141   -0.9067   -0.6453    1.2072    0.1213   -0.7347]

network.2.weight (shape: (1, 6)):
  [  1.0235   -0.5474   -0.5177   -0.6192   -0.8116   -1.0013]

network.2.bias (shape: (1,)):
  [  0.4908]

