====================================
Running rhodmax with seed = 1
====================================
[rhodmax]
[rhodmax] Train Loss: 0.1125, Val Loss: 0.1281, Test Loss: 0.0981
[rhodmax] Train R^2 : 0.8875, Val R^2 : 0.8854, Test R^2 : 0.7233
[rhodmax] Train MAE : 0.0495, Val MAE : 0.0531, Test MAE : 0.0506
[rhodmax] Train RMSE: 0.0646, Val RMSE: 0.0689, Test RMSE: 0.0603

Model Parameters:

network.0.weight (shape: (3, 6)):
  [ -0.2103   -0.4202    0.2368    0.2180   -0.1613   -0.4395]
  [ -0.1062    0.2792    0.0156    0.3996    0.5699    0.1113]
  [  0.1156   -0.3919    0.0966    0.1644    0.4120   -0.2254]

network.0.bias (shape: (3,)):
  [  0.6372    0.2006   -0.7981]

network.2.weight (shape: (1, 3)):
  [ -0.8728   -0.7789   -0.9586]

network.2.bias (shape: (1,)):
  [ -0.1238]

====================================
Running rhodmax with seed = 7
====================================
[rhodmax]
[rhodmax] Train Loss: 0.1037, Val Loss: 0.1236, Test Loss: 0.1210
[rhodmax] Train R^2 : 0.8963, Val R^2 : 0.8894, Test R^2 : 0.6585
[rhodmax] Train MAE : 0.0485, Val MAE : 0.0521, Test MAE : 0.0565
[rhodmax] Train RMSE: 0.0620, Val RMSE: 0.0677, Test RMSE: 0.0670

Model Parameters:

network.0.weight (shape: (3, 6)):
  [  0.2344   -0.5559    0.1450    0.3217    0.3425   -0.3306]
  [  0.1224    0.3309   -0.3926   -0.0701   -0.0738    0.4557]
  [  0.0774   -0.2349   -0.1688   -0.6292   -0.3985   -0.1171]

network.0.bias (shape: (3,)):
  [ -1.2299   -0.9184   -0.4869]

network.2.weight (shape: (1, 3)):
  [ -0.9442    0.8481    0.9812]

network.2.bias (shape: (1,)):
  [  0.0053]

====================================
Running rhodmax with seed = 201
====================================
[rhodmax]
[rhodmax] Train Loss: 0.0822, Val Loss: 0.0958, Test Loss: 0.0930
[rhodmax] Train R^2 : 0.9178, Val R^2 : 0.9143, Test R^2 : 0.7377
[rhodmax] Train MAE : 0.0414, Val MAE : 0.0468, Test MAE : 0.0455
[rhodmax] Train RMSE: 0.0552, Val RMSE: 0.0596, Test RMSE: 0.0587

Model Parameters:

network.0.weight (shape: (3, 6)):
  [ -0.1403    0.4363   -0.3195   -0.0241   -0.0611    0.2836]
  [  0.2044   -0.4087   -0.0300   -1.3824    0.1603   -0.0505]
  [ -0.1809    0.0072    0.1139    0.2773   -1.3259    0.2179]

network.0.bias (shape: (3,)):
  [  0.1115   -0.8032    0.2673]

network.2.weight (shape: (1, 3)):
  [  1.6033    1.5077    0.7224]

network.2.bias (shape: (1,)):
  [  0.2760]

====================================
Running rhodmax with seed = 202
====================================
[rhodmax]
[rhodmax] Train Loss: 0.0633, Val Loss: 0.0861, Test Loss: 0.0661
[rhodmax] Train R^2 : 0.9367, Val R^2 : 0.9230, Test R^2 : 0.8136
[rhodmax] Train MAE : 0.0391, Val MAE : 0.0444, Test MAE : 0.0389
[rhodmax] Train RMSE: 0.0484, Val RMSE: 0.0565, Test RMSE: 0.0495

Model Parameters:

network.0.weight (shape: (3, 6)):
  [ -0.0748    0.3352    0.0884    2.2665    0.2128   -0.0104]
  [  0.4230   -0.2839   -0.1341    0.9864    0.3344   -0.4530]
  [ -0.0217    0.3417   -0.3109    0.2778   -0.1155    0.1298]

network.0.bias (shape: (3,)):
  [  1.3886   -2.2876   -0.2612]

network.2.weight (shape: (1, 3)):
  [ -1.7425   -1.0595    1.4258]

network.2.bias (shape: (1,)):
  [  0.1240]

====================================
Running rhodmax with seed = 203
====================================
[rhodmax]
[rhodmax] Train Loss: 0.0657, Val Loss: 0.0865, Test Loss: 0.0498
[rhodmax] Train R^2 : 0.9343, Val R^2 : 0.9226, Test R^2 : 0.8596
[rhodmax] Train MAE : 0.0402, Val MAE : 0.0447, Test MAE : 0.0361
[rhodmax] Train RMSE: 0.0493, Val RMSE: 0.0566, Test RMSE: 0.0429

Model Parameters:

network.0.weight (shape: (3, 6)):
  [ -0.2023    0.0914   -0.1554   -0.3600   -0.1508    0.2517]
  [ -0.0094    0.4736   -0.4708    0.4279   -0.2500    0.1660]
  [ -0.2573    0.2069   -0.0862    3.0277    0.1881   -0.0042]

network.0.bias (shape: (3,)):
  [  0.8490   -0.4154    1.8073]

network.2.weight (shape: (1, 3)):
  [  1.5833    0.7958   -1.3522]

network.2.bias (shape: (1,)):
  [ -0.1361]

====================================
Running rhodmax with seed = 204
====================================
[rhodmax]
[rhodmax] Train Loss: 0.0844, Val Loss: 0.0963, Test Loss: 0.0995
[rhodmax] Train R^2 : 0.9156, Val R^2 : 0.9139, Test R^2 : 0.7192
[rhodmax] Train MAE : 0.0431, Val MAE : 0.0482, Test MAE : 0.0464
[rhodmax] Train RMSE: 0.0559, Val RMSE: 0.0597, Test RMSE: 0.0607

Model Parameters:

network.0.weight (shape: (3, 6)):
  [ -0.3359    0.5305   -0.0916    1.9345    0.0363    0.1396]
  [  0.1582    0.0657    0.0705   -0.0236    0.7062   -0.1375]
  [  0.1353   -0.3770    0.4034    0.1726   -0.1126   -0.3006]

network.0.bias (shape: (3,)):
  [  1.2720   -0.2585   -0.1579]

network.2.weight (shape: (1, 3)):
  [ -1.0678   -1.0579   -1.4525]

network.2.bias (shape: (1,)):
  [  0.0888]

====================================
Running rhodmax with seed = 207
====================================
[rhodmax]
[rhodmax] Train Loss: 0.1130, Val Loss: 0.1308, Test Loss: 0.1306
[rhodmax] Train R^2 : 0.8870, Val R^2 : 0.8830, Test R^2 : 0.6316
[rhodmax] Train MAE : 0.0508, Val MAE : 0.0545, Test MAE : 0.0567
[rhodmax] Train RMSE: 0.0647, Val RMSE: 0.0696, Test RMSE: 0.0696

Model Parameters:

network.0.weight (shape: (3, 6)):
  [ -0.0888   -0.4298    0.3829   -0.0647    0.0115   -0.2882]
  [  0.1259   -0.2174    0.0727   -0.3051   -0.5378   -0.0148]
  [  0.0024   -0.5267   -0.2245    0.4700    0.2821   -0.3606]

network.0.bias (shape: (3,)):
  [  0.4351   -0.1566   -0.9496]

network.2.weight (shape: (1, 3)):
  [ -1.0275    0.9596   -0.7174]

network.2.bias (shape: (1,)):
  [ -0.1256]

====================================
Running rhodmax with seed = 307
====================================
[rhodmax]
[rhodmax] Train Loss: 0.0812, Val Loss: 0.0966, Test Loss: 0.0628
[rhodmax] Train R^2 : 0.9188, Val R^2 : 0.9136, Test R^2 : 0.8228
[rhodmax] Train MAE : 0.0447, Val MAE : 0.0468, Test MAE : 0.0391
[rhodmax] Train RMSE: 0.0549, Val RMSE: 0.0598, Test RMSE: 0.0482

Model Parameters:

network.0.weight (shape: (3, 6)):
  [ -0.2234    0.0166   -0.2349    1.9338    0.4032    0.1121]
  [  0.5086   -0.2517    0.1546    0.1355    0.9002   -0.1278]
  [  0.0186    0.1531   -0.2784   -0.1306    0.1170    0.2687]

network.0.bias (shape: (3,)):
  [  1.2514   -1.6082   -0.1863]

network.2.weight (shape: (1, 3)):
  [ -1.3317   -0.7950    1.4985]

network.2.bias (shape: (1,)):
  [  0.1234]

====================================
Running rhodmax with seed = 10
====================================
[rhodmax]
[rhodmax] Train Loss: 0.1090, Val Loss: 0.1239, Test Loss: 0.1297
[rhodmax] Train R^2 : 0.8910, Val R^2 : 0.8891, Test R^2 : 0.6340
[rhodmax] Train MAE : 0.0490, Val MAE : 0.0530, Test MAE : 0.0580
[rhodmax] Train RMSE: 0.0636, Val RMSE: 0.0678, Test RMSE: 0.0693

Model Parameters:

network.0.weight (shape: (3, 6)):
  [ -0.2135   -0.3704    0.1368   -0.0155   -0.1343   -0.1681]
  [  0.0537    0.4125    0.1162    0.1493    0.5916    0.0410]
  [  0.1899   -0.1080    0.2378    0.2631    0.1509   -0.2562]

network.0.bias (shape: (3,)):
  [  0.2070   -0.0567   -0.5077]

network.2.weight (shape: (1, 3)):
  [ -1.1817   -1.1309   -1.1102]

network.2.bias (shape: (1,)):
  [ -0.3583]

====================================
Running rhodmax with seed = 70
====================================
[rhodmax]
[rhodmax] Train Loss: 0.0840, Val Loss: 0.1000, Test Loss: 0.0810
[rhodmax] Train R^2 : 0.9160, Val R^2 : 0.9105, Test R^2 : 0.7714
[rhodmax] Train MAE : 0.0429, Val MAE : 0.0487, Test MAE : 0.0414
[rhodmax] Train RMSE: 0.0558, Val RMSE: 0.0609, Test RMSE: 0.0548

Model Parameters:

network.0.weight (shape: (3, 6)):
  [  0.2649   -0.5166   -0.0466   -1.2794    0.0743   -0.1246]
  [  0.1001   -0.1409   -0.1271   -0.0505    0.7837   -0.1714]
  [ -0.2853    0.2786   -0.5908   -0.1088    0.0567    0.3088]

network.0.bias (shape: (3,)):
  [ -1.0352   -0.2110    0.1561]

network.2.weight (shape: (1, 3)):
  [  1.4934   -1.0481    1.3993]

network.2.bias (shape: (1,)):
  [  0.4172]

====================================
Running rhodmax with seed = 2010
====================================
[rhodmax]
[rhodmax] Train Loss: 0.0989, Val Loss: 0.1185, Test Loss: 0.0498
[rhodmax] Train R^2 : 0.9011, Val R^2 : 0.8940, Test R^2 : 0.8595
[rhodmax] Train MAE : 0.0460, Val MAE : 0.0503, Test MAE : 0.0328
[rhodmax] Train RMSE: 0.0605, Val RMSE: 0.0663, Test RMSE: 0.0430

Model Parameters:

network.0.weight (shape: (3, 6)):
  [  0.1085    0.6110   -0.0478   -0.3123   -0.0660    0.5445]
  [  0.4592   -0.3869    0.4125    0.0156    0.7059   -0.2782]
  [  0.2097   -0.3061   -0.0407   -0.9335   -0.1305   -0.1466]

network.0.bias (shape: (3,)):
  [ -0.5519   -1.0120   -0.6846]

network.2.weight (shape: (1, 3)):
  [  0.9408   -0.8124    1.1406]

network.2.bias (shape: (1,)):
  [  0.2543]

====================================
Running rhodmax with seed = 2020
====================================
[rhodmax]
[rhodmax] Train Loss: 0.0775, Val Loss: 0.0995, Test Loss: 0.0691
[rhodmax] Train R^2 : 0.9225, Val R^2 : 0.9110, Test R^2 : 0.8051
[rhodmax] Train MAE : 0.0430, Val MAE : 0.0484, Test MAE : 0.0388
[rhodmax] Train RMSE: 0.0536, Val RMSE: 0.0607, Test RMSE: 0.0506

Model Parameters:

network.0.weight (shape: (3, 6)):
  [  0.1149   -0.3046    0.0043   -2.3025   -0.4223   -0.0074]
  [  0.0848    0.4319   -0.3145    0.0217    0.1086    0.2489]
  [  0.4219    0.0538    0.1761    0.4147    0.5586   -0.3013]

network.0.bias (shape: (3,)):
  [ -1.3529   -0.2171   -1.3644]

network.2.weight (shape: (1, 3)):
  [  1.2230    1.1894   -0.9323]

network.2.bias (shape: (1,)):
  [ -0.1016]

====================================
Running rhodmax with seed = 2030
====================================
[rhodmax]
[rhodmax] Train Loss: 0.0998, Val Loss: 0.1171, Test Loss: 0.0783
[rhodmax] Train R^2 : 0.9002, Val R^2 : 0.8952, Test R^2 : 0.7790
[rhodmax] Train MAE : 0.0465, Val MAE : 0.0499, Test MAE : 0.0464
[rhodmax] Train RMSE: 0.0608, Val RMSE: 0.0659, Test RMSE: 0.0539

Model Parameters:

network.0.weight (shape: (3, 6)):
  [  0.0309    0.2186   -0.2966    0.0814   -0.3579    0.3920]
  [ -0.3243    0.0211   -0.2062    0.8069   -0.0688    0.1983]
  [  0.3702   -0.7003    0.2192   -0.0608    0.8972   -0.3145]

network.0.bias (shape: (3,)):
  [ -0.7075    0.0772   -1.2500]

network.2.weight (shape: (1, 3)):
  [  1.1242   -0.9262   -0.8114]

network.2.bias (shape: (1,)):
  [ -0.0413]

====================================
Running rhodmax with seed = 2040
====================================
[rhodmax]
[rhodmax] Train Loss: 0.0830, Val Loss: 0.1029, Test Loss: 0.0638
[rhodmax] Train R^2 : 0.9170, Val R^2 : 0.9080, Test R^2 : 0.8201
[rhodmax] Train MAE : 0.0449, Val MAE : 0.0474, Test MAE : 0.0391
[rhodmax] Train RMSE: 0.0555, Val RMSE: 0.0618, Test RMSE: 0.0486

Model Parameters:

network.0.weight (shape: (3, 6)):
  [ -0.1730    0.0961    0.0384    1.8548    0.3342    0.0517]
  [  0.0956    0.3840   -0.3566   -0.2516    0.1592    0.5833]
  [  0.2495   -0.3974    0.0909    0.2364    0.4310   -0.1975]

network.0.bias (shape: (3,)):
  [  1.3216   -0.6732   -1.1971]

network.2.weight (shape: (1, 3)):
  [ -1.2746    0.6702   -1.1582]

network.2.bias (shape: (1,)):
  [  0.0468]

====================================
Running rhodmax with seed = 2070
====================================
[rhodmax]
[rhodmax] Train Loss: 0.0943, Val Loss: 0.1123, Test Loss: 0.0438
[rhodmax] Train R^2 : 0.9057, Val R^2 : 0.8995, Test R^2 : 0.8764
[rhodmax] Train MAE : 0.0452, Val MAE : 0.0513, Test MAE : 0.0333
[rhodmax] Train RMSE: 0.0591, Val RMSE: 0.0645, Test RMSE: 0.0403

Model Parameters:

network.0.weight (shape: (3, 6)):
  [ -0.0356    0.4119   -0.2819    0.1197   -0.1626    0.1984]
  [  0.2616   -0.1958    0.1076   -1.1019   -0.0616   -0.0037]
  [  0.2640   -0.4317   -0.1523    0.3760    0.5467   -0.4782]

network.0.bias (shape: (3,)):
  [ -0.0907   -0.7878   -0.8728]

network.2.weight (shape: (1, 3)):
  [  1.1492    1.4305   -0.7795]

network.2.bias (shape: (1,)):
  [  0.2015]

====================================
Running rhodmax with seed = 3070
====================================
[rhodmax]
[rhodmax] Train Loss: 0.0785, Val Loss: 0.0874, Test Loss: 0.0824
[rhodmax] Train R^2 : 0.9215, Val R^2 : 0.9218, Test R^2 : 0.7674
[rhodmax] Train MAE : 0.0409, Val MAE : 0.0456, Test MAE : 0.0439
[rhodmax] Train RMSE: 0.0539, Val RMSE: 0.0569, Test RMSE: 0.0553

Model Parameters:

network.0.weight (shape: (3, 6)):
  [  0.1109   -0.3719    0.2138    0.1051   -0.0043   -0.2367]
  [  0.1949   -0.0101   -0.2373   -0.3722    1.5481   -0.2238]
  [  0.0978   -0.5569   -0.2522   -1.2677    0.0042   -0.0643]

network.0.bias (shape: (3,)):
  [ -0.1550   -0.4503   -0.9709]

network.2.weight (shape: (1, 3)):
  [ -1.8894   -0.5589    1.7266]

network.2.bias (shape: (1,)):
  [  0.4378]

