====================================
Running wopt with seed = 30
====================================
[wopt]
[wopt] Train Loss: 0.0927, Val Loss: 0.1599, Test Loss: 0.1784
[wopt] Train R^2 : 0.9073, Val R^2 : 0.8842, Test R^2 : 0.4804
[wopt] Train MAE : 1.2796, Val MAE : 1.6342, Test MAE : 1.9844
[wopt] Train RMSE: 1.6572, Val RMSE: 2.1764, Test RMSE: 2.2986

Model Parameters:

network.0.weight (shape: (3, 6)):
  [  0.2425    0.3794   -0.1137    0.1578    0.0111    0.2110]
  [ -0.0237    0.6219   -0.3853   -0.3012   -0.1433    0.3056]
  [ -0.0721    0.0291   -0.1755    0.1556    0.5994    0.0616]

network.0.bias (shape: (3,)):
  [ -0.9401    1.6486   -0.1869]

network.2.weight (shape: (1, 3)):
  [ -1.2530   -1.4431    1.0034]

network.2.bias (shape: (1,)):
  [  0.5344]

====================================
Running wopt with seed = 31
====================================
[wopt]
[wopt] Train Loss: 0.0964, Val Loss: 0.1717, Test Loss: 0.1297
[wopt] Train R^2 : 0.9036, Val R^2 : 0.8757, Test R^2 : 0.6222
[wopt] Train MAE : 1.3044, Val MAE : 1.6720, Test MAE : 1.7600
[wopt] Train RMSE: 1.6899, Val RMSE: 2.2550, Test RMSE: 1.9600

Model Parameters:

network.0.weight (shape: (3, 6)):
  [ -0.2249    0.0053   -0.2216    0.5510    0.3038    0.0527]
  [ -0.1282   -0.5098    0.2136   -0.3066    0.0573   -0.2844]
  [  0.0988   -0.6685    0.1304    0.2835    0.2348   -0.2997]

network.0.bias (shape: (3,)):
  [  0.3167    0.6912   -1.4189]

network.2.weight (shape: (1, 3)):
  [  1.2451    0.9008    1.3904]

network.2.bias (shape: (1,)):
  [  0.4950]

====================================
Running wopt with seed = 32
====================================
[wopt]
[wopt] Train Loss: 0.0974, Val Loss: 0.1647, Test Loss: 0.2001
[wopt] Train R^2 : 0.9026, Val R^2 : 0.8808, Test R^2 : 0.4169
[wopt] Train MAE : 1.2391, Val MAE : 1.5849, Test MAE : 2.1779
[wopt] Train RMSE: 1.6990, Val RMSE: 2.2085, Test RMSE: 2.4348

Model Parameters:

network.0.weight (shape: (3, 6)):
  [  0.1695   -0.6571    0.2916    0.1984    0.3640   -0.1397]
  [ -0.0421   -0.2371    0.0545   -0.6083   -0.2051    0.9668]
  [  0.2693    0.3716    0.0435    0.1232   -0.3016   -0.0198]

network.0.bias (shape: (3,)):
  [ -1.6830    0.4177   -0.8408]

network.2.weight (shape: (1, 3)):
  [  1.6948   -0.5132   -1.4929]

network.2.bias (shape: (1,)):
  [  0.6102]

====================================
Running wopt with seed = 33
====================================
[wopt]
[wopt] Train Loss: 0.0674, Val Loss: 0.1410, Test Loss: 0.1047
[wopt] Train R^2 : 0.9326, Val R^2 : 0.8979, Test R^2 : 0.6950
[wopt] Train MAE : 1.0945, Val MAE : 1.5136, Test MAE : 1.4611
[wopt] Train RMSE: 1.4132, Val RMSE: 2.0439, Test RMSE: 1.7609

Model Parameters:

network.0.weight (shape: (3, 6)):
  [ -0.1309   -0.4490    0.1443   -0.1235    0.2540   -0.2865]
  [  0.2750   -0.8872    0.5131    0.3214    0.2758   -0.3911]
  [  0.0527   -0.4507   -0.1992   -2.1465   -0.2244   -0.1486]

network.0.bias (shape: (3,)):
  [  0.6192   -2.4385   -0.9935]

network.2.weight (shape: (1, 3)):
  [  1.1090    1.8626   -0.8534]

network.2.bias (shape: (1,)):
  [  1.0683]

====================================
Running wopt with seed = 51
====================================
[wopt]
[wopt] Train Loss: 0.0960, Val Loss: 0.1677, Test Loss: 0.0685
[wopt] Train R^2 : 0.9040, Val R^2 : 0.8786, Test R^2 : 0.8005
[wopt] Train MAE : 1.2786, Val MAE : 1.6400, Test MAE : 1.2105
[wopt] Train RMSE: 1.6862, Val RMSE: 2.2286, Test RMSE: 1.4243

Model Parameters:

network.0.weight (shape: (3, 6)):
  [  0.2313   -0.0887    0.1923   -0.0457    0.6237   -0.2307]
  [  0.1780   -0.5606    0.4495    0.0810   -0.1218   -0.2519]
  [ -0.4510    0.5743   -0.3439    0.8675    0.0726    0.1362]

network.0.bias (shape: (3,)):
  [ -0.5162   -0.4753    0.7364]

network.2.weight (shape: (1, 3)):
  [  1.2403    1.4551    1.1644]

network.2.bias (shape: (1,)):
  [  0.5046]

====================================
Running wopt with seed = 70
====================================
[wopt]
[wopt] Train Loss: 0.0927, Val Loss: 0.1677, Test Loss: 0.0654
[wopt] Train R^2 : 0.9073, Val R^2 : 0.8786, Test R^2 : 0.8093
[wopt] Train MAE : 1.2669, Val MAE : 1.6587, Test MAE : 1.1902
[wopt] Train RMSE: 1.6569, Val RMSE: 2.2290, Test RMSE: 1.3924

Model Parameters:

network.0.weight (shape: (3, 6)):
  [  0.0753   -0.2769   -0.0670   -0.0122    0.5807   -0.2314]
  [ -0.2103    0.5443   -0.4694   -0.0626    0.1610    0.2607]
  [ -0.5189    0.3471   -0.6059    0.6913    0.1808    0.1718]

network.0.bias (shape: (3,)):
  [ -0.5537    0.4478    0.7287]

network.2.weight (shape: (1, 3)):
  [  1.2119   -1.6748    1.4195]

network.2.bias (shape: (1,)):
  [  0.4537]

====================================
Running wopt with seed = 90
====================================
[wopt]
[wopt] Train Loss: 0.0817, Val Loss: 0.1577, Test Loss: 0.0881
[wopt] Train R^2 : 0.9183, Val R^2 : 0.8858, Test R^2 : 0.7433
[wopt] Train MAE : 1.1947, Val MAE : 1.5619, Test MAE : 1.3270
[wopt] Train RMSE: 1.5555, Val RMSE: 2.1614, Test RMSE: 1.6155

Model Parameters:

network.0.weight (shape: (3, 6)):
  [ -0.2166    0.4798   -0.2718   -0.3334   -0.2498    0.4902]
  [ -0.0396    1.0725   -0.2593    1.0176   -0.4991   -0.0408]
  [  0.1878   -0.3738   -0.0933   -0.9659   -0.1170    0.1001]

network.0.bias (shape: (3,)):
  [  1.1804   -1.1198   -0.5621]

network.2.weight (shape: (1, 3)):
  [ -1.5113   -0.7766   -1.4579]

network.2.bias (shape: (1,)):
  [  0.2694]

====================================
Running wopt with seed = 99
====================================
[wopt]
[wopt] Train Loss: 0.0894, Val Loss: 0.1625, Test Loss: 0.1990
[wopt] Train R^2 : 0.9106, Val R^2 : 0.8824, Test R^2 : 0.4202
[wopt] Train MAE : 1.2457, Val MAE : 1.6379, Test MAE : 2.1795
[wopt] Train RMSE: 1.6275, Val RMSE: 2.1937, Test RMSE: 2.4279

Model Parameters:

network.0.weight (shape: (3, 6)):
  [ -0.1090    0.8800   -0.0102   -0.3136   -0.2218    0.2429]
  [  0.3003    0.4356   -0.2429    0.2511    0.1035    0.4772]
  [  0.0480    0.2691    0.3432    0.1420    0.4322    0.0778]

network.0.bias (shape: (3,)):
  [  1.7049   -0.9023   -0.0082]

network.2.weight (shape: (1, 3)):
  [ -1.5778   -0.7071    1.1838]

network.2.bias (shape: (1,)):
  [  0.9857]

====================================
Running wopt with seed = 300
====================================
[wopt]
[wopt] Train Loss: 0.1062, Val Loss: 0.1631, Test Loss: 0.0939
[wopt] Train R^2 : 0.8938, Val R^2 : 0.8819, Test R^2 : 0.7263
[wopt] Train MAE : 1.3340, Val MAE : 1.6038, Test MAE : 1.4425
[wopt] Train RMSE: 1.7734, Val RMSE: 2.1981, Test RMSE: 1.6682

Model Parameters:

network.0.weight (shape: (3, 6)):
  [ -0.1295    0.2851   -0.1096    0.9277    0.4225    0.1592]
  [ -0.0671   -0.2969    0.2050   -0.0179   -0.0344   -0.2506]
  [  0.2061   -0.5939    0.2408    0.1671    0.4573   -0.2159]

network.0.bias (shape: (3,)):
  [  0.3894    0.2537   -1.4907]

network.2.weight (shape: (1, 3)):
  [  1.0127    1.4481    0.9898]

network.2.bias (shape: (1,)):
  [  0.4077]

====================================
Running wopt with seed = 310
====================================
[wopt]
[wopt] Train Loss: 0.0753, Val Loss: 0.1378, Test Loss: 0.0547
[wopt] Train R^2 : 0.9247, Val R^2 : 0.9002, Test R^2 : 0.8406
[wopt] Train MAE : 1.1762, Val MAE : 1.4549, Test MAE : 0.9280
[wopt] Train RMSE: 1.4933, Val RMSE: 2.0203, Test RMSE: 1.2729

Model Parameters:

network.0.weight (shape: (3, 6)):
  [  0.0011   -0.7048   -0.0975    0.3984    0.1715   -0.3790]
  [  0.2145   -0.3458   -0.0097   -2.5033   -0.1122    0.0579]
  [ -0.1929    0.3848   -0.6508    0.7055   -0.3778    0.1071]

network.0.bias (shape: (3,)):
  [ -1.3638   -1.1797   -0.5993]

network.2.weight (shape: (1, 3)):
  [  1.6704   -1.2409   -0.8826]

network.2.bias (shape: (1,)):
  [  0.6907]

====================================
Running wopt with seed = 320
====================================
[wopt]
[wopt] Train Loss: 0.0928, Val Loss: 0.1712, Test Loss: 0.2102
[wopt] Train R^2 : 0.9072, Val R^2 : 0.8761, Test R^2 : 0.3877
[wopt] Train MAE : 1.2563, Val MAE : 1.6748, Test MAE : 2.2107
[wopt] Train RMSE: 1.6581, Val RMSE: 2.2517, Test RMSE: 2.4951

Model Parameters:

network.0.weight (shape: (3, 6)):
  [  0.2288   -0.3077    0.5451    0.3384    0.0996   -0.3555]
  [ -0.1108   -0.1051    0.1405    0.4053    0.4967   -0.0660]
  [  0.2986    0.4188   -0.3399    1.0677   -0.6141    0.2321]

network.0.bias (shape: (3,)):
  [ -1.4753   -0.7928   -1.4910]

network.2.weight (shape: (1, 3)):
  [  1.0349    1.3211   -0.9109]

network.2.bias (shape: (1,)):
  [  0.9188]

====================================
Running wopt with seed = 330
====================================
[wopt]
[wopt] Train Loss: 0.0948, Val Loss: 0.1906, Test Loss: 0.2713
[wopt] Train R^2 : 0.9052, Val R^2 : 0.8620, Test R^2 : 0.2095
[wopt] Train MAE : 1.3031, Val MAE : 1.7153, Test MAE : 2.5302
[wopt] Train RMSE: 1.6760, Val RMSE: 2.3761, Test RMSE: 2.8351

Model Parameters:

network.0.weight (shape: (3, 6)):
  [ -0.4580    0.4428   -0.8698   -0.9331    0.6517    0.1900]
  [ -0.1272   -0.0854    0.1852   -0.1054    0.4167   -0.5842]
  [ -0.3579   -0.4760    0.3846    0.0783    1.0804    1.3512]

network.0.bias (shape: (3,)):
  [  1.9852    0.5358   -1.1983]

network.2.weight (shape: (1, 3)):
  [ -1.0088    1.2923    0.8261]

network.2.bias (shape: (1,)):
  [  0.7553]

====================================
Running wopt with seed = 510
====================================
[wopt]
[wopt] Train Loss: 0.0997, Val Loss: 0.1613, Test Loss: 0.1611
[wopt] Train R^2 : 0.9003, Val R^2 : 0.8832, Test R^2 : 0.5306
[wopt] Train MAE : 1.3085, Val MAE : 1.6339, Test MAE : 1.8561
[wopt] Train RMSE: 1.7185, Val RMSE: 2.1862, Test RMSE: 2.1847

Model Parameters:

network.0.weight (shape: (3, 6)):
  [  0.0665    0.5413   -0.3385   -0.3424   -0.1196    0.2746]
  [  0.3907    0.5490   -0.4081    0.4323    0.1667    0.3470]
  [  0.1063   -0.0614    0.1442   -0.1122   -0.7807    0.0107]

network.0.bias (shape: (3,)):
  [  1.3876   -1.1402    0.3227]

network.2.weight (shape: (1, 3)):
  [ -1.3999   -0.6404   -0.8962]

network.2.bias (shape: (1,)):
  [  0.8915]

====================================
Running wopt with seed = 700
====================================
[wopt]
[wopt] Train Loss: 0.0767, Val Loss: 0.1473, Test Loss: 0.0615
[wopt] Train R^2 : 0.9233, Val R^2 : 0.8933, Test R^2 : 0.8208
[wopt] Train MAE : 1.2006, Val MAE : 1.5307, Test MAE : 1.1355
[wopt] Train RMSE: 1.5077, Val RMSE: 2.0890, Test RMSE: 1.3497

Model Parameters:

network.0.weight (shape: (3, 6)):
  [  0.1872   -0.2320    0.0254   -1.8593   -0.1906   -0.0423]
  [  0.2085   -0.5495    0.2821    0.4256    0.1986   -0.3119]
  [  0.0125   -0.4969    0.2370   -0.3790    0.1455   -0.2618]

network.0.bias (shape: (3,)):
  [ -0.9077   -1.7397    0.3501]

network.2.weight (shape: (1, 3)):
  [ -1.3505    1.5704    1.0484]

network.2.bias (shape: (1,)):
  [  0.7888]

====================================
Running wopt with seed = 900
====================================
[wopt]
[wopt] Train Loss: 0.0828, Val Loss: 0.1453, Test Loss: 0.3139
[wopt] Train R^2 : 0.9172, Val R^2 : 0.8948, Test R^2 : 0.0855
[wopt] Train MAE : 1.1909, Val MAE : 1.5534, Test MAE : 2.4789
[wopt] Train RMSE: 1.5657, Val RMSE: 2.0745, Test RMSE: 3.0493

Model Parameters:

network.0.weight (shape: (3, 6)):
  [  0.1480    0.3899   -0.2529    0.9694   -0.8658    0.4271]
  [  0.1793    0.1056    0.1962   -0.7898    0.1955   -0.1688]
  [  0.0030    0.8363   -0.2400    0.3666   -1.1459    0.1145]

network.0.bias (shape: (3,)):
  [ -1.1553    0.1668    1.8357]

network.2.weight (shape: (1, 3)):
  [ -1.1940   -1.4621   -1.1540]

network.2.bias (shape: (1,)):
  [  0.5643]

====================================
Running wopt with seed = 990
====================================
[wopt]
[wopt] Train Loss: 0.0940, Val Loss: 0.1682, Test Loss: 0.0589
[wopt] Train R^2 : 0.9060, Val R^2 : 0.8782, Test R^2 : 0.8284
[wopt] Train MAE : 1.2729, Val MAE : 1.6266, Test MAE : 1.2060
[wopt] Train RMSE: 1.6685, Val RMSE: 2.2320, Test RMSE: 1.3209

Model Parameters:

network.0.weight (shape: (3, 6)):
  [ -0.5596    0.3392   -0.6119    1.2926   -0.0009    0.1583]
  [ -0.3989    0.6086   -0.8264   -0.0301    0.1665    0.3417]
  [ -0.2123    0.1547   -0.2221    0.0375   -0.5601    0.2615]

network.0.bias (shape: (3,)):
  [  0.9146    0.4699    0.3903]

network.2.weight (shape: (1, 3)):
  [  1.3613   -1.1328   -1.3706]

network.2.bias (shape: (1,)):
  [  0.1661]

